[0.095s] Invoking command in '/home/xander/firmware_overall/ros2_wk/build/firmware_interfaces': CMAKE_PREFIX_PATH=${CMAKE_PREFIX_PATH}:/home/xander/ros2_ws/install/my_py_pkg:/opt/ros/humble /usr/bin/cmake --build /home/xander/firmware_overall/ros2_wk/build/firmware_interfaces -- -j6 -l6
[0.202s] Invoked command in '/home/xander/firmware_overall/ros2_wk/build/firmware_interfaces' returned '0': CMAKE_PREFIX_PATH=${CMAKE_PREFIX_PATH}:/home/xander/ros2_ws/install/my_py_pkg:/opt/ros/humble /usr/bin/cmake --build /home/xander/firmware_overall/ros2_wk/build/firmware_interfaces -- -j6 -l6
[0.297s] Invoking command in '/home/xander/firmware_overall/ros2_wk/build/firmware_interfaces': CMAKE_PREFIX_PATH=${CMAKE_PREFIX_PATH}:/home/xander/ros2_ws/install/my_py_pkg:/opt/ros/humble /usr/bin/cmake --install /home/xander/firmware_overall/ros2_wk/build/firmware_interfaces
[0.344s] -- Install configuration: ""
[0.344s] -- Up-to-date: /home/xander/firmware_overall/ros2_wk/install/firmware_interfaces/share/ament_index/resource_index/package_run_dependencies/firmware_interfaces
[0.345s] -- Up-to-date: /home/xander/firmware_overall/ros2_wk/install/firmware_interfaces/share/ament_index/resource_index/parent_prefix_path/firmware_interfaces
[0.345s] -- Up-to-date: /home/xander/firmware_overall/ros2_wk/install/firmware_interfaces/share/firmware_interfaces/environment/ament_prefix_path.sh
[0.347s] -- Up-to-date: /home/xander/firmware_overall/ros2_wk/install/firmware_interfaces/share/firmware_interfaces/environment/ament_prefix_path.dsv
[0.348s] -- Up-to-date: /home/xander/firmware_overall/ros2_wk/install/firmware_interfaces/share/firmware_interfaces/environment/path.sh
[0.348s] -- Up-to-date: /home/xander/firmware_overall/ros2_wk/install/firmware_interfaces/share/firmware_interfaces/environment/path.dsv
[0.348s] -- Up-to-date: /home/xander/firmware_overall/ros2_wk/install/firmware_interfaces/share/firmware_interfaces/local_setup.bash
[0.348s] -- Up-to-date: /home/xander/firmware_overall/ros2_wk/install/firmware_interfaces/share/firmware_interfaces/local_setup.sh
[0.348s] -- Up-to-date: /home/xander/firmware_overall/ros2_wk/install/firmware_interfaces/share/firmware_interfaces/local_setup.zsh
[0.348s] -- Up-to-date: /home/xander/firmware_overall/ros2_wk/install/firmware_interfaces/share/firmware_interfaces/local_setup.dsv
[0.348s] -- Up-to-date: /home/xander/firmware_overall/ros2_wk/install/firmware_interfaces/share/firmware_interfaces/package.dsv
[0.348s] -- Up-to-date: /home/xander/firmware_overall/ros2_wk/install/firmware_interfaces/share/ament_index/resource_index/packages/firmware_interfaces
[0.348s] -- Up-to-date: /home/xander/firmware_overall/ros2_wk/install/firmware_interfaces/share/firmware_interfaces/cmake/firmware_interfacesConfig.cmake
[0.348s] -- Up-to-date: /home/xander/firmware_overall/ros2_wk/install/firmware_interfaces/share/firmware_interfaces/cmake/firmware_interfacesConfig-version.cmake
[0.348s] -- Up-to-date: /home/xander/firmware_overall/ros2_wk/install/firmware_interfaces/share/firmware_interfaces/package.xml
[0.365s] Invoked command in '/home/xander/firmware_overall/ros2_wk/build/firmware_interfaces' returned '0': CMAKE_PREFIX_PATH=${CMAKE_PREFIX_PATH}:/home/xander/ros2_ws/install/my_py_pkg:/opt/ros/humble /usr/bin/cmake --install /home/xander/firmware_overall/ros2_wk/build/firmware_interfaces
