[0.046s] Invoking command in '/home/xander/firmware_overall/ros2_wk/build/mux': CMAKE_PREFIX_PATH=${CMAKE_PREFIX_PATH}:/home/xander/ros2_ws/install/my_py_pkg:/opt/ros/humble /usr/bin/cmake --build /home/xander/firmware_overall/ros2_wk/build/mux -- -j6 -l6
[0.085s] -- Found ament_cmake: 1.3.10 (/opt/ros/humble/share/ament_cmake/cmake)
[0.272s] -- Found rclcpp: 16.0.10 (/opt/ros/humble/share/rclcpp/cmake)
[0.298s] -- Found rosidl_generator_c: 3.1.5 (/opt/ros/humble/share/rosidl_generator_c/cmake)
[0.302s] -- Found rosidl_adapter: 3.1.5 (/opt/ros/humble/share/rosidl_adapter/cmake)
[0.307s] -- Found rosidl_generator_cpp: 3.1.5 (/opt/ros/humble/share/rosidl_generator_cpp/cmake)
[0.320s] -- Using all available rosidl_typesupport_c: rosidl_typesupport_fastrtps_c;rosidl_typesupport_introspection_c
[0.329s] -- Using all available rosidl_typesupport_cpp: rosidl_typesupport_fastrtps_cpp;rosidl_typesupport_introspection_cpp
[0.391s] -- Found rmw_implementation_cmake: 6.1.2 (/opt/ros/humble/share/rmw_implementation_cmake/cmake)
[0.411s] -- Found rmw_fastrtps_cpp: 6.2.7 (/opt/ros/humble/share/rmw_fastrtps_cpp/cmake)
[0.485s] -- Using RMW implementation 'rmw_fastrtps_cpp' as default
[0.536s] -- Found ament_lint_auto: 0.12.11 (/opt/ros/humble/share/ament_lint_auto/cmake)
[0.609s] -- Added test 'cppcheck' to perform static code analysis on C / C++ code
[0.609s] -- Configured cppcheck include dirs: 
[0.609s] -- Configured cppcheck exclude dirs and/or files: 
[0.609s] -- Added test 'lint_cmake' to check CMake code style
[0.609s] -- Added test 'uncrustify' to check C / C++ code style
[0.610s] -- Configured uncrustify additional arguments: 
[0.610s] -- Added test 'xmllint' to check XML markup files
[0.610s] -- Configuring done
[0.618s] -- Generating done
[0.621s] -- Build files have been written to: /home/xander/firmware_overall/ros2_wk/build/mux
[0.678s] [ 50%] [32mBuilding CXX object CMakeFiles/mux.dir/src/mux.cpp.o[0m
[0.783s] [01m[K/home/xander/firmware_overall/ros2_wk/src/mux/src/mux.cpp:3:10:[m[K [01;31m[Kfatal error: [m[Kgeometry_msgs/msg/twist.hpp: No such file or directory
[0.783s]     3 | #include [01;31m[K"geometry_msgs/msg/twist.hpp"[m[K
[0.783s]       |          [01;31m[K^~~~~~~~~~~~~~~~~~~~~~~~~~~~~[m[K
[0.783s] compilation terminated.
[0.784s] gmake[2]: *** [CMakeFiles/mux.dir/build.make:76: CMakeFiles/mux.dir/src/mux.cpp.o] Error 1
[0.784s] gmake[1]: *** [CMakeFiles/Makefile2:137: CMakeFiles/mux.dir/all] Error 2
[0.785s] gmake: *** [Makefile:146: all] Error 2
[0.788s] Invoked command in '/home/xander/firmware_overall/ros2_wk/build/mux' returned '2': CMAKE_PREFIX_PATH=${CMAKE_PREFIX_PATH}:/home/xander/ros2_ws/install/my_py_pkg:/opt/ros/humble /usr/bin/cmake --build /home/xander/firmware_overall/ros2_wk/build/mux -- -j6 -l6
