[0.076s] DEBUG:colcon:Command line arguments: ['/usr/bin/colcon', 'build']
[0.076s] DEBUG:colcon:Parsed command line arguments: Namespace(log_base=None, log_level=None, verb_name='build', build_base='build', install_base='install', merge_install=False, symlink_install=False, test_result_base=None, continue_on_error=False, executor='parallel', parallel_workers=6, event_handlers=None, ignore_user_meta=False, metas=['./colcon.meta'], base_paths=['.'], packages_ignore=None, packages_ignore_regex=None, paths=None, packages_up_to=None, packages_up_to_regex=None, packages_above=None, packages_above_and_dependencies=None, packages_above_depth=None, packages_select_by_dep=None, packages_skip_by_dep=None, packages_skip_up_to=None, packages_select_build_failed=False, packages_skip_build_finished=False, packages_select_test_failures=False, packages_skip_test_passed=False, packages_select=None, packages_skip=None, packages_select_regex=None, packages_skip_regex=None, packages_start=None, packages_end=None, allow_overriding=[], cmake_args=None, cmake_target=None, cmake_target_skip_unavailable=False, cmake_clean_cache=False, cmake_clean_first=False, cmake_force_configure=False, ament_cmake_args=None, catkin_cmake_args=None, catkin_skip_building_tests=False, verb_parser=<colcon_defaults.argument_parser.defaults.DefaultArgumentsDecorator object at 0x7782f6f17e80>, verb_extension=<colcon_core.verb.build.BuildVerb object at 0x7782f6f17580>, main=<bound method BuildVerb.main of <colcon_core.verb.build.BuildVerb object at 0x7782f6f17580>>)
[0.158s] Level 1:colcon.colcon_core.package_discovery:discover_packages(colcon_meta) check parameters
[0.158s] Level 1:colcon.colcon_core.package_discovery:discover_packages(recursive) check parameters
[0.158s] Level 1:colcon.colcon_core.package_discovery:discover_packages(ignore) check parameters
[0.158s] Level 1:colcon.colcon_core.package_discovery:discover_packages(path) check parameters
[0.158s] Level 1:colcon.colcon_core.package_discovery:discover_packages(colcon_meta) discover
[0.158s] Level 1:colcon.colcon_core.package_discovery:discover_packages(recursive) discover
[0.158s] INFO:colcon.colcon_core.package_discovery:Crawling recursively for packages in '/home/xander/firmware_overall/ros2_wk'
[0.158s] Level 1:colcon.colcon_core.package_identification:_identify(.) by extensions ['ignore', 'ignore_ament_install']
[0.159s] Level 1:colcon.colcon_core.package_identification:_identify(.) by extension 'ignore'
[0.159s] Level 1:colcon.colcon_core.package_identification:_identify(.) by extension 'ignore_ament_install'
[0.159s] Level 1:colcon.colcon_core.package_identification:_identify(.) by extensions ['colcon_pkg']
[0.159s] Level 1:colcon.colcon_core.package_identification:_identify(.) by extension 'colcon_pkg'
[0.159s] Level 1:colcon.colcon_core.package_identification:_identify(.) by extensions ['colcon_meta']
[0.159s] Level 1:colcon.colcon_core.package_identification:_identify(.) by extension 'colcon_meta'
[0.159s] Level 1:colcon.colcon_core.package_identification:_identify(.) by extensions ['ros']
[0.159s] Level 1:colcon.colcon_core.package_identification:_identify(.) by extension 'ros'
[0.165s] Level 1:colcon.colcon_core.package_identification:_identify(.) by extensions ['cmake', 'python']
[0.165s] Level 1:colcon.colcon_core.package_identification:_identify(.) by extension 'cmake'
[0.165s] Level 1:colcon.colcon_core.package_identification:_identify(.) by extension 'python'
[0.165s] Level 1:colcon.colcon_core.package_identification:_identify(.) by extensions ['python_setup_py']
[0.165s] Level 1:colcon.colcon_core.package_identification:_identify(.) by extension 'python_setup_py'
[0.165s] Level 1:colcon.colcon_core.package_identification:_identify(build) by extensions ['ignore', 'ignore_ament_install']
[0.165s] Level 1:colcon.colcon_core.package_identification:_identify(build) by extension 'ignore'
[0.165s] Level 1:colcon.colcon_core.package_identification:_identify(build) ignored
[0.166s] Level 1:colcon.colcon_core.package_identification:_identify(install) by extensions ['ignore', 'ignore_ament_install']
[0.166s] Level 1:colcon.colcon_core.package_identification:_identify(install) by extension 'ignore'
[0.166s] Level 1:colcon.colcon_core.package_identification:_identify(install) ignored
[0.166s] Level 1:colcon.colcon_core.package_identification:_identify(log) by extensions ['ignore', 'ignore_ament_install']
[0.166s] Level 1:colcon.colcon_core.package_identification:_identify(log) by extension 'ignore'
[0.166s] Level 1:colcon.colcon_core.package_identification:_identify(log) ignored
[0.166s] Level 1:colcon.colcon_core.package_identification:_identify(src) by extensions ['ignore', 'ignore_ament_install']
[0.167s] Level 1:colcon.colcon_core.package_identification:_identify(src) by extension 'ignore'
[0.167s] Level 1:colcon.colcon_core.package_identification:_identify(src) by extension 'ignore_ament_install'
[0.167s] Level 1:colcon.colcon_core.package_identification:_identify(src) by extensions ['colcon_pkg']
[0.167s] Level 1:colcon.colcon_core.package_identification:_identify(src) by extension 'colcon_pkg'
[0.167s] Level 1:colcon.colcon_core.package_identification:_identify(src) by extensions ['colcon_meta']
[0.167s] Level 1:colcon.colcon_core.package_identification:_identify(src) by extension 'colcon_meta'
[0.167s] Level 1:colcon.colcon_core.package_identification:_identify(src) by extensions ['ros']
[0.167s] Level 1:colcon.colcon_core.package_identification:_identify(src) by extension 'ros'
[0.167s] Level 1:colcon.colcon_core.package_identification:_identify(src) by extensions ['cmake', 'python']
[0.167s] Level 1:colcon.colcon_core.package_identification:_identify(src) by extension 'cmake'
[0.167s] Level 1:colcon.colcon_core.package_identification:_identify(src) by extension 'python'
[0.167s] Level 1:colcon.colcon_core.package_identification:_identify(src) by extensions ['python_setup_py']
[0.167s] Level 1:colcon.colcon_core.package_identification:_identify(src) by extension 'python_setup_py'
[0.167s] Level 1:colcon.colcon_core.package_identification:_identify(src/arbiter) by extensions ['ignore', 'ignore_ament_install']
[0.167s] Level 1:colcon.colcon_core.package_identification:_identify(src/arbiter) by extension 'ignore'
[0.167s] Level 1:colcon.colcon_core.package_identification:_identify(src/arbiter) by extension 'ignore_ament_install'
[0.168s] Level 1:colcon.colcon_core.package_identification:_identify(src/arbiter) by extensions ['colcon_pkg']
[0.168s] Level 1:colcon.colcon_core.package_identification:_identify(src/arbiter) by extension 'colcon_pkg'
[0.168s] Level 1:colcon.colcon_core.package_identification:_identify(src/arbiter) by extensions ['colcon_meta']
[0.168s] Level 1:colcon.colcon_core.package_identification:_identify(src/arbiter) by extension 'colcon_meta'
[0.168s] Level 1:colcon.colcon_core.package_identification:_identify(src/arbiter) by extensions ['ros']
[0.168s] Level 1:colcon.colcon_core.package_identification:_identify(src/arbiter) by extension 'ros'
[0.169s] DEBUG:colcon.colcon_core.package_identification:Package 'src/arbiter' with type 'ros.ament_cmake' and name 'arbiter'
[0.169s] Level 1:colcon.colcon_core.package_identification:_identify(src/firmware_interfaces) by extensions ['ignore', 'ignore_ament_install']
[0.169s] Level 1:colcon.colcon_core.package_identification:_identify(src/firmware_interfaces) by extension 'ignore'
[0.169s] Level 1:colcon.colcon_core.package_identification:_identify(src/firmware_interfaces) by extension 'ignore_ament_install'
[0.169s] Level 1:colcon.colcon_core.package_identification:_identify(src/firmware_interfaces) by extensions ['colcon_pkg']
[0.169s] Level 1:colcon.colcon_core.package_identification:_identify(src/firmware_interfaces) by extension 'colcon_pkg'
[0.169s] Level 1:colcon.colcon_core.package_identification:_identify(src/firmware_interfaces) by extensions ['colcon_meta']
[0.169s] Level 1:colcon.colcon_core.package_identification:_identify(src/firmware_interfaces) by extension 'colcon_meta'
[0.169s] Level 1:colcon.colcon_core.package_identification:_identify(src/firmware_interfaces) by extensions ['ros']
[0.169s] Level 1:colcon.colcon_core.package_identification:_identify(src/firmware_interfaces) by extension 'ros'
[0.170s] DEBUG:colcon.colcon_core.package_identification:Package 'src/firmware_interfaces' with type 'ros.ament_cmake' and name 'firmware_interfaces'
[0.170s] Level 1:colcon.colcon_core.package_identification:_identify(src/mux) by extensions ['ignore', 'ignore_ament_install']
[0.170s] Level 1:colcon.colcon_core.package_identification:_identify(src/mux) by extension 'ignore'
[0.170s] Level 1:colcon.colcon_core.package_identification:_identify(src/mux) by extension 'ignore_ament_install'
[0.170s] Level 1:colcon.colcon_core.package_identification:_identify(src/mux) by extensions ['colcon_pkg']
[0.170s] Level 1:colcon.colcon_core.package_identification:_identify(src/mux) by extension 'colcon_pkg'
[0.170s] Level 1:colcon.colcon_core.package_identification:_identify(src/mux) by extensions ['colcon_meta']
[0.170s] Level 1:colcon.colcon_core.package_identification:_identify(src/mux) by extension 'colcon_meta'
[0.170s] Level 1:colcon.colcon_core.package_identification:_identify(src/mux) by extensions ['ros']
[0.170s] Level 1:colcon.colcon_core.package_identification:_identify(src/mux) by extension 'ros'
[0.170s] DEBUG:colcon.colcon_core.package_identification:Package 'src/mux' with type 'ros.ament_cmake' and name 'mux'
[0.171s] Level 1:colcon.colcon_core.package_identification:_identify(src/test_publishers) by extensions ['ignore', 'ignore_ament_install']
[0.171s] Level 1:colcon.colcon_core.package_identification:_identify(src/test_publishers) by extension 'ignore'
[0.171s] Level 1:colcon.colcon_core.package_identification:_identify(src/test_publishers) by extension 'ignore_ament_install'
[0.171s] Level 1:colcon.colcon_core.package_identification:_identify(src/test_publishers) by extensions ['colcon_pkg']
[0.171s] Level 1:colcon.colcon_core.package_identification:_identify(src/test_publishers) by extension 'colcon_pkg'
[0.171s] Level 1:colcon.colcon_core.package_identification:_identify(src/test_publishers) by extensions ['colcon_meta']
[0.171s] Level 1:colcon.colcon_core.package_identification:_identify(src/test_publishers) by extension 'colcon_meta'
[0.171s] Level 1:colcon.colcon_core.package_identification:_identify(src/test_publishers) by extensions ['ros']
[0.171s] Level 1:colcon.colcon_core.package_identification:_identify(src/test_publishers) by extension 'ros'
[0.171s] DEBUG:colcon.colcon_core.package_identification:Package 'src/test_publishers' with type 'ros.ament_cmake' and name 'test_publishers'
[0.171s] Level 1:colcon.colcon_core.package_discovery:discover_packages(recursive) using defaults
[0.171s] Level 1:colcon.colcon_core.package_discovery:discover_packages(ignore) discover
[0.171s] Level 1:colcon.colcon_core.package_discovery:discover_packages(ignore) using defaults
[0.171s] Level 1:colcon.colcon_core.package_discovery:discover_packages(path) discover
[0.171s] Level 1:colcon.colcon_core.package_discovery:discover_packages(path) using defaults
[0.183s] Level 1:colcon.colcon_core.package_discovery:discover_packages(prefix_path) check parameters
[0.183s] Level 1:colcon.colcon_core.package_discovery:discover_packages(prefix_path) discover
[0.184s] DEBUG:colcon.colcon_installed_package_information.package_discovery:Found 2 installed packages in /home/xander/ros2_ws/install
[0.184s] DEBUG:colcon.colcon_installed_package_information.package_discovery:Found 5 installed packages in /home/xander/firmware_overall/ros2_wk/install
[0.185s] DEBUG:colcon.colcon_installed_package_information.package_discovery:Found 270 installed packages in /opt/ros/humble
[0.186s] Level 1:colcon.colcon_core.package_discovery:discover_packages(prefix_path) using defaults
[0.226s] Level 5:colcon.colcon_core.verb:set package 'arbiter' build argument 'cmake_args' from command line to 'None'
[0.227s] Level 5:colcon.colcon_core.verb:set package 'arbiter' build argument 'cmake_target' from command line to 'None'
[0.227s] Level 5:colcon.colcon_core.verb:set package 'arbiter' build argument 'cmake_target_skip_unavailable' from command line to 'False'
[0.227s] Level 5:colcon.colcon_core.verb:set package 'arbiter' build argument 'cmake_clean_cache' from command line to 'False'
[0.227s] Level 5:colcon.colcon_core.verb:set package 'arbiter' build argument 'cmake_clean_first' from command line to 'False'
[0.227s] Level 5:colcon.colcon_core.verb:set package 'arbiter' build argument 'cmake_force_configure' from command line to 'False'
[0.227s] Level 5:colcon.colcon_core.verb:set package 'arbiter' build argument 'ament_cmake_args' from command line to 'None'
[0.227s] Level 5:colcon.colcon_core.verb:set package 'arbiter' build argument 'catkin_cmake_args' from command line to 'None'
[0.227s] Level 5:colcon.colcon_core.verb:set package 'arbiter' build argument 'catkin_skip_building_tests' from command line to 'False'
[0.227s] DEBUG:colcon.colcon_core.verb:Building package 'arbiter' with the following arguments: {'ament_cmake_args': None, 'build_base': '/home/xander/firmware_overall/ros2_wk/build/arbiter', 'catkin_cmake_args': None, 'catkin_skip_building_tests': False, 'cmake_args': None, 'cmake_clean_cache': False, 'cmake_clean_first': False, 'cmake_force_configure': False, 'cmake_target': None, 'cmake_target_skip_unavailable': False, 'install_base': '/home/xander/firmware_overall/ros2_wk/install/arbiter', 'merge_install': False, 'path': '/home/xander/firmware_overall/ros2_wk/src/arbiter', 'symlink_install': False, 'test_result_base': None}
[0.227s] Level 5:colcon.colcon_core.verb:set package 'firmware_interfaces' build argument 'cmake_args' from command line to 'None'
[0.227s] Level 5:colcon.colcon_core.verb:set package 'firmware_interfaces' build argument 'cmake_target' from command line to 'None'
[0.227s] Level 5:colcon.colcon_core.verb:set package 'firmware_interfaces' build argument 'cmake_target_skip_unavailable' from command line to 'False'
[0.227s] Level 5:colcon.colcon_core.verb:set package 'firmware_interfaces' build argument 'cmake_clean_cache' from command line to 'False'
[0.227s] Level 5:colcon.colcon_core.verb:set package 'firmware_interfaces' build argument 'cmake_clean_first' from command line to 'False'
[0.227s] Level 5:colcon.colcon_core.verb:set package 'firmware_interfaces' build argument 'cmake_force_configure' from command line to 'False'
[0.227s] Level 5:colcon.colcon_core.verb:set package 'firmware_interfaces' build argument 'ament_cmake_args' from command line to 'None'
[0.227s] Level 5:colcon.colcon_core.verb:set package 'firmware_interfaces' build argument 'catkin_cmake_args' from command line to 'None'
[0.227s] Level 5:colcon.colcon_core.verb:set package 'firmware_interfaces' build argument 'catkin_skip_building_tests' from command line to 'False'
[0.227s] DEBUG:colcon.colcon_core.verb:Building package 'firmware_interfaces' with the following arguments: {'ament_cmake_args': None, 'build_base': '/home/xander/firmware_overall/ros2_wk/build/firmware_interfaces', 'catkin_cmake_args': None, 'catkin_skip_building_tests': False, 'cmake_args': None, 'cmake_clean_cache': False, 'cmake_clean_first': False, 'cmake_force_configure': False, 'cmake_target': None, 'cmake_target_skip_unavailable': False, 'install_base': '/home/xander/firmware_overall/ros2_wk/install/firmware_interfaces', 'merge_install': False, 'path': '/home/xander/firmware_overall/ros2_wk/src/firmware_interfaces', 'symlink_install': False, 'test_result_base': None}
[0.227s] Level 5:colcon.colcon_core.verb:set package 'mux' build argument 'cmake_args' from command line to 'None'
[0.227s] Level 5:colcon.colcon_core.verb:set package 'mux' build argument 'cmake_target' from command line to 'None'
[0.227s] Level 5:colcon.colcon_core.verb:set package 'mux' build argument 'cmake_target_skip_unavailable' from command line to 'False'
[0.227s] Level 5:colcon.colcon_core.verb:set package 'mux' build argument 'cmake_clean_cache' from command line to 'False'
[0.227s] Level 5:colcon.colcon_core.verb:set package 'mux' build argument 'cmake_clean_first' from command line to 'False'
[0.227s] Level 5:colcon.colcon_core.verb:set package 'mux' build argument 'cmake_force_configure' from command line to 'False'
[0.227s] Level 5:colcon.colcon_core.verb:set package 'mux' build argument 'ament_cmake_args' from command line to 'None'
[0.227s] Level 5:colcon.colcon_core.verb:set package 'mux' build argument 'catkin_cmake_args' from command line to 'None'
[0.227s] Level 5:colcon.colcon_core.verb:set package 'mux' build argument 'catkin_skip_building_tests' from command line to 'False'
[0.227s] DEBUG:colcon.colcon_core.verb:Building package 'mux' with the following arguments: {'ament_cmake_args': None, 'build_base': '/home/xander/firmware_overall/ros2_wk/build/mux', 'catkin_cmake_args': None, 'catkin_skip_building_tests': False, 'cmake_args': None, 'cmake_clean_cache': False, 'cmake_clean_first': False, 'cmake_force_configure': False, 'cmake_target': None, 'cmake_target_skip_unavailable': False, 'install_base': '/home/xander/firmware_overall/ros2_wk/install/mux', 'merge_install': False, 'path': '/home/xander/firmware_overall/ros2_wk/src/mux', 'symlink_install': False, 'test_result_base': None}
[0.227s] Level 5:colcon.colcon_core.verb:set package 'test_publishers' build argument 'cmake_args' from command line to 'None'
[0.228s] Level 5:colcon.colcon_core.verb:set package 'test_publishers' build argument 'cmake_target' from command line to 'None'
[0.228s] Level 5:colcon.colcon_core.verb:set package 'test_publishers' build argument 'cmake_target_skip_unavailable' from command line to 'False'
[0.228s] Level 5:colcon.colcon_core.verb:set package 'test_publishers' build argument 'cmake_clean_cache' from command line to 'False'
[0.228s] Level 5:colcon.colcon_core.verb:set package 'test_publishers' build argument 'cmake_clean_first' from command line to 'False'
[0.228s] Level 5:colcon.colcon_core.verb:set package 'test_publishers' build argument 'cmake_force_configure' from command line to 'False'
[0.228s] Level 5:colcon.colcon_core.verb:set package 'test_publishers' build argument 'ament_cmake_args' from command line to 'None'
[0.228s] Level 5:colcon.colcon_core.verb:set package 'test_publishers' build argument 'catkin_cmake_args' from command line to 'None'
[0.228s] Level 5:colcon.colcon_core.verb:set package 'test_publishers' build argument 'catkin_skip_building_tests' from command line to 'False'
[0.228s] DEBUG:colcon.colcon_core.verb:Building package 'test_publishers' with the following arguments: {'ament_cmake_args': None, 'build_base': '/home/xander/firmware_overall/ros2_wk/build/test_publishers', 'catkin_cmake_args': None, 'catkin_skip_building_tests': False, 'cmake_args': None, 'cmake_clean_cache': False, 'cmake_clean_first': False, 'cmake_force_configure': False, 'cmake_target': None, 'cmake_target_skip_unavailable': False, 'install_base': '/home/xander/firmware_overall/ros2_wk/install/test_publishers', 'merge_install': False, 'path': '/home/xander/firmware_overall/ros2_wk/src/test_publishers', 'symlink_install': False, 'test_result_base': None}
[0.228s] INFO:colcon.colcon_core.executor:Executing jobs using 'parallel' executor
[0.229s] DEBUG:colcon.colcon_parallel_executor.executor.parallel:run_until_complete
[0.229s] INFO:colcon.colcon_ros.task.ament_cmake.build:Building ROS package in '/home/xander/firmware_overall/ros2_wk/src/arbiter' with build type 'ament_cmake'
[0.229s] INFO:colcon.colcon_cmake.task.cmake.build:Building CMake package in '/home/xander/firmware_overall/ros2_wk/src/arbiter'
[0.231s] INFO:colcon.colcon_core.plugin_system:Skipping extension 'colcon_core.shell.bat': Not used on non-Windows systems
[0.232s] INFO:colcon.colcon_core.shell:Skip shell extension 'powershell' for command environment: Not usable outside of PowerShell
[0.232s] DEBUG:colcon.colcon_core.shell:Skip shell extension 'dsv' for command environment
[0.234s] INFO:colcon.colcon_ros.task.ament_cmake.build:Building ROS package in '/home/xander/firmware_overall/ros2_wk/src/firmware_interfaces' with build type 'ament_cmake'
[0.234s] INFO:colcon.colcon_cmake.task.cmake.build:Building CMake package in '/home/xander/firmware_overall/ros2_wk/src/firmware_interfaces'
[0.235s] INFO:colcon.colcon_core.shell:Skip shell extension 'powershell' for command environment: Not usable outside of PowerShell
[0.235s] DEBUG:colcon.colcon_core.shell:Skip shell extension 'dsv' for command environment
[0.238s] INFO:colcon.colcon_ros.task.ament_cmake.build:Building ROS package in '/home/xander/firmware_overall/ros2_wk/src/mux' with build type 'ament_cmake'
[0.238s] INFO:colcon.colcon_cmake.task.cmake.build:Building CMake package in '/home/xander/firmware_overall/ros2_wk/src/mux'
[0.238s] INFO:colcon.colcon_core.shell:Skip shell extension 'powershell' for command environment: Not usable outside of PowerShell
[0.238s] DEBUG:colcon.colcon_core.shell:Skip shell extension 'dsv' for command environment
[0.242s] INFO:colcon.colcon_ros.task.ament_cmake.build:Building ROS package in '/home/xander/firmware_overall/ros2_wk/src/test_publishers' with build type 'ament_cmake'
[0.243s] INFO:colcon.colcon_cmake.task.cmake.build:Building CMake package in '/home/xander/firmware_overall/ros2_wk/src/test_publishers'
[0.243s] INFO:colcon.colcon_core.shell:Skip shell extension 'powershell' for command environment: Not usable outside of PowerShell
[0.243s] DEBUG:colcon.colcon_core.shell:Skip shell extension 'dsv' for command environment
[0.295s] DEBUG:colcon.colcon_core.event_handler.log_command:Invoking command in '/home/xander/firmware_overall/ros2_wk/build/arbiter': CMAKE_PREFIX_PATH=${CMAKE_PREFIX_PATH}:/home/xander/ros2_ws/install/my_py_pkg:/opt/ros/humble /usr/bin/cmake --build /home/xander/firmware_overall/ros2_wk/build/arbiter -- -j6 -l6
[0.333s] DEBUG:colcon.colcon_core.event_handler.log_command:Invoking command in '/home/xander/firmware_overall/ros2_wk/build/firmware_interfaces': CMAKE_PREFIX_PATH=${CMAKE_PREFIX_PATH}:/home/xander/ros2_ws/install/my_py_pkg:/opt/ros/humble /usr/bin/cmake --build /home/xander/firmware_overall/ros2_wk/build/firmware_interfaces -- -j6 -l6
[0.336s] DEBUG:colcon.colcon_core.event_handler.log_command:Invoking command in '/home/xander/firmware_overall/ros2_wk/build/mux': CMAKE_PREFIX_PATH=${CMAKE_PREFIX_PATH}:/home/xander/ros2_ws/install/my_py_pkg:/opt/ros/humble /usr/bin/cmake --build /home/xander/firmware_overall/ros2_wk/build/mux -- -j6 -l6
[0.344s] DEBUG:colcon.colcon_core.event_handler.log_command:Invoking command in '/home/xander/firmware_overall/ros2_wk/build/test_publishers': CMAKE_PREFIX_PATH=${CMAKE_PREFIX_PATH}:/home/xander/ros2_ws/install/my_py_pkg:/opt/ros/humble /usr/bin/cmake --build /home/xander/firmware_overall/ros2_wk/build/test_publishers -- -j6 -l6
[0.418s] DEBUG:colcon.colcon_core.event_handler.log_command:Invoked command in '/home/xander/firmware_overall/ros2_wk/build/test_publishers' returned '0': CMAKE_PREFIX_PATH=${CMAKE_PREFIX_PATH}:/home/xander/ros2_ws/install/my_py_pkg:/opt/ros/humble /usr/bin/cmake --build /home/xander/firmware_overall/ros2_wk/build/test_publishers -- -j6 -l6
[0.432s] DEBUG:colcon.colcon_core.event_handler.log_command:Invoked command in '/home/xander/firmware_overall/ros2_wk/build/arbiter' returned '0': CMAKE_PREFIX_PATH=${CMAKE_PREFIX_PATH}:/home/xander/ros2_ws/install/my_py_pkg:/opt/ros/humble /usr/bin/cmake --build /home/xander/firmware_overall/ros2_wk/build/arbiter -- -j6 -l6
[0.442s] DEBUG:colcon.colcon_core.event_handler.log_command:Invoked command in '/home/xander/firmware_overall/ros2_wk/build/mux' returned '0': CMAKE_PREFIX_PATH=${CMAKE_PREFIX_PATH}:/home/xander/ros2_ws/install/my_py_pkg:/opt/ros/humble /usr/bin/cmake --build /home/xander/firmware_overall/ros2_wk/build/mux -- -j6 -l6
[0.526s] DEBUG:colcon.colcon_core.event_handler.log_command:Invoking command in '/home/xander/firmware_overall/ros2_wk/build/test_publishers': CMAKE_PREFIX_PATH=${CMAKE_PREFIX_PATH}:/home/xander/ros2_ws/install/my_py_pkg:/opt/ros/humble /usr/bin/cmake --install /home/xander/firmware_overall/ros2_wk/build/test_publishers
[0.532s] DEBUG:colcon.colcon_core.event_handler.log_command:Invoking command in '/home/xander/firmware_overall/ros2_wk/build/arbiter': CMAKE_PREFIX_PATH=${CMAKE_PREFIX_PATH}:/home/xander/ros2_ws/install/my_py_pkg:/opt/ros/humble /usr/bin/cmake --install /home/xander/firmware_overall/ros2_wk/build/arbiter
[0.541s] Level 1:colcon.colcon_core.environment:create_environment_scripts_only(test_publishers)
[0.541s] DEBUG:colcon.colcon_core.event_handler.log_command:Invoked command in '/home/xander/firmware_overall/ros2_wk/build/test_publishers' returned '0': CMAKE_PREFIX_PATH=${CMAKE_PREFIX_PATH}:/home/xander/ros2_ws/install/my_py_pkg:/opt/ros/humble /usr/bin/cmake --install /home/xander/firmware_overall/ros2_wk/build/test_publishers
[0.542s] Level 1:colcon.colcon_core.environment:checking '/home/xander/firmware_overall/ros2_wk/install/test_publishers' for CMake module files
[0.543s] Level 1:colcon.colcon_core.environment:checking '/home/xander/firmware_overall/ros2_wk/install/test_publishers' for CMake config files
[0.543s] Level 1:colcon.colcon_core.shell:create_environment_hook('test_publishers', 'cmake_prefix_path')
[0.543s] INFO:colcon.colcon_core.shell:Creating environment hook '/home/xander/firmware_overall/ros2_wk/install/test_publishers/share/test_publishers/hook/cmake_prefix_path.ps1'
[0.543s] INFO:colcon.colcon_core.shell:Creating environment descriptor '/home/xander/firmware_overall/ros2_wk/install/test_publishers/share/test_publishers/hook/cmake_prefix_path.dsv'
[0.549s] INFO:colcon.colcon_core.shell:Creating environment hook '/home/xander/firmware_overall/ros2_wk/install/test_publishers/share/test_publishers/hook/cmake_prefix_path.sh'
[0.550s] Level 1:colcon.colcon_core.environment:checking '/home/xander/firmware_overall/ros2_wk/install/test_publishers/bin'
[0.550s] Level 1:colcon.colcon_core.environment:checking '/home/xander/firmware_overall/ros2_wk/install/test_publishers/lib/pkgconfig/test_publishers.pc'
[0.551s] Level 1:colcon.colcon_core.environment:checking '/home/xander/firmware_overall/ros2_wk/install/test_publishers/lib/python3.10/site-packages'
[0.551s] Level 1:colcon.colcon_core.environment:checking '/home/xander/firmware_overall/ros2_wk/install/test_publishers/bin'
[0.551s] INFO:colcon.colcon_core.shell:Creating package script '/home/xander/firmware_overall/ros2_wk/install/test_publishers/share/test_publishers/package.ps1'
[0.552s] INFO:colcon.colcon_core.shell:Creating package descriptor '/home/xander/firmware_overall/ros2_wk/install/test_publishers/share/test_publishers/package.dsv'
[0.552s] INFO:colcon.colcon_core.shell:Creating package script '/home/xander/firmware_overall/ros2_wk/install/test_publishers/share/test_publishers/package.sh'
[0.553s] INFO:colcon.colcon_core.shell:Creating package script '/home/xander/firmware_overall/ros2_wk/install/test_publishers/share/test_publishers/package.bash'
[0.561s] INFO:colcon.colcon_core.shell:Creating package script '/home/xander/firmware_overall/ros2_wk/install/test_publishers/share/test_publishers/package.zsh'
[0.565s] Level 1:colcon.colcon_core.environment:create_file_with_runtime_dependencies(/home/xander/firmware_overall/ros2_wk/install/test_publishers/share/colcon-core/packages/test_publishers)
[0.607s] DEBUG:colcon.colcon_core.event_handler.log_command:Invoking command in '/home/xander/firmware_overall/ros2_wk/build/mux': CMAKE_PREFIX_PATH=${CMAKE_PREFIX_PATH}:/home/xander/ros2_ws/install/my_py_pkg:/opt/ros/humble /usr/bin/cmake --install /home/xander/firmware_overall/ros2_wk/build/mux
[0.611s] Level 1:colcon.colcon_core.environment:create_environment_scripts_only(arbiter)
[0.611s] Level 1:colcon.colcon_core.environment:checking '/home/xander/firmware_overall/ros2_wk/install/arbiter' for CMake module files
[0.611s] Level 1:colcon.colcon_core.environment:checking '/home/xander/firmware_overall/ros2_wk/install/arbiter' for CMake config files
[0.611s] Level 1:colcon.colcon_core.shell:create_environment_hook('arbiter', 'cmake_prefix_path')
[0.612s] INFO:colcon.colcon_core.shell:Creating environment hook '/home/xander/firmware_overall/ros2_wk/install/arbiter/share/arbiter/hook/cmake_prefix_path.ps1'
[0.612s] INFO:colcon.colcon_core.shell:Creating environment descriptor '/home/xander/firmware_overall/ros2_wk/install/arbiter/share/arbiter/hook/cmake_prefix_path.dsv'
[0.612s] INFO:colcon.colcon_core.shell:Creating environment hook '/home/xander/firmware_overall/ros2_wk/install/arbiter/share/arbiter/hook/cmake_prefix_path.sh'
[0.613s] Level 1:colcon.colcon_core.environment:checking '/home/xander/firmware_overall/ros2_wk/install/arbiter/lib'
[0.613s] Level 1:colcon.colcon_core.environment:checking '/home/xander/firmware_overall/ros2_wk/install/arbiter/bin'
[0.613s] Level 1:colcon.colcon_core.environment:checking '/home/xander/firmware_overall/ros2_wk/install/arbiter/lib/pkgconfig/arbiter.pc'
[0.614s] Level 1:colcon.colcon_core.environment:checking '/home/xander/firmware_overall/ros2_wk/install/arbiter/lib/python3.10/site-packages'
[0.614s] Level 1:colcon.colcon_core.environment:checking '/home/xander/firmware_overall/ros2_wk/install/arbiter/bin'
[0.614s] INFO:colcon.colcon_core.shell:Creating package script '/home/xander/firmware_overall/ros2_wk/install/arbiter/share/arbiter/package.ps1'
[0.614s] INFO:colcon.colcon_core.shell:Creating package descriptor '/home/xander/firmware_overall/ros2_wk/install/arbiter/share/arbiter/package.dsv'
[0.614s] INFO:colcon.colcon_core.shell:Creating package script '/home/xander/firmware_overall/ros2_wk/install/arbiter/share/arbiter/package.sh'
[0.615s] DEBUG:colcon.colcon_core.event_handler.log_command:Invoked command in '/home/xander/firmware_overall/ros2_wk/build/arbiter' returned '0': CMAKE_PREFIX_PATH=${CMAKE_PREFIX_PATH}:/home/xander/ros2_ws/install/my_py_pkg:/opt/ros/humble /usr/bin/cmake --install /home/xander/firmware_overall/ros2_wk/build/arbiter
[0.615s] INFO:colcon.colcon_core.shell:Creating package script '/home/xander/firmware_overall/ros2_wk/install/arbiter/share/arbiter/package.bash'
[0.615s] INFO:colcon.colcon_core.shell:Creating package script '/home/xander/firmware_overall/ros2_wk/install/arbiter/share/arbiter/package.zsh'
[0.616s] Level 1:colcon.colcon_core.environment:create_file_with_runtime_dependencies(/home/xander/firmware_overall/ros2_wk/install/arbiter/share/colcon-core/packages/arbiter)
[0.617s] Level 1:colcon.colcon_core.environment:create_environment_scripts_only(mux)
[0.617s] DEBUG:colcon.colcon_core.event_handler.log_command:Invoked command in '/home/xander/firmware_overall/ros2_wk/build/mux' returned '0': CMAKE_PREFIX_PATH=${CMAKE_PREFIX_PATH}:/home/xander/ros2_ws/install/my_py_pkg:/opt/ros/humble /usr/bin/cmake --install /home/xander/firmware_overall/ros2_wk/build/mux
[0.617s] Level 1:colcon.colcon_core.environment:checking '/home/xander/firmware_overall/ros2_wk/install/mux' for CMake module files
[0.619s] Level 1:colcon.colcon_core.environment:checking '/home/xander/firmware_overall/ros2_wk/install/mux' for CMake config files
[0.619s] Level 1:colcon.colcon_core.shell:create_environment_hook('mux', 'cmake_prefix_path')
[0.619s] INFO:colcon.colcon_core.shell:Creating environment hook '/home/xander/firmware_overall/ros2_wk/install/mux/share/mux/hook/cmake_prefix_path.ps1'
[0.621s] INFO:colcon.colcon_core.shell:Creating environment descriptor '/home/xander/firmware_overall/ros2_wk/install/mux/share/mux/hook/cmake_prefix_path.dsv'
[0.622s] INFO:colcon.colcon_core.shell:Creating environment hook '/home/xander/firmware_overall/ros2_wk/install/mux/share/mux/hook/cmake_prefix_path.sh'
[0.622s] Level 1:colcon.colcon_core.environment:checking '/home/xander/firmware_overall/ros2_wk/install/mux/lib'
[0.623s] Level 1:colcon.colcon_core.environment:checking '/home/xander/firmware_overall/ros2_wk/install/mux/bin'
[0.623s] Level 1:colcon.colcon_core.environment:checking '/home/xander/firmware_overall/ros2_wk/install/mux/lib/pkgconfig/mux.pc'
[0.623s] Level 1:colcon.colcon_core.environment:checking '/home/xander/firmware_overall/ros2_wk/install/mux/lib/python3.10/site-packages'
[0.623s] Level 1:colcon.colcon_core.environment:checking '/home/xander/firmware_overall/ros2_wk/install/mux/bin'
[0.623s] INFO:colcon.colcon_core.shell:Creating package script '/home/xander/firmware_overall/ros2_wk/install/mux/share/mux/package.ps1'
[0.624s] INFO:colcon.colcon_core.shell:Creating package descriptor '/home/xander/firmware_overall/ros2_wk/install/mux/share/mux/package.dsv'
[0.626s] INFO:colcon.colcon_core.shell:Creating package script '/home/xander/firmware_overall/ros2_wk/install/mux/share/mux/package.sh'
[0.629s] INFO:colcon.colcon_core.shell:Creating package script '/home/xander/firmware_overall/ros2_wk/install/mux/share/mux/package.bash'
[0.630s] INFO:colcon.colcon_core.shell:Creating package script '/home/xander/firmware_overall/ros2_wk/install/mux/share/mux/package.zsh'
[0.630s] Level 1:colcon.colcon_core.environment:create_file_with_runtime_dependencies(/home/xander/firmware_overall/ros2_wk/install/mux/share/colcon-core/packages/mux)
[0.644s] Level 1:colcon.colcon_core.environment:create_environment_scripts_only(test_publishers)
[0.645s] Level 1:colcon.colcon_core.environment:checking '/home/xander/firmware_overall/ros2_wk/install/test_publishers' for CMake module files
[0.645s] Level 1:colcon.colcon_core.environment:checking '/home/xander/firmware_overall/ros2_wk/install/test_publishers' for CMake config files
[0.645s] Level 1:colcon.colcon_core.shell:create_environment_hook('test_publishers', 'cmake_prefix_path')
[0.645s] INFO:colcon.colcon_core.shell:Creating environment hook '/home/xander/firmware_overall/ros2_wk/install/test_publishers/share/test_publishers/hook/cmake_prefix_path.ps1'
[0.646s] INFO:colcon.colcon_core.shell:Creating environment descriptor '/home/xander/firmware_overall/ros2_wk/install/test_publishers/share/test_publishers/hook/cmake_prefix_path.dsv'
[0.646s] INFO:colcon.colcon_core.shell:Creating environment hook '/home/xander/firmware_overall/ros2_wk/install/test_publishers/share/test_publishers/hook/cmake_prefix_path.sh'
[0.647s] Level 1:colcon.colcon_core.environment:checking '/home/xander/firmware_overall/ros2_wk/install/test_publishers/bin'
[0.647s] Level 1:colcon.colcon_core.environment:checking '/home/xander/firmware_overall/ros2_wk/install/test_publishers/lib/pkgconfig/test_publishers.pc'
[0.647s] Level 1:colcon.colcon_core.environment:checking '/home/xander/firmware_overall/ros2_wk/install/test_publishers/lib/python3.10/site-packages'
[0.647s] Level 1:colcon.colcon_core.environment:checking '/home/xander/firmware_overall/ros2_wk/install/test_publishers/bin'
[0.648s] INFO:colcon.colcon_core.shell:Creating package script '/home/xander/firmware_overall/ros2_wk/install/test_publishers/share/test_publishers/package.ps1'
[0.649s] INFO:colcon.colcon_core.shell:Creating package descriptor '/home/xander/firmware_overall/ros2_wk/install/test_publishers/share/test_publishers/package.dsv'
[0.653s] INFO:colcon.colcon_core.shell:Creating package script '/home/xander/firmware_overall/ros2_wk/install/test_publishers/share/test_publishers/package.sh'
[0.653s] INFO:colcon.colcon_core.shell:Creating package script '/home/xander/firmware_overall/ros2_wk/install/test_publishers/share/test_publishers/package.bash'
[0.654s] INFO:colcon.colcon_core.shell:Creating package script '/home/xander/firmware_overall/ros2_wk/install/test_publishers/share/test_publishers/package.zsh'
[0.654s] Level 1:colcon.colcon_core.environment:create_file_with_runtime_dependencies(/home/xander/firmware_overall/ros2_wk/install/test_publishers/share/colcon-core/packages/test_publishers)
[0.687s] Level 1:colcon.colcon_core.environment:create_environment_scripts_only(arbiter)
[0.687s] Level 1:colcon.colcon_core.environment:checking '/home/xander/firmware_overall/ros2_wk/install/arbiter' for CMake module files
[0.687s] Level 1:colcon.colcon_core.environment:checking '/home/xander/firmware_overall/ros2_wk/install/arbiter' for CMake config files
[0.687s] Level 1:colcon.colcon_core.shell:create_environment_hook('arbiter', 'cmake_prefix_path')
[0.687s] INFO:colcon.colcon_core.shell:Creating environment hook '/home/xander/firmware_overall/ros2_wk/install/arbiter/share/arbiter/hook/cmake_prefix_path.ps1'
[0.688s] INFO:colcon.colcon_core.shell:Creating environment descriptor '/home/xander/firmware_overall/ros2_wk/install/arbiter/share/arbiter/hook/cmake_prefix_path.dsv'
[0.688s] INFO:colcon.colcon_core.shell:Creating environment hook '/home/xander/firmware_overall/ros2_wk/install/arbiter/share/arbiter/hook/cmake_prefix_path.sh'
[0.689s] Level 1:colcon.colcon_core.environment:checking '/home/xander/firmware_overall/ros2_wk/install/arbiter/lib'
[0.689s] Level 1:colcon.colcon_core.environment:checking '/home/xander/firmware_overall/ros2_wk/install/arbiter/bin'
[0.689s] Level 1:colcon.colcon_core.environment:checking '/home/xander/firmware_overall/ros2_wk/install/arbiter/lib/pkgconfig/arbiter.pc'
[0.689s] Level 1:colcon.colcon_core.environment:checking '/home/xander/firmware_overall/ros2_wk/install/arbiter/lib/python3.10/site-packages'
[0.689s] Level 1:colcon.colcon_core.environment:checking '/home/xander/firmware_overall/ros2_wk/install/arbiter/bin'
[0.690s] INFO:colcon.colcon_core.shell:Creating package script '/home/xander/firmware_overall/ros2_wk/install/arbiter/share/arbiter/package.ps1'
[0.690s] INFO:colcon.colcon_core.shell:Creating package descriptor '/home/xander/firmware_overall/ros2_wk/install/arbiter/share/arbiter/package.dsv'
[0.690s] INFO:colcon.colcon_core.shell:Creating package script '/home/xander/firmware_overall/ros2_wk/install/arbiter/share/arbiter/package.sh'
[0.691s] INFO:colcon.colcon_core.shell:Creating package script '/home/xander/firmware_overall/ros2_wk/install/arbiter/share/arbiter/package.bash'
[0.691s] INFO:colcon.colcon_core.shell:Creating package script '/home/xander/firmware_overall/ros2_wk/install/arbiter/share/arbiter/package.zsh'
[0.692s] Level 1:colcon.colcon_core.environment:create_file_with_runtime_dependencies(/home/xander/firmware_overall/ros2_wk/install/arbiter/share/colcon-core/packages/arbiter)
[0.693s] Level 1:colcon.colcon_core.environment:create_environment_scripts_only(mux)
[0.693s] Level 1:colcon.colcon_core.environment:checking '/home/xander/firmware_overall/ros2_wk/install/mux' for CMake module files
[0.694s] Level 1:colcon.colcon_core.environment:checking '/home/xander/firmware_overall/ros2_wk/install/mux' for CMake config files
[0.694s] Level 1:colcon.colcon_core.shell:create_environment_hook('mux', 'cmake_prefix_path')
[0.694s] INFO:colcon.colcon_core.shell:Creating environment hook '/home/xander/firmware_overall/ros2_wk/install/mux/share/mux/hook/cmake_prefix_path.ps1'
[0.694s] INFO:colcon.colcon_core.shell:Creating environment descriptor '/home/xander/firmware_overall/ros2_wk/install/mux/share/mux/hook/cmake_prefix_path.dsv'
[0.694s] INFO:colcon.colcon_core.shell:Creating environment hook '/home/xander/firmware_overall/ros2_wk/install/mux/share/mux/hook/cmake_prefix_path.sh'
[0.695s] Level 1:colcon.colcon_core.environment:checking '/home/xander/firmware_overall/ros2_wk/install/mux/lib'
[0.695s] Level 1:colcon.colcon_core.environment:checking '/home/xander/firmware_overall/ros2_wk/install/mux/bin'
[0.695s] Level 1:colcon.colcon_core.environment:checking '/home/xander/firmware_overall/ros2_wk/install/mux/lib/pkgconfig/mux.pc'
[0.695s] Level 1:colcon.colcon_core.environment:checking '/home/xander/firmware_overall/ros2_wk/install/mux/lib/python3.10/site-packages'
[0.695s] Level 1:colcon.colcon_core.environment:checking '/home/xander/firmware_overall/ros2_wk/install/mux/bin'
[0.696s] INFO:colcon.colcon_core.shell:Creating package script '/home/xander/firmware_overall/ros2_wk/install/mux/share/mux/package.ps1'
[0.696s] INFO:colcon.colcon_core.shell:Creating package descriptor '/home/xander/firmware_overall/ros2_wk/install/mux/share/mux/package.dsv'
[0.696s] INFO:colcon.colcon_core.shell:Creating package script '/home/xander/firmware_overall/ros2_wk/install/mux/share/mux/package.sh'
[0.697s] INFO:colcon.colcon_core.shell:Creating package script '/home/xander/firmware_overall/ros2_wk/install/mux/share/mux/package.bash'
[0.697s] INFO:colcon.colcon_core.shell:Creating package script '/home/xander/firmware_overall/ros2_wk/install/mux/share/mux/package.zsh'
[0.697s] Level 1:colcon.colcon_core.environment:create_file_with_runtime_dependencies(/home/xander/firmware_overall/ros2_wk/install/mux/share/colcon-core/packages/mux)
[1.581s] DEBUG:colcon.colcon_core.event_handler.log_command:Invoked command in '/home/xander/firmware_overall/ros2_wk/build/firmware_interfaces' returned '2': CMAKE_PREFIX_PATH=${CMAKE_PREFIX_PATH}:/home/xander/ros2_ws/install/my_py_pkg:/opt/ros/humble /usr/bin/cmake --build /home/xander/firmware_overall/ros2_wk/build/firmware_interfaces -- -j6 -l6
[1.780s] Level 1:colcon.colcon_core.environment:create_environment_scripts_only(firmware_interfaces)
[1.780s] Level 1:colcon.colcon_core.environment:checking '/home/xander/firmware_overall/ros2_wk/install/firmware_interfaces' for CMake module files
[1.781s] Level 1:colcon.colcon_core.environment:checking '/home/xander/firmware_overall/ros2_wk/install/firmware_interfaces' for CMake config files
[1.781s] Level 1:colcon.colcon_core.shell:create_environment_hook('firmware_interfaces', 'cmake_prefix_path')
[1.781s] INFO:colcon.colcon_core.shell:Creating environment hook '/home/xander/firmware_overall/ros2_wk/install/firmware_interfaces/share/firmware_interfaces/hook/cmake_prefix_path.ps1'
[1.786s] INFO:colcon.colcon_core.shell:Creating environment descriptor '/home/xander/firmware_overall/ros2_wk/install/firmware_interfaces/share/firmware_interfaces/hook/cmake_prefix_path.dsv'
[1.786s] INFO:colcon.colcon_core.shell:Creating environment hook '/home/xander/firmware_overall/ros2_wk/install/firmware_interfaces/share/firmware_interfaces/hook/cmake_prefix_path.sh'
[1.787s] Level 1:colcon.colcon_core.environment:checking '/home/xander/firmware_overall/ros2_wk/install/firmware_interfaces/bin'
[1.787s] Level 1:colcon.colcon_core.environment:checking '/home/xander/firmware_overall/ros2_wk/install/firmware_interfaces/lib/pkgconfig/firmware_interfaces.pc'
[1.787s] Level 1:colcon.colcon_core.environment:checking '/home/xander/firmware_overall/ros2_wk/install/firmware_interfaces/lib/python3.10/site-packages'
[1.787s] Level 1:colcon.colcon_core.environment:checking '/home/xander/firmware_overall/ros2_wk/install/firmware_interfaces/bin'
[1.788s] INFO:colcon.colcon_core.shell:Creating package script '/home/xander/firmware_overall/ros2_wk/install/firmware_interfaces/share/firmware_interfaces/package.ps1'
[1.788s] INFO:colcon.colcon_core.shell:Creating package descriptor '/home/xander/firmware_overall/ros2_wk/install/firmware_interfaces/share/firmware_interfaces/package.dsv'
[1.789s] INFO:colcon.colcon_core.shell:Creating package script '/home/xander/firmware_overall/ros2_wk/install/firmware_interfaces/share/firmware_interfaces/package.sh'
[1.789s] INFO:colcon.colcon_core.shell:Creating package script '/home/xander/firmware_overall/ros2_wk/install/firmware_interfaces/share/firmware_interfaces/package.bash'
[1.790s] INFO:colcon.colcon_core.shell:Creating package script '/home/xander/firmware_overall/ros2_wk/install/firmware_interfaces/share/firmware_interfaces/package.zsh'
[1.790s] Level 1:colcon.colcon_core.environment:create_file_with_runtime_dependencies(/home/xander/firmware_overall/ros2_wk/install/firmware_interfaces/share/colcon-core/packages/firmware_interfaces)
[1.801s] DEBUG:colcon.colcon_parallel_executor.executor.parallel:closing loop
[1.801s] DEBUG:colcon.colcon_parallel_executor.executor.parallel:loop closed
[1.801s] DEBUG:colcon.colcon_parallel_executor.executor.parallel:run_until_complete finished with '2'
[1.801s] DEBUG:colcon.colcon_core.event_reactor:joining thread
[1.809s] INFO:colcon.colcon_core.plugin_system:Skipping extension 'colcon_notification.desktop_notification.terminal_notifier': Not used on non-Darwin systems
[1.809s] INFO:colcon.colcon_core.plugin_system:Skipping extension 'colcon_notification.desktop_notification.win32': Not used on non-Windows systems
[1.809s] INFO:colcon.colcon_notification.desktop_notification:Sending desktop notification using 'notify2'
[1.843s] DEBUG:colcon.colcon_core.event_reactor:joined thread
[1.843s] INFO:colcon.colcon_core.shell:Creating prefix script '/home/xander/firmware_overall/ros2_wk/install/local_setup.ps1'
[1.844s] INFO:colcon.colcon_core.shell:Creating prefix util module '/home/xander/firmware_overall/ros2_wk/install/_local_setup_util_ps1.py'
[1.845s] INFO:colcon.colcon_core.shell:Creating prefix chain script '/home/xander/firmware_overall/ros2_wk/install/setup.ps1'
[1.847s] INFO:colcon.colcon_core.shell:Creating prefix script '/home/xander/firmware_overall/ros2_wk/install/local_setup.sh'
[1.847s] INFO:colcon.colcon_core.shell:Creating prefix util module '/home/xander/firmware_overall/ros2_wk/install/_local_setup_util_sh.py'
[1.848s] INFO:colcon.colcon_core.shell:Creating prefix chain script '/home/xander/firmware_overall/ros2_wk/install/setup.sh'
[1.849s] INFO:colcon.colcon_core.shell:Creating prefix script '/home/xander/firmware_overall/ros2_wk/install/local_setup.bash'
[1.849s] INFO:colcon.colcon_core.shell:Creating prefix chain script '/home/xander/firmware_overall/ros2_wk/install/setup.bash'
[1.850s] INFO:colcon.colcon_core.shell:Creating prefix script '/home/xander/firmware_overall/ros2_wk/install/local_setup.zsh'
[1.851s] INFO:colcon.colcon_core.shell:Creating prefix chain script '/home/xander/firmware_overall/ros2_wk/install/setup.zsh'
