-- Found ament_cmake: 1.3.10 (/opt/ros/humble/share/ament_cmake/cmake)
-- Found ament_lint_auto: 0.12.11 (/opt/ros/humble/share/ament_lint_auto/cmake)
-- Found geometry_msgs: 4.2.4 (/opt/ros/humble/share/geometry_msgs/cmake)
-- Found rosidl_generator_c: 3.1.5 (/opt/ros/humble/share/rosidl_generator_c/cmake)
-- Found rosidl_adapter: 3.1.5 (/opt/ros/humble/share/rosidl_adapter/cmake)
-- Found rosidl_generator_cpp: 3.1.5 (/opt/ros/humble/share/rosidl_generator_cpp/cmake)
-- Using all available rosidl_typesupport_c: rosidl_typesupport_fastrtps_c;rosidl_typesupport_introspection_c
-- Using all available rosidl_typesupport_cpp: rosidl_typesupport_fastrtps_cpp;rosidl_typesupport_introspection_cpp
-- Found rosidl_default_generators: 1.2.0 (/opt/ros/humble/share/rosidl_default_generators/cmake)
-- Found ament_cmake_ros: 0.10.0 (/opt/ros/humble/share/ament_cmake_ros/cmake)
-- Using all available rosidl_typesupport_c: rosidl_typesupport_fastrtps_c;rosidl_typesupport_introspection_c
-- Using all available rosidl_typesupport_cpp: rosidl_typesupport_fastrtps_cpp;rosidl_typesupport_introspection_cpp
-- Found python_cmake_module: 0.10.0 (/opt/ros/humble/share/python_cmake_module/cmake)
-- Using PYTHON_EXECUTABLE: /usr/bin/python3
-- Using PYTHON_INCLUDE_DIRS: /usr/include/python3.10
-- Using PYTHON_LIBRARIES: /usr/lib/x86_64-linux-gnu/libpython3.10.so
-- Added test 'lint_cmake' to check CMake code style
-- Added test 'xmllint' to check XML markup files
-- Configuring done
-- Generating done
-- Build files have been written to: /home/xander/firmware_overall/ros2_wk/build/firmware_interfaces
[  3%] [32mBuilding C object CMakeFiles/firmware_interfaces__rosidl_generator_c.dir/rosidl_generator_c/firmware_interfaces/msg/detail/twist_and_req__functions.c.o[0m
[  6%] Built target firmware_interfaces__cpp
[  6%] Built target ament_cmake_python_copy_firmware_interfaces
[  9%] [32mBuilding CXX object CMakeFiles/firmware_interfaces__rosidl_typesupport_fastrtps_cpp.dir/rosidl_typesupport_fastrtps_cpp/firmware_interfaces/msg/detail/dds_fastrtps/twist_and_req__type_support.cpp.o[0m
[ 12%] [32mBuilding CXX object CMakeFiles/firmware_interfaces__rosidl_typesupport_cpp.dir/rosidl_typesupport_cpp/firmware_interfaces/msg/twist_and_req__type_support.cpp.o[0m
[ 16%] [32mBuilding CXX object CMakeFiles/firmware_interfaces__rosidl_typesupport_introspection_cpp.dir/rosidl_typesupport_introspection_cpp/firmware_interfaces/msg/detail/twist_and_req__type_support.cpp.o[0m
running egg_info
writing firmware_interfaces.egg-info/PKG-INFO
writing dependency_links to firmware_interfaces.egg-info/dependency_links.txt
writing top-level names to firmware_interfaces.egg-info/top_level.txt
reading manifest file 'firmware_interfaces.egg-info/SOURCES.txt'
writing manifest file 'firmware_interfaces.egg-info/SOURCES.txt'
[ 16%] Built target ament_cmake_python_build_firmware_interfaces_egg
