[0.064s] DEBUG:colcon:Command line arguments: ['/usr/bin/colcon', 'build']
[0.064s] DEBUG:colcon:Parsed command line arguments: Namespace(log_base=None, log_level=None, verb_name='build', build_base='build', install_base='install', merge_install=False, symlink_install=False, test_result_base=None, continue_on_error=False, executor='parallel', parallel_workers=6, event_handlers=None, ignore_user_meta=False, metas=['./colcon.meta'], base_paths=['.'], packages_ignore=None, packages_ignore_regex=None, paths=None, packages_up_to=None, packages_up_to_regex=None, packages_above=None, packages_above_and_dependencies=None, packages_above_depth=None, packages_select_by_dep=None, packages_skip_by_dep=None, packages_skip_up_to=None, packages_select_build_failed=False, packages_skip_build_finished=False, packages_select_test_failures=False, packages_skip_test_passed=False, packages_select=None, packages_skip=None, packages_select_regex=None, packages_skip_regex=None, packages_start=None, packages_end=None, allow_overriding=[], cmake_args=None, cmake_target=None, cmake_target_skip_unavailable=False, cmake_clean_cache=False, cmake_clean_first=False, cmake_force_configure=False, ament_cmake_args=None, catkin_cmake_args=None, catkin_skip_building_tests=False, verb_parser=<colcon_defaults.argument_parser.defaults.DefaultArgumentsDecorator object at 0x70fdb84ffe50>, verb_extension=<colcon_core.verb.build.BuildVerb object at 0x70fdb84ff550>, main=<bound method BuildVerb.main of <colcon_core.verb.build.BuildVerb object at 0x70fdb84ff550>>)
[0.149s] Level 1:colcon.colcon_core.package_discovery:discover_packages(colcon_meta) check parameters
[0.149s] Level 1:colcon.colcon_core.package_discovery:discover_packages(recursive) check parameters
[0.149s] Level 1:colcon.colcon_core.package_discovery:discover_packages(ignore) check parameters
[0.149s] Level 1:colcon.colcon_core.package_discovery:discover_packages(path) check parameters
[0.149s] Level 1:colcon.colcon_core.package_discovery:discover_packages(colcon_meta) discover
[0.149s] Level 1:colcon.colcon_core.package_discovery:discover_packages(recursive) discover
[0.149s] INFO:colcon.colcon_core.package_discovery:Crawling recursively for packages in '/home/xander/firmware_overall/ros2_wk'
[0.149s] Level 1:colcon.colcon_core.package_identification:_identify(.) by extensions ['ignore', 'ignore_ament_install']
[0.149s] Level 1:colcon.colcon_core.package_identification:_identify(.) by extension 'ignore'
[0.149s] Level 1:colcon.colcon_core.package_identification:_identify(.) by extension 'ignore_ament_install'
[0.149s] Level 1:colcon.colcon_core.package_identification:_identify(.) by extensions ['colcon_pkg']
[0.149s] Level 1:colcon.colcon_core.package_identification:_identify(.) by extension 'colcon_pkg'
[0.149s] Level 1:colcon.colcon_core.package_identification:_identify(.) by extensions ['colcon_meta']
[0.150s] Level 1:colcon.colcon_core.package_identification:_identify(.) by extension 'colcon_meta'
[0.150s] Level 1:colcon.colcon_core.package_identification:_identify(.) by extensions ['ros']
[0.150s] Level 1:colcon.colcon_core.package_identification:_identify(.) by extension 'ros'
[0.158s] Level 1:colcon.colcon_core.package_identification:_identify(.) by extensions ['cmake', 'python']
[0.158s] Level 1:colcon.colcon_core.package_identification:_identify(.) by extension 'cmake'
[0.158s] Level 1:colcon.colcon_core.package_identification:_identify(.) by extension 'python'
[0.158s] Level 1:colcon.colcon_core.package_identification:_identify(.) by extensions ['python_setup_py']
[0.158s] Level 1:colcon.colcon_core.package_identification:_identify(.) by extension 'python_setup_py'
[0.158s] Level 1:colcon.colcon_core.package_identification:_identify(build) by extensions ['ignore', 'ignore_ament_install']
[0.158s] Level 1:colcon.colcon_core.package_identification:_identify(build) by extension 'ignore'
[0.158s] Level 1:colcon.colcon_core.package_identification:_identify(build) ignored
[0.158s] Level 1:colcon.colcon_core.package_identification:_identify(install) by extensions ['ignore', 'ignore_ament_install']
[0.158s] Level 1:colcon.colcon_core.package_identification:_identify(install) by extension 'ignore'
[0.158s] Level 1:colcon.colcon_core.package_identification:_identify(install) ignored
[0.158s] Level 1:colcon.colcon_core.package_identification:_identify(log) by extensions ['ignore', 'ignore_ament_install']
[0.158s] Level 1:colcon.colcon_core.package_identification:_identify(log) by extension 'ignore'
[0.158s] Level 1:colcon.colcon_core.package_identification:_identify(log) ignored
[0.158s] Level 1:colcon.colcon_core.package_identification:_identify(src) by extensions ['ignore', 'ignore_ament_install']
[0.158s] Level 1:colcon.colcon_core.package_identification:_identify(src) by extension 'ignore'
[0.158s] Level 1:colcon.colcon_core.package_identification:_identify(src) by extension 'ignore_ament_install'
[0.158s] Level 1:colcon.colcon_core.package_identification:_identify(src) by extensions ['colcon_pkg']
[0.158s] Level 1:colcon.colcon_core.package_identification:_identify(src) by extension 'colcon_pkg'
[0.159s] Level 1:colcon.colcon_core.package_identification:_identify(src) by extensions ['colcon_meta']
[0.159s] Level 1:colcon.colcon_core.package_identification:_identify(src) by extension 'colcon_meta'
[0.159s] Level 1:colcon.colcon_core.package_identification:_identify(src) by extensions ['ros']
[0.159s] Level 1:colcon.colcon_core.package_identification:_identify(src) by extension 'ros'
[0.159s] Level 1:colcon.colcon_core.package_identification:_identify(src) by extensions ['cmake', 'python']
[0.159s] Level 1:colcon.colcon_core.package_identification:_identify(src) by extension 'cmake'
[0.159s] Level 1:colcon.colcon_core.package_identification:_identify(src) by extension 'python'
[0.159s] Level 1:colcon.colcon_core.package_identification:_identify(src) by extensions ['python_setup_py']
[0.159s] Level 1:colcon.colcon_core.package_identification:_identify(src) by extension 'python_setup_py'
[0.159s] Level 1:colcon.colcon_core.package_identification:_identify(src/arbiter) by extensions ['ignore', 'ignore_ament_install']
[0.159s] Level 1:colcon.colcon_core.package_identification:_identify(src/arbiter) by extension 'ignore'
[0.159s] Level 1:colcon.colcon_core.package_identification:_identify(src/arbiter) by extension 'ignore_ament_install'
[0.159s] Level 1:colcon.colcon_core.package_identification:_identify(src/arbiter) by extensions ['colcon_pkg']
[0.159s] Level 1:colcon.colcon_core.package_identification:_identify(src/arbiter) by extension 'colcon_pkg'
[0.159s] Level 1:colcon.colcon_core.package_identification:_identify(src/arbiter) by extensions ['colcon_meta']
[0.159s] Level 1:colcon.colcon_core.package_identification:_identify(src/arbiter) by extension 'colcon_meta'
[0.159s] Level 1:colcon.colcon_core.package_identification:_identify(src/arbiter) by extensions ['ros']
[0.159s] Level 1:colcon.colcon_core.package_identification:_identify(src/arbiter) by extension 'ros'
[0.161s] DEBUG:colcon.colcon_core.package_identification:Package 'src/arbiter' with type 'ros.ament_cmake' and name 'arbiter'
[0.161s] Level 1:colcon.colcon_core.package_identification:_identify(src/mux) by extensions ['ignore', 'ignore_ament_install']
[0.161s] Level 1:colcon.colcon_core.package_identification:_identify(src/mux) by extension 'ignore'
[0.161s] Level 1:colcon.colcon_core.package_identification:_identify(src/mux) by extension 'ignore_ament_install'
[0.161s] Level 1:colcon.colcon_core.package_identification:_identify(src/mux) by extensions ['colcon_pkg']
[0.161s] Level 1:colcon.colcon_core.package_identification:_identify(src/mux) by extension 'colcon_pkg'
[0.161s] Level 1:colcon.colcon_core.package_identification:_identify(src/mux) by extensions ['colcon_meta']
[0.161s] Level 1:colcon.colcon_core.package_identification:_identify(src/mux) by extension 'colcon_meta'
[0.161s] Level 1:colcon.colcon_core.package_identification:_identify(src/mux) by extensions ['ros']
[0.161s] Level 1:colcon.colcon_core.package_identification:_identify(src/mux) by extension 'ros'
[0.161s] DEBUG:colcon.colcon_core.package_identification:Package 'src/mux' with type 'ros.ament_cmake' and name 'mux'
[0.161s] Level 1:colcon.colcon_core.package_identification:_identify(src/test_publishers) by extensions ['ignore', 'ignore_ament_install']
[0.162s] Level 1:colcon.colcon_core.package_identification:_identify(src/test_publishers) by extension 'ignore'
[0.162s] Level 1:colcon.colcon_core.package_identification:_identify(src/test_publishers) by extension 'ignore_ament_install'
[0.162s] Level 1:colcon.colcon_core.package_identification:_identify(src/test_publishers) by extensions ['colcon_pkg']
[0.162s] Level 1:colcon.colcon_core.package_identification:_identify(src/test_publishers) by extension 'colcon_pkg'
[0.162s] Level 1:colcon.colcon_core.package_identification:_identify(src/test_publishers) by extensions ['colcon_meta']
[0.162s] Level 1:colcon.colcon_core.package_identification:_identify(src/test_publishers) by extension 'colcon_meta'
[0.162s] Level 1:colcon.colcon_core.package_identification:_identify(src/test_publishers) by extensions ['ros']
[0.162s] Level 1:colcon.colcon_core.package_identification:_identify(src/test_publishers) by extension 'ros'
[0.162s] DEBUG:colcon.colcon_core.package_identification:Package 'src/test_publishers' with type 'ros.ament_cmake' and name 'test_publishers'
[0.162s] Level 1:colcon.colcon_core.package_discovery:discover_packages(recursive) using defaults
[0.162s] Level 1:colcon.colcon_core.package_discovery:discover_packages(ignore) discover
[0.162s] Level 1:colcon.colcon_core.package_discovery:discover_packages(ignore) using defaults
[0.162s] Level 1:colcon.colcon_core.package_discovery:discover_packages(path) discover
[0.162s] Level 1:colcon.colcon_core.package_discovery:discover_packages(path) using defaults
[0.177s] Level 1:colcon.colcon_core.package_discovery:discover_packages(prefix_path) check parameters
[0.177s] Level 1:colcon.colcon_core.package_discovery:discover_packages(prefix_path) discover
[0.180s] DEBUG:colcon.colcon_installed_package_information.package_discovery:Found 4 installed packages in /home/xander/firmware_overall/ros2_wk/install
[0.181s] DEBUG:colcon.colcon_installed_package_information.package_discovery:Found 2 installed packages in /home/xander/ros2_ws/install
[0.181s] DEBUG:colcon.colcon_installed_package_information.package_discovery:Found 270 installed packages in /opt/ros/humble
[0.182s] Level 1:colcon.colcon_core.package_discovery:discover_packages(prefix_path) using defaults
[0.205s] Level 5:colcon.colcon_core.verb:set package 'arbiter' build argument 'cmake_args' from command line to 'None'
[0.205s] Level 5:colcon.colcon_core.verb:set package 'arbiter' build argument 'cmake_target' from command line to 'None'
[0.205s] Level 5:colcon.colcon_core.verb:set package 'arbiter' build argument 'cmake_target_skip_unavailable' from command line to 'False'
[0.205s] Level 5:colcon.colcon_core.verb:set package 'arbiter' build argument 'cmake_clean_cache' from command line to 'False'
[0.205s] Level 5:colcon.colcon_core.verb:set package 'arbiter' build argument 'cmake_clean_first' from command line to 'False'
[0.205s] Level 5:colcon.colcon_core.verb:set package 'arbiter' build argument 'cmake_force_configure' from command line to 'False'
[0.205s] Level 5:colcon.colcon_core.verb:set package 'arbiter' build argument 'ament_cmake_args' from command line to 'None'
[0.205s] Level 5:colcon.colcon_core.verb:set package 'arbiter' build argument 'catkin_cmake_args' from command line to 'None'
[0.205s] Level 5:colcon.colcon_core.verb:set package 'arbiter' build argument 'catkin_skip_building_tests' from command line to 'False'
[0.205s] DEBUG:colcon.colcon_core.verb:Building package 'arbiter' with the following arguments: {'ament_cmake_args': None, 'build_base': '/home/xander/firmware_overall/ros2_wk/build/arbiter', 'catkin_cmake_args': None, 'catkin_skip_building_tests': False, 'cmake_args': None, 'cmake_clean_cache': False, 'cmake_clean_first': False, 'cmake_force_configure': False, 'cmake_target': None, 'cmake_target_skip_unavailable': False, 'install_base': '/home/xander/firmware_overall/ros2_wk/install/arbiter', 'merge_install': False, 'path': '/home/xander/firmware_overall/ros2_wk/src/arbiter', 'symlink_install': False, 'test_result_base': None}
[0.206s] Level 5:colcon.colcon_core.verb:set package 'mux' build argument 'cmake_args' from command line to 'None'
[0.206s] Level 5:colcon.colcon_core.verb:set package 'mux' build argument 'cmake_target' from command line to 'None'
[0.206s] Level 5:colcon.colcon_core.verb:set package 'mux' build argument 'cmake_target_skip_unavailable' from command line to 'False'
[0.206s] Level 5:colcon.colcon_core.verb:set package 'mux' build argument 'cmake_clean_cache' from command line to 'False'
[0.206s] Level 5:colcon.colcon_core.verb:set package 'mux' build argument 'cmake_clean_first' from command line to 'False'
[0.206s] Level 5:colcon.colcon_core.verb:set package 'mux' build argument 'cmake_force_configure' from command line to 'False'
[0.206s] Level 5:colcon.colcon_core.verb:set package 'mux' build argument 'ament_cmake_args' from command line to 'None'
[0.206s] Level 5:colcon.colcon_core.verb:set package 'mux' build argument 'catkin_cmake_args' from command line to 'None'
[0.206s] Level 5:colcon.colcon_core.verb:set package 'mux' build argument 'catkin_skip_building_tests' from command line to 'False'
[0.206s] DEBUG:colcon.colcon_core.verb:Building package 'mux' with the following arguments: {'ament_cmake_args': None, 'build_base': '/home/xander/firmware_overall/ros2_wk/build/mux', 'catkin_cmake_args': None, 'catkin_skip_building_tests': False, 'cmake_args': None, 'cmake_clean_cache': False, 'cmake_clean_first': False, 'cmake_force_configure': False, 'cmake_target': None, 'cmake_target_skip_unavailable': False, 'install_base': '/home/xander/firmware_overall/ros2_wk/install/mux', 'merge_install': False, 'path': '/home/xander/firmware_overall/ros2_wk/src/mux', 'symlink_install': False, 'test_result_base': None}
[0.206s] Level 5:colcon.colcon_core.verb:set package 'test_publishers' build argument 'cmake_args' from command line to 'None'
[0.206s] Level 5:colcon.colcon_core.verb:set package 'test_publishers' build argument 'cmake_target' from command line to 'None'
[0.206s] Level 5:colcon.colcon_core.verb:set package 'test_publishers' build argument 'cmake_target_skip_unavailable' from command line to 'False'
[0.206s] Level 5:colcon.colcon_core.verb:set package 'test_publishers' build argument 'cmake_clean_cache' from command line to 'False'
[0.206s] Level 5:colcon.colcon_core.verb:set package 'test_publishers' build argument 'cmake_clean_first' from command line to 'False'
[0.206s] Level 5:colcon.colcon_core.verb:set package 'test_publishers' build argument 'cmake_force_configure' from command line to 'False'
[0.206s] Level 5:colcon.colcon_core.verb:set package 'test_publishers' build argument 'ament_cmake_args' from command line to 'None'
[0.206s] Level 5:colcon.colcon_core.verb:set package 'test_publishers' build argument 'catkin_cmake_args' from command line to 'None'
[0.206s] Level 5:colcon.colcon_core.verb:set package 'test_publishers' build argument 'catkin_skip_building_tests' from command line to 'False'
[0.206s] DEBUG:colcon.colcon_core.verb:Building package 'test_publishers' with the following arguments: {'ament_cmake_args': None, 'build_base': '/home/xander/firmware_overall/ros2_wk/build/test_publishers', 'catkin_cmake_args': None, 'catkin_skip_building_tests': False, 'cmake_args': None, 'cmake_clean_cache': False, 'cmake_clean_first': False, 'cmake_force_configure': False, 'cmake_target': None, 'cmake_target_skip_unavailable': False, 'install_base': '/home/xander/firmware_overall/ros2_wk/install/test_publishers', 'merge_install': False, 'path': '/home/xander/firmware_overall/ros2_wk/src/test_publishers', 'symlink_install': False, 'test_result_base': None}
[0.206s] INFO:colcon.colcon_core.executor:Executing jobs using 'parallel' executor
[0.207s] DEBUG:colcon.colcon_parallel_executor.executor.parallel:run_until_complete
[0.207s] INFO:colcon.colcon_ros.task.ament_cmake.build:Building ROS package in '/home/xander/firmware_overall/ros2_wk/src/arbiter' with build type 'ament_cmake'
[0.207s] INFO:colcon.colcon_cmake.task.cmake.build:Building CMake package in '/home/xander/firmware_overall/ros2_wk/src/arbiter'
[0.209s] INFO:colcon.colcon_core.plugin_system:Skipping extension 'colcon_core.shell.bat': Not used on non-Windows systems
[0.209s] INFO:colcon.colcon_core.shell:Skip shell extension 'powershell' for command environment: Not usable outside of PowerShell
[0.209s] DEBUG:colcon.colcon_core.shell:Skip shell extension 'dsv' for command environment
[0.213s] INFO:colcon.colcon_ros.task.ament_cmake.build:Building ROS package in '/home/xander/firmware_overall/ros2_wk/src/mux' with build type 'ament_cmake'
[0.213s] INFO:colcon.colcon_cmake.task.cmake.build:Building CMake package in '/home/xander/firmware_overall/ros2_wk/src/mux'
[0.213s] INFO:colcon.colcon_core.shell:Skip shell extension 'powershell' for command environment: Not usable outside of PowerShell
[0.213s] DEBUG:colcon.colcon_core.shell:Skip shell extension 'dsv' for command environment
[0.217s] INFO:colcon.colcon_ros.task.ament_cmake.build:Building ROS package in '/home/xander/firmware_overall/ros2_wk/src/test_publishers' with build type 'ament_cmake'
[0.217s] INFO:colcon.colcon_cmake.task.cmake.build:Building CMake package in '/home/xander/firmware_overall/ros2_wk/src/test_publishers'
[0.218s] INFO:colcon.colcon_core.shell:Skip shell extension 'powershell' for command environment: Not usable outside of PowerShell
[0.218s] DEBUG:colcon.colcon_core.shell:Skip shell extension 'dsv' for command environment
[0.260s] DEBUG:colcon.colcon_core.event_handler.log_command:Invoking command in '/home/xander/firmware_overall/ros2_wk/build/arbiter': CMAKE_PREFIX_PATH=${CMAKE_PREFIX_PATH}:/home/xander/ros2_ws/install/my_py_pkg:/opt/ros/humble /usr/bin/cmake --build /home/xander/firmware_overall/ros2_wk/build/arbiter -- -j6 -l6
[0.276s] DEBUG:colcon.colcon_core.event_handler.log_command:Invoking command in '/home/xander/firmware_overall/ros2_wk/build/mux': CMAKE_PREFIX_PATH=${CMAKE_PREFIX_PATH}:/home/xander/ros2_ws/install/my_py_pkg:/opt/ros/humble /usr/bin/cmake --build /home/xander/firmware_overall/ros2_wk/build/mux -- -j6 -l6
[0.284s] DEBUG:colcon.colcon_core.event_handler.log_command:Invoking command in '/home/xander/firmware_overall/ros2_wk/build/test_publishers': CMAKE_PREFIX_PATH=${CMAKE_PREFIX_PATH}:/home/xander/ros2_ws/install/my_py_pkg:/opt/ros/humble /usr/bin/cmake --build /home/xander/firmware_overall/ros2_wk/build/test_publishers -- -j6 -l6
[0.358s] DEBUG:colcon.colcon_core.event_handler.log_command:Invoked command in '/home/xander/firmware_overall/ros2_wk/build/test_publishers' returned '0': CMAKE_PREFIX_PATH=${CMAKE_PREFIX_PATH}:/home/xander/ros2_ws/install/my_py_pkg:/opt/ros/humble /usr/bin/cmake --build /home/xander/firmware_overall/ros2_wk/build/test_publishers -- -j6 -l6
[0.358s] DEBUG:colcon.colcon_core.event_handler.log_command:Invoked command in '/home/xander/firmware_overall/ros2_wk/build/arbiter' returned '0': CMAKE_PREFIX_PATH=${CMAKE_PREFIX_PATH}:/home/xander/ros2_ws/install/my_py_pkg:/opt/ros/humble /usr/bin/cmake --build /home/xander/firmware_overall/ros2_wk/build/arbiter -- -j6 -l6
[0.427s] DEBUG:colcon.colcon_core.event_handler.log_command:Invoking command in '/home/xander/firmware_overall/ros2_wk/build/test_publishers': CMAKE_PREFIX_PATH=${CMAKE_PREFIX_PATH}:/home/xander/ros2_ws/install/my_py_pkg:/opt/ros/humble /usr/bin/cmake --install /home/xander/firmware_overall/ros2_wk/build/test_publishers
[0.430s] DEBUG:colcon.colcon_core.event_handler.log_command:Invoking command in '/home/xander/firmware_overall/ros2_wk/build/arbiter': CMAKE_PREFIX_PATH=${CMAKE_PREFIX_PATH}:/home/xander/ros2_ws/install/my_py_pkg:/opt/ros/humble /usr/bin/cmake --install /home/xander/firmware_overall/ros2_wk/build/arbiter
[0.437s] Level 1:colcon.colcon_core.environment:create_environment_scripts_only(test_publishers)
[0.443s] DEBUG:colcon.colcon_core.event_handler.log_command:Invoked command in '/home/xander/firmware_overall/ros2_wk/build/test_publishers' returned '0': CMAKE_PREFIX_PATH=${CMAKE_PREFIX_PATH}:/home/xander/ros2_ws/install/my_py_pkg:/opt/ros/humble /usr/bin/cmake --install /home/xander/firmware_overall/ros2_wk/build/test_publishers
[0.484s] Level 1:colcon.colcon_core.environment:checking '/home/xander/firmware_overall/ros2_wk/install/test_publishers' for CMake module files
[0.487s] Level 1:colcon.colcon_core.environment:checking '/home/xander/firmware_overall/ros2_wk/install/test_publishers' for CMake config files
[0.489s] Level 1:colcon.colcon_core.shell:create_environment_hook('test_publishers', 'cmake_prefix_path')
[0.489s] INFO:colcon.colcon_core.shell:Creating environment hook '/home/xander/firmware_overall/ros2_wk/install/test_publishers/share/test_publishers/hook/cmake_prefix_path.ps1'
[0.490s] INFO:colcon.colcon_core.shell:Creating environment descriptor '/home/xander/firmware_overall/ros2_wk/install/test_publishers/share/test_publishers/hook/cmake_prefix_path.dsv'
[0.490s] INFO:colcon.colcon_core.shell:Creating environment hook '/home/xander/firmware_overall/ros2_wk/install/test_publishers/share/test_publishers/hook/cmake_prefix_path.sh'
[0.491s] Level 1:colcon.colcon_core.environment:checking '/home/xander/firmware_overall/ros2_wk/install/test_publishers/bin'
[0.491s] Level 1:colcon.colcon_core.environment:checking '/home/xander/firmware_overall/ros2_wk/install/test_publishers/lib/pkgconfig/test_publishers.pc'
[0.491s] Level 1:colcon.colcon_core.environment:checking '/home/xander/firmware_overall/ros2_wk/install/test_publishers/lib/python3.10/site-packages'
[0.492s] Level 1:colcon.colcon_core.environment:checking '/home/xander/firmware_overall/ros2_wk/install/test_publishers/bin'
[0.492s] INFO:colcon.colcon_core.shell:Creating package script '/home/xander/firmware_overall/ros2_wk/install/test_publishers/share/test_publishers/package.ps1'
[0.493s] INFO:colcon.colcon_core.shell:Creating package descriptor '/home/xander/firmware_overall/ros2_wk/install/test_publishers/share/test_publishers/package.dsv'
[0.493s] INFO:colcon.colcon_core.shell:Creating package script '/home/xander/firmware_overall/ros2_wk/install/test_publishers/share/test_publishers/package.sh'
[0.494s] INFO:colcon.colcon_core.shell:Creating package script '/home/xander/firmware_overall/ros2_wk/install/test_publishers/share/test_publishers/package.bash'
[0.495s] INFO:colcon.colcon_core.shell:Creating package script '/home/xander/firmware_overall/ros2_wk/install/test_publishers/share/test_publishers/package.zsh'
[0.495s] Level 1:colcon.colcon_core.environment:create_file_with_runtime_dependencies(/home/xander/firmware_overall/ros2_wk/install/test_publishers/share/colcon-core/packages/test_publishers)
[0.498s] Level 1:colcon.colcon_core.environment:create_environment_scripts_only(arbiter)
[0.498s] Level 1:colcon.colcon_core.environment:checking '/home/xander/firmware_overall/ros2_wk/install/arbiter' for CMake module files
[0.502s] Level 1:colcon.colcon_core.environment:checking '/home/xander/firmware_overall/ros2_wk/install/arbiter' for CMake config files
[0.502s] Level 1:colcon.colcon_core.shell:create_environment_hook('arbiter', 'cmake_prefix_path')
[0.503s] INFO:colcon.colcon_core.shell:Creating environment hook '/home/xander/firmware_overall/ros2_wk/install/arbiter/share/arbiter/hook/cmake_prefix_path.ps1'
[0.504s] DEBUG:colcon.colcon_core.event_handler.log_command:Invoked command in '/home/xander/firmware_overall/ros2_wk/build/arbiter' returned '0': CMAKE_PREFIX_PATH=${CMAKE_PREFIX_PATH}:/home/xander/ros2_ws/install/my_py_pkg:/opt/ros/humble /usr/bin/cmake --install /home/xander/firmware_overall/ros2_wk/build/arbiter
[0.504s] INFO:colcon.colcon_core.shell:Creating environment descriptor '/home/xander/firmware_overall/ros2_wk/install/arbiter/share/arbiter/hook/cmake_prefix_path.dsv'
[0.505s] INFO:colcon.colcon_core.shell:Creating environment hook '/home/xander/firmware_overall/ros2_wk/install/arbiter/share/arbiter/hook/cmake_prefix_path.sh'
[0.505s] Level 1:colcon.colcon_core.environment:checking '/home/xander/firmware_overall/ros2_wk/install/arbiter/lib'
[0.505s] Level 1:colcon.colcon_core.environment:checking '/home/xander/firmware_overall/ros2_wk/install/arbiter/bin'
[0.506s] Level 1:colcon.colcon_core.environment:checking '/home/xander/firmware_overall/ros2_wk/install/arbiter/lib/pkgconfig/arbiter.pc'
[0.506s] Level 1:colcon.colcon_core.environment:checking '/home/xander/firmware_overall/ros2_wk/install/arbiter/lib/python3.10/site-packages'
[0.507s] Level 1:colcon.colcon_core.environment:checking '/home/xander/firmware_overall/ros2_wk/install/arbiter/bin'
[0.507s] INFO:colcon.colcon_core.shell:Creating package script '/home/xander/firmware_overall/ros2_wk/install/arbiter/share/arbiter/package.ps1'
[0.508s] INFO:colcon.colcon_core.shell:Creating package descriptor '/home/xander/firmware_overall/ros2_wk/install/arbiter/share/arbiter/package.dsv'
[0.508s] INFO:colcon.colcon_core.shell:Creating package script '/home/xander/firmware_overall/ros2_wk/install/arbiter/share/arbiter/package.sh'
[0.509s] INFO:colcon.colcon_core.shell:Creating package script '/home/xander/firmware_overall/ros2_wk/install/arbiter/share/arbiter/package.bash'
[0.509s] INFO:colcon.colcon_core.shell:Creating package script '/home/xander/firmware_overall/ros2_wk/install/arbiter/share/arbiter/package.zsh'
[0.510s] Level 1:colcon.colcon_core.environment:create_file_with_runtime_dependencies(/home/xander/firmware_overall/ros2_wk/install/arbiter/share/colcon-core/packages/arbiter)
[0.559s] Level 1:colcon.colcon_core.environment:create_environment_scripts_only(test_publishers)
[0.560s] Level 1:colcon.colcon_core.environment:checking '/home/xander/firmware_overall/ros2_wk/install/test_publishers' for CMake module files
[0.561s] Level 1:colcon.colcon_core.environment:checking '/home/xander/firmware_overall/ros2_wk/install/test_publishers' for CMake config files
[0.562s] Level 1:colcon.colcon_core.shell:create_environment_hook('test_publishers', 'cmake_prefix_path')
[0.562s] INFO:colcon.colcon_core.shell:Creating environment hook '/home/xander/firmware_overall/ros2_wk/install/test_publishers/share/test_publishers/hook/cmake_prefix_path.ps1'
[0.571s] INFO:colcon.colcon_core.shell:Creating environment descriptor '/home/xander/firmware_overall/ros2_wk/install/test_publishers/share/test_publishers/hook/cmake_prefix_path.dsv'
[0.571s] INFO:colcon.colcon_core.shell:Creating environment hook '/home/xander/firmware_overall/ros2_wk/install/test_publishers/share/test_publishers/hook/cmake_prefix_path.sh'
[0.579s] Level 1:colcon.colcon_core.environment:checking '/home/xander/firmware_overall/ros2_wk/install/test_publishers/bin'
[0.579s] Level 1:colcon.colcon_core.environment:checking '/home/xander/firmware_overall/ros2_wk/install/test_publishers/lib/pkgconfig/test_publishers.pc'
[0.579s] Level 1:colcon.colcon_core.environment:checking '/home/xander/firmware_overall/ros2_wk/install/test_publishers/lib/python3.10/site-packages'
[0.579s] Level 1:colcon.colcon_core.environment:checking '/home/xander/firmware_overall/ros2_wk/install/test_publishers/bin'
[0.579s] INFO:colcon.colcon_core.shell:Creating package script '/home/xander/firmware_overall/ros2_wk/install/test_publishers/share/test_publishers/package.ps1'
[0.580s] INFO:colcon.colcon_core.shell:Creating package descriptor '/home/xander/firmware_overall/ros2_wk/install/test_publishers/share/test_publishers/package.dsv'
[0.580s] INFO:colcon.colcon_core.shell:Creating package script '/home/xander/firmware_overall/ros2_wk/install/test_publishers/share/test_publishers/package.sh'
[0.581s] INFO:colcon.colcon_core.shell:Creating package script '/home/xander/firmware_overall/ros2_wk/install/test_publishers/share/test_publishers/package.bash'
[0.582s] INFO:colcon.colcon_core.shell:Creating package script '/home/xander/firmware_overall/ros2_wk/install/test_publishers/share/test_publishers/package.zsh'
[0.582s] Level 1:colcon.colcon_core.environment:create_file_with_runtime_dependencies(/home/xander/firmware_overall/ros2_wk/install/test_publishers/share/colcon-core/packages/test_publishers)
[0.603s] Level 1:colcon.colcon_core.environment:create_environment_scripts_only(arbiter)
[0.603s] Level 1:colcon.colcon_core.environment:checking '/home/xander/firmware_overall/ros2_wk/install/arbiter' for CMake module files
[0.603s] Level 1:colcon.colcon_core.environment:checking '/home/xander/firmware_overall/ros2_wk/install/arbiter' for CMake config files
[0.603s] Level 1:colcon.colcon_core.shell:create_environment_hook('arbiter', 'cmake_prefix_path')
[0.603s] INFO:colcon.colcon_core.shell:Creating environment hook '/home/xander/firmware_overall/ros2_wk/install/arbiter/share/arbiter/hook/cmake_prefix_path.ps1'
[0.605s] INFO:colcon.colcon_core.shell:Creating environment descriptor '/home/xander/firmware_overall/ros2_wk/install/arbiter/share/arbiter/hook/cmake_prefix_path.dsv'
[0.606s] INFO:colcon.colcon_core.shell:Creating environment hook '/home/xander/firmware_overall/ros2_wk/install/arbiter/share/arbiter/hook/cmake_prefix_path.sh'
[0.606s] Level 1:colcon.colcon_core.environment:checking '/home/xander/firmware_overall/ros2_wk/install/arbiter/lib'
[0.606s] Level 1:colcon.colcon_core.environment:checking '/home/xander/firmware_overall/ros2_wk/install/arbiter/bin'
[0.606s] Level 1:colcon.colcon_core.environment:checking '/home/xander/firmware_overall/ros2_wk/install/arbiter/lib/pkgconfig/arbiter.pc'
[0.606s] Level 1:colcon.colcon_core.environment:checking '/home/xander/firmware_overall/ros2_wk/install/arbiter/lib/python3.10/site-packages'
[0.607s] Level 1:colcon.colcon_core.environment:checking '/home/xander/firmware_overall/ros2_wk/install/arbiter/bin'
[0.607s] INFO:colcon.colcon_core.shell:Creating package script '/home/xander/firmware_overall/ros2_wk/install/arbiter/share/arbiter/package.ps1'
[0.607s] INFO:colcon.colcon_core.shell:Creating package descriptor '/home/xander/firmware_overall/ros2_wk/install/arbiter/share/arbiter/package.dsv'
[0.608s] INFO:colcon.colcon_core.shell:Creating package script '/home/xander/firmware_overall/ros2_wk/install/arbiter/share/arbiter/package.sh'
[0.609s] INFO:colcon.colcon_core.shell:Creating package script '/home/xander/firmware_overall/ros2_wk/install/arbiter/share/arbiter/package.bash'
[0.609s] INFO:colcon.colcon_core.shell:Creating package script '/home/xander/firmware_overall/ros2_wk/install/arbiter/share/arbiter/package.zsh'
[0.610s] Level 1:colcon.colcon_core.environment:create_file_with_runtime_dependencies(/home/xander/firmware_overall/ros2_wk/install/arbiter/share/colcon-core/packages/arbiter)
[0.787s] DEBUG:colcon.colcon_core.event_handler.log_command:Invoked command in '/home/xander/firmware_overall/ros2_wk/build/mux' returned '2': CMAKE_PREFIX_PATH=${CMAKE_PREFIX_PATH}:/home/xander/ros2_ws/install/my_py_pkg:/opt/ros/humble /usr/bin/cmake --build /home/xander/firmware_overall/ros2_wk/build/mux -- -j6 -l6
[0.841s] Level 1:colcon.colcon_core.environment:create_environment_scripts_only(mux)
[0.841s] Level 1:colcon.colcon_core.environment:checking '/home/xander/firmware_overall/ros2_wk/install/mux' for CMake module files
[0.841s] Level 1:colcon.colcon_core.environment:checking '/home/xander/firmware_overall/ros2_wk/install/mux' for CMake config files
[0.842s] Level 1:colcon.colcon_core.environment:checking '/home/xander/firmware_overall/ros2_wk/install/mux/bin'
[0.842s] Level 1:colcon.colcon_core.environment:checking '/home/xander/firmware_overall/ros2_wk/install/mux/lib/pkgconfig/mux.pc'
[0.842s] Level 1:colcon.colcon_core.environment:checking '/home/xander/firmware_overall/ros2_wk/install/mux/lib/python3.10/site-packages'
[0.842s] Level 1:colcon.colcon_core.environment:checking '/home/xander/firmware_overall/ros2_wk/install/mux/bin'
[0.842s] INFO:colcon.colcon_core.shell:Creating package script '/home/xander/firmware_overall/ros2_wk/install/mux/share/mux/package.ps1'
[0.843s] INFO:colcon.colcon_core.shell:Creating package descriptor '/home/xander/firmware_overall/ros2_wk/install/mux/share/mux/package.dsv'
[0.843s] INFO:colcon.colcon_core.shell:Creating package script '/home/xander/firmware_overall/ros2_wk/install/mux/share/mux/package.sh'
[0.844s] INFO:colcon.colcon_core.shell:Creating package script '/home/xander/firmware_overall/ros2_wk/install/mux/share/mux/package.bash'
[0.844s] INFO:colcon.colcon_core.shell:Creating package script '/home/xander/firmware_overall/ros2_wk/install/mux/share/mux/package.zsh'
[0.845s] Level 1:colcon.colcon_core.environment:create_file_with_runtime_dependencies(/home/xander/firmware_overall/ros2_wk/install/mux/share/colcon-core/packages/mux)
[0.862s] DEBUG:colcon.colcon_parallel_executor.executor.parallel:closing loop
[0.862s] DEBUG:colcon.colcon_parallel_executor.executor.parallel:loop closed
[0.862s] DEBUG:colcon.colcon_parallel_executor.executor.parallel:run_until_complete finished with '2'
[0.872s] DEBUG:colcon.colcon_core.event_reactor:joining thread
[0.902s] INFO:colcon.colcon_core.plugin_system:Skipping extension 'colcon_notification.desktop_notification.terminal_notifier': Not used on non-Darwin systems
[0.902s] INFO:colcon.colcon_core.plugin_system:Skipping extension 'colcon_notification.desktop_notification.win32': Not used on non-Windows systems
[0.902s] INFO:colcon.colcon_notification.desktop_notification:Sending desktop notification using 'notify2'
[0.922s] DEBUG:colcon.colcon_core.event_reactor:joined thread
[0.923s] INFO:colcon.colcon_core.shell:Creating prefix script '/home/xander/firmware_overall/ros2_wk/install/local_setup.ps1'
[0.924s] INFO:colcon.colcon_core.shell:Creating prefix util module '/home/xander/firmware_overall/ros2_wk/install/_local_setup_util_ps1.py'
[0.925s] INFO:colcon.colcon_core.shell:Creating prefix chain script '/home/xander/firmware_overall/ros2_wk/install/setup.ps1'
[0.926s] INFO:colcon.colcon_core.shell:Creating prefix script '/home/xander/firmware_overall/ros2_wk/install/local_setup.sh'
[0.927s] INFO:colcon.colcon_core.shell:Creating prefix util module '/home/xander/firmware_overall/ros2_wk/install/_local_setup_util_sh.py'
[0.927s] INFO:colcon.colcon_core.shell:Creating prefix chain script '/home/xander/firmware_overall/ros2_wk/install/setup.sh'
[0.928s] INFO:colcon.colcon_core.shell:Creating prefix script '/home/xander/firmware_overall/ros2_wk/install/local_setup.bash'
[0.929s] INFO:colcon.colcon_core.shell:Creating prefix chain script '/home/xander/firmware_overall/ros2_wk/install/setup.bash'
[0.929s] INFO:colcon.colcon_core.shell:Creating prefix script '/home/xander/firmware_overall/ros2_wk/install/local_setup.zsh'
[0.930s] INFO:colcon.colcon_core.shell:Creating prefix chain script '/home/xander/firmware_overall/ros2_wk/install/setup.zsh'
