[0.007s] Invoking command in '/home/xander/firmware_overall/ros2_wk/build/shared_msgs': CMAKE_PREFIX_PATH=${CMAKE_PREFIX_PATH}:/home/xander/ros2_ws/install/my_py_pkg:/opt/ros/humble /usr/bin/cmake /home/xander/firmware_overall/ros2_wk/src/shared_msgs -DCMAKE_INSTALL_PREFIX=/home/xander/firmware_overall/ros2_wk/install/shared_msgs
[0.061s] -- The C compiler identification is GNU 11.4.0
[0.107s] -- The CXX compiler identification is GNU 11.4.0
[0.114s] -- Detecting C compiler ABI info
[0.200s] -- Detecting C compiler ABI info - done
[0.206s] -- Check for working C compiler: /usr/bin/cc - skipped
[0.206s] -- Detecting C compile features
[0.207s] -- Detecting C compile features - done
[0.207s] -- Detecting CXX compiler ABI info
[0.300s] -- Detecting CXX compiler ABI info - done
[0.301s] -- Check for working CXX compiler: /usr/bin/c++ - skipped
[0.301s] -- Detecting CXX compile features
[0.301s] -- Detecting CXX compile features - done
[0.301s] -- Found ament_cmake: 1.3.10 (/opt/ros/humble/share/ament_cmake/cmake)
[0.412s] -- Found Python3: /usr/bin/python3 (found version "3.10.12") found components: Interpreter 
[0.470s] -- Found ament_lint_auto: 0.12.11 (/opt/ros/humble/share/ament_lint_auto/cmake)
[0.524s] -- Found rosidl_default_generators: 1.2.0 (/opt/ros/humble/share/rosidl_default_generators/cmake)
[0.526s] -- Using all available rosidl_typesupport_c: rosidl_typesupport_fastrtps_c;rosidl_typesupport_introspection_c
[0.529s] -- Found rosidl_adapter: 3.1.5 (/opt/ros/humble/share/rosidl_adapter/cmake)
[0.548s] -- Using all available rosidl_typesupport_cpp: rosidl_typesupport_fastrtps_cpp;rosidl_typesupport_introspection_cpp
[0.577s] -- Found geometry_msgs: 4.2.4 (/opt/ros/humble/share/geometry_msgs/cmake)
[0.687s] [31mCMake Error at /opt/ros/humble/share/rosidl_cmake/cmake/rosidl_generate_interfaces.cmake:229 (message):
[0.687s]   Packages installing interfaces must include
[0.687s]   '<member_of_group>rosidl_interface_packages</member_of_group>' in their
[0.687s]   package.xml
[0.687s] Call Stack (most recent call first):
[0.687s]   CMakeLists.txt:28 (rosidl_generate_interfaces)
[0.687s] 
[0.687s] [0m
[0.687s] -- Configuring incomplete, errors occurred!
[0.687s] See also "/home/xander/firmware_overall/ros2_wk/build/shared_msgs/CMakeFiles/CMakeOutput.log".
[0.693s] Invoked command in '/home/xander/firmware_overall/ros2_wk/build/shared_msgs' returned '1': CMAKE_PREFIX_PATH=${CMAKE_PREFIX_PATH}:/home/xander/ros2_ws/install/my_py_pkg:/opt/ros/humble /usr/bin/cmake /home/xander/firmware_overall/ros2_wk/src/shared_msgs -DCMAKE_INSTALL_PREFIX=/home/xander/firmware_overall/ros2_wk/install/shared_msgs
