-- Found ament_cmake: 1.3.10 (/opt/ros/humble/share/ament_cmake/cmake)
-- Found rclcpp: 16.0.10 (/opt/ros/humble/share/rclcpp/cmake)
-- Found rosidl_generator_c: 3.1.5 (/opt/ros/humble/share/rosidl_generator_c/cmake)
-- Found rosidl_adapter: 3.1.5 (/opt/ros/humble/share/rosidl_adapter/cmake)
-- Found rosidl_generator_cpp: 3.1.5 (/opt/ros/humble/share/rosidl_generator_cpp/cmake)
-- Using all available rosidl_typesupport_c: rosidl_typesupport_fastrtps_c;rosidl_typesupport_introspection_c
-- Using all available rosidl_typesupport_cpp: rosidl_typesupport_fastrtps_cpp;rosidl_typesupport_introspection_cpp
-- Found rmw_implementation_cmake: 6.1.2 (/opt/ros/humble/share/rmw_implementation_cmake/cmake)
-- Found rmw_fastrtps_cpp: 6.2.7 (/opt/ros/humble/share/rmw_fastrtps_cpp/cmake)
-- Using RMW implementation 'rmw_fastrtps_cpp' as default
-- Found geometry_msgs: 4.2.4 (/opt/ros/humble/share/geometry_msgs/cmake)
-- Found ament_lint_auto: 0.12.11 (/opt/ros/humble/share/ament_lint_auto/cmake)
-- Added test 'cppcheck' to perform static code analysis on C / C++ code
-- Configured cppcheck include dirs: 
-- Configured cppcheck exclude dirs and/or files: 
-- Added test 'lint_cmake' to check CMake code style
-- Added test 'uncrustify' to check C / C++ code style
-- Configured uncrustify additional arguments: 
-- Added test 'xmllint' to check XML markup files
-- Configuring done
-- Generating done
-- Build files have been written to: /home/xander/firmware_overall/ros2_wk/build/mux
[ 50%] [32mBuilding CXX object CMakeFiles/mux.dir/src/mux.cpp.o[0m
[100%] [32m[1mLinking CXX executable mux[0m
[100%] Built target mux
-- Install configuration: ""
-- Installing: /home/xander/firmware_overall/ros2_wk/install/mux/lib/mux/mux
-- Set runtime path of "/home/xander/firmware_overall/ros2_wk/install/mux/lib/mux/mux" to ""
-- Installing: /home/xander/firmware_overall/ros2_wk/install/mux/share/ament_index/resource_index/package_run_dependencies/mux
-- Installing: /home/xander/firmware_overall/ros2_wk/install/mux/share/ament_index/resource_index/parent_prefix_path/mux
-- Installing: /home/xander/firmware_overall/ros2_wk/install/mux/share/mux/environment/ament_prefix_path.sh
-- Installing: /home/xander/firmware_overall/ros2_wk/install/mux/share/mux/environment/ament_prefix_path.dsv
-- Installing: /home/xander/firmware_overall/ros2_wk/install/mux/share/mux/environment/path.sh
-- Installing: /home/xander/firmware_overall/ros2_wk/install/mux/share/mux/environment/path.dsv
-- Installing: /home/xander/firmware_overall/ros2_wk/install/mux/share/mux/local_setup.bash
-- Installing: /home/xander/firmware_overall/ros2_wk/install/mux/share/mux/local_setup.sh
-- Installing: /home/xander/firmware_overall/ros2_wk/install/mux/share/mux/local_setup.zsh
-- Installing: /home/xander/firmware_overall/ros2_wk/install/mux/share/mux/local_setup.dsv
-- Installing: /home/xander/firmware_overall/ros2_wk/install/mux/share/mux/package.dsv
-- Installing: /home/xander/firmware_overall/ros2_wk/install/mux/share/ament_index/resource_index/packages/mux
-- Installing: /home/xander/firmware_overall/ros2_wk/install/mux/share/mux/cmake/muxConfig.cmake
-- Installing: /home/xander/firmware_overall/ros2_wk/install/mux/share/mux/cmake/muxConfig-version.cmake
-- Installing: /home/xander/firmware_overall/ros2_wk/install/mux/share/mux/package.xml
