[0.013s] Invoking command in '/home/xander/firmware_overall/ros2_wk/build/firmware_interfaces': CMAKE_PREFIX_PATH=${CMAKE_PREFIX_PATH}:/home/xander/ros2_ws/install/my_py_pkg:/opt/ros/humble /usr/bin/cmake --build /home/xander/firmware_overall/ros2_wk/build/firmware_interfaces -- -j6 -l6
[0.092s] [35m[1mConsolidate compiler generated dependencies of target firmware_interfaces__rosidl_generator_c[0m
[0.103s] [  3%] Built target firmware_interfaces__cpp
[0.106s] [ 12%] Built target firmware_interfaces__rosidl_generator_c
[0.120s] [ 12%] Built target ament_cmake_python_copy_firmware_interfaces
[0.123s] [35m[1mConsolidate compiler generated dependencies of target firmware_interfaces__rosidl_typesupport_cpp[0m
[0.123s] [35m[1mConsolidate compiler generated dependencies of target firmware_interfaces__rosidl_typesupport_introspection_cpp[0m
[0.124s] [35m[1mConsolidate compiler generated dependencies of target firmware_interfaces__rosidl_typesupport_fastrtps_cpp[0m
[0.139s] [35m[1mConsolidate compiler generated dependencies of target firmware_interfaces__rosidl_typesupport_fastrtps_c[0m
[0.139s] [35m[1mConsolidate compiler generated dependencies of target firmware_interfaces__rosidl_typesupport_introspection_c[0m
[0.159s] [35m[1mConsolidate compiler generated dependencies of target firmware_interfaces__rosidl_typesupport_c[0m
[0.174s] [ 22%] Built target firmware_interfaces__rosidl_typesupport_cpp
[0.174s] [ 32%] Built target firmware_interfaces__rosidl_typesupport_introspection_cpp
[0.174s] [ 41%] Built target firmware_interfaces__rosidl_typesupport_fastrtps_c
[0.174s] [ 51%] Built target firmware_interfaces__rosidl_typesupport_fastrtps_cpp
[0.180s] [ 61%] Built target firmware_interfaces__rosidl_typesupport_introspection_c
[0.180s] [ 70%] Built target firmware_interfaces__rosidl_typesupport_c
[0.205s] [ 70%] Built target firmware_interfaces
[0.229s] [ 74%] Built target firmware_interfaces__py
[0.250s] [35m[1mConsolidate compiler generated dependencies of target firmware_interfaces__rosidl_generator_py[0m
[0.266s] [ 80%] Built target firmware_interfaces__rosidl_generator_py
[0.291s] [35m[1mConsolidate compiler generated dependencies of target firmware_interfaces__rosidl_typesupport_fastrtps_c__pyext[0m
[0.293s] [35m[1mConsolidate compiler generated dependencies of target firmware_interfaces__rosidl_typesupport_introspection_c__pyext[0m
[0.300s] [35m[1mConsolidate compiler generated dependencies of target firmware_interfaces__rosidl_typesupport_c__pyext[0m
[0.314s] [ 87%] Built target firmware_interfaces__rosidl_typesupport_fastrtps_c__pyext
[0.316s] [ 93%] Built target firmware_interfaces__rosidl_typesupport_c__pyext
[0.322s] [100%] Built target firmware_interfaces__rosidl_typesupport_introspection_c__pyext
[0.383s] running egg_info
[0.383s] writing firmware_interfaces.egg-info/PKG-INFO
[0.383s] writing dependency_links to firmware_interfaces.egg-info/dependency_links.txt
[0.383s] writing top-level names to firmware_interfaces.egg-info/top_level.txt
[0.385s] reading manifest file 'firmware_interfaces.egg-info/SOURCES.txt'
[0.385s] writing manifest file 'firmware_interfaces.egg-info/SOURCES.txt'
[0.405s] [100%] Built target ament_cmake_python_build_firmware_interfaces_egg
[0.425s] Invoked command in '/home/xander/firmware_overall/ros2_wk/build/firmware_interfaces' returned '0': CMAKE_PREFIX_PATH=${CMAKE_PREFIX_PATH}:/home/xander/ros2_ws/install/my_py_pkg:/opt/ros/humble /usr/bin/cmake --build /home/xander/firmware_overall/ros2_wk/build/firmware_interfaces -- -j6 -l6
[0.597s] Invoking command in '/home/xander/firmware_overall/ros2_wk/build/firmware_interfaces': CMAKE_PREFIX_PATH=${CMAKE_PREFIX_PATH}:/home/xander/ros2_ws/install/my_py_pkg:/opt/ros/humble /usr/bin/cmake --install /home/xander/firmware_overall/ros2_wk/build/firmware_interfaces
[0.603s] -- Install configuration: ""
[0.603s] -- Up-to-date: /home/xander/firmware_overall/ros2_wk/install/firmware_interfaces/share/ament_index/resource_index/rosidl_interfaces/firmware_interfaces
[0.603s] -- Up-to-date: /home/xander/firmware_overall/ros2_wk/install/firmware_interfaces/include/firmware_interfaces/firmware_interfaces
[0.604s] -- Up-to-date: /home/xander/firmware_overall/ros2_wk/install/firmware_interfaces/include/firmware_interfaces/firmware_interfaces/msg
[0.604s] -- Up-to-date: /home/xander/firmware_overall/ros2_wk/install/firmware_interfaces/include/firmware_interfaces/firmware_interfaces/msg/rosidl_generator_c__visibility_control.h
[0.604s] -- Up-to-date: /home/xander/firmware_overall/ros2_wk/install/firmware_interfaces/include/firmware_interfaces/firmware_interfaces/msg/detail
[0.604s] -- Up-to-date: /home/xander/firmware_overall/ros2_wk/install/firmware_interfaces/include/firmware_interfaces/firmware_interfaces/msg/detail/twist_and_req__type_support.h
[0.604s] -- Up-to-date: /home/xander/firmware_overall/ros2_wk/install/firmware_interfaces/include/firmware_interfaces/firmware_interfaces/msg/detail/twist_and_req__functions.c
[0.604s] -- Up-to-date: /home/xander/firmware_overall/ros2_wk/install/firmware_interfaces/include/firmware_interfaces/firmware_interfaces/msg/detail/twist_and_req__functions.h
[0.604s] -- Up-to-date: /home/xander/firmware_overall/ros2_wk/install/firmware_interfaces/include/firmware_interfaces/firmware_interfaces/msg/detail/twist_and_req__struct.h
[0.604s] -- Up-to-date: /home/xander/firmware_overall/ros2_wk/install/firmware_interfaces/include/firmware_interfaces/firmware_interfaces/msg/twist_and_req.h
[0.605s] -- Up-to-date: /home/xander/firmware_overall/ros2_wk/install/firmware_interfaces/share/firmware_interfaces/environment/library_path.sh
[0.605s] -- Up-to-date: /home/xander/firmware_overall/ros2_wk/install/firmware_interfaces/share/firmware_interfaces/environment/library_path.dsv
[0.605s] -- Up-to-date: /home/xander/firmware_overall/ros2_wk/install/firmware_interfaces/lib/libfirmware_interfaces__rosidl_generator_c.so
[0.605s] -- Up-to-date: /home/xander/firmware_overall/ros2_wk/install/firmware_interfaces/include/firmware_interfaces/firmware_interfaces
[0.605s] -- Up-to-date: /home/xander/firmware_overall/ros2_wk/install/firmware_interfaces/include/firmware_interfaces/firmware_interfaces/msg
[0.605s] -- Up-to-date: /home/xander/firmware_overall/ros2_wk/install/firmware_interfaces/include/firmware_interfaces/firmware_interfaces/msg/detail
[0.605s] -- Up-to-date: /home/xander/firmware_overall/ros2_wk/install/firmware_interfaces/include/firmware_interfaces/firmware_interfaces/msg/detail/twist_and_req__rosidl_typesupport_fastrtps_c.h
[0.605s] -- Up-to-date: /home/xander/firmware_overall/ros2_wk/install/firmware_interfaces/include/firmware_interfaces/firmware_interfaces/msg/rosidl_typesupport_fastrtps_c__visibility_control.h
[0.605s] -- Up-to-date: /home/xander/firmware_overall/ros2_wk/install/firmware_interfaces/lib/libfirmware_interfaces__rosidl_typesupport_fastrtps_c.so
[0.605s] -- Up-to-date: /home/xander/firmware_overall/ros2_wk/install/firmware_interfaces/include/firmware_interfaces/firmware_interfaces
[0.605s] -- Up-to-date: /home/xander/firmware_overall/ros2_wk/install/firmware_interfaces/include/firmware_interfaces/firmware_interfaces/msg
[0.605s] -- Up-to-date: /home/xander/firmware_overall/ros2_wk/install/firmware_interfaces/include/firmware_interfaces/firmware_interfaces/msg/twist_and_req.hpp
[0.606s] -- Up-to-date: /home/xander/firmware_overall/ros2_wk/install/firmware_interfaces/include/firmware_interfaces/firmware_interfaces/msg/detail
[0.606s] -- Up-to-date: /home/xander/firmware_overall/ros2_wk/install/firmware_interfaces/include/firmware_interfaces/firmware_interfaces/msg/detail/twist_and_req__struct.hpp
[0.606s] -- Up-to-date: /home/xander/firmware_overall/ros2_wk/install/firmware_interfaces/include/firmware_interfaces/firmware_interfaces/msg/detail/twist_and_req__builder.hpp
[0.606s] -- Up-to-date: /home/xander/firmware_overall/ros2_wk/install/firmware_interfaces/include/firmware_interfaces/firmware_interfaces/msg/detail/twist_and_req__traits.hpp
[0.606s] -- Up-to-date: /home/xander/firmware_overall/ros2_wk/install/firmware_interfaces/include/firmware_interfaces/firmware_interfaces
[0.606s] -- Up-to-date: /home/xander/firmware_overall/ros2_wk/install/firmware_interfaces/include/firmware_interfaces/firmware_interfaces/msg
[0.606s] -- Up-to-date: /home/xander/firmware_overall/ros2_wk/install/firmware_interfaces/include/firmware_interfaces/firmware_interfaces/msg/detail
[0.606s] -- Up-to-date: /home/xander/firmware_overall/ros2_wk/install/firmware_interfaces/include/firmware_interfaces/firmware_interfaces/msg/detail/twist_and_req__rosidl_typesupport_fastrtps_cpp.hpp
[0.606s] -- Up-to-date: /home/xander/firmware_overall/ros2_wk/install/firmware_interfaces/include/firmware_interfaces/firmware_interfaces/msg/detail/dds_fastrtps
[0.606s] -- Up-to-date: /home/xander/firmware_overall/ros2_wk/install/firmware_interfaces/include/firmware_interfaces/firmware_interfaces/msg/rosidl_typesupport_fastrtps_cpp__visibility_control.h
[0.606s] -- Up-to-date: /home/xander/firmware_overall/ros2_wk/install/firmware_interfaces/lib/libfirmware_interfaces__rosidl_typesupport_fastrtps_cpp.so
[0.606s] -- Up-to-date: /home/xander/firmware_overall/ros2_wk/install/firmware_interfaces/include/firmware_interfaces/firmware_interfaces
[0.606s] -- Up-to-date: /home/xander/firmware_overall/ros2_wk/install/firmware_interfaces/include/firmware_interfaces/firmware_interfaces/msg
[0.606s] -- Up-to-date: /home/xander/firmware_overall/ros2_wk/install/firmware_interfaces/include/firmware_interfaces/firmware_interfaces/msg/rosidl_typesupport_introspection_c__visibility_control.h
[0.606s] -- Up-to-date: /home/xander/firmware_overall/ros2_wk/install/firmware_interfaces/include/firmware_interfaces/firmware_interfaces/msg/detail
[0.606s] -- Up-to-date: /home/xander/firmware_overall/ros2_wk/install/firmware_interfaces/include/firmware_interfaces/firmware_interfaces/msg/detail/twist_and_req__rosidl_typesupport_introspection_c.h
[0.606s] -- Up-to-date: /home/xander/firmware_overall/ros2_wk/install/firmware_interfaces/include/firmware_interfaces/firmware_interfaces/msg/detail/twist_and_req__type_support.c
[0.606s] -- Up-to-date: /home/xander/firmware_overall/ros2_wk/install/firmware_interfaces/lib/libfirmware_interfaces__rosidl_typesupport_introspection_c.so
[0.606s] -- Up-to-date: /home/xander/firmware_overall/ros2_wk/install/firmware_interfaces/lib/libfirmware_interfaces__rosidl_typesupport_c.so
[0.606s] -- Up-to-date: /home/xander/firmware_overall/ros2_wk/install/firmware_interfaces/include/firmware_interfaces/firmware_interfaces
[0.607s] -- Up-to-date: /home/xander/firmware_overall/ros2_wk/install/firmware_interfaces/include/firmware_interfaces/firmware_interfaces/msg
[0.607s] -- Up-to-date: /home/xander/firmware_overall/ros2_wk/install/firmware_interfaces/include/firmware_interfaces/firmware_interfaces/msg/detail
[0.607s] -- Up-to-date: /home/xander/firmware_overall/ros2_wk/install/firmware_interfaces/include/firmware_interfaces/firmware_interfaces/msg/detail/twist_and_req__rosidl_typesupport_introspection_cpp.hpp
[0.607s] -- Up-to-date: /home/xander/firmware_overall/ros2_wk/install/firmware_interfaces/include/firmware_interfaces/firmware_interfaces/msg/detail/twist_and_req__type_support.cpp
[0.607s] -- Up-to-date: /home/xander/firmware_overall/ros2_wk/install/firmware_interfaces/lib/libfirmware_interfaces__rosidl_typesupport_introspection_cpp.so
[0.607s] -- Up-to-date: /home/xander/firmware_overall/ros2_wk/install/firmware_interfaces/lib/libfirmware_interfaces__rosidl_typesupport_cpp.so
[0.607s] -- Up-to-date: /home/xander/firmware_overall/ros2_wk/install/firmware_interfaces/share/firmware_interfaces/environment/pythonpath.sh
[0.607s] -- Up-to-date: /home/xander/firmware_overall/ros2_wk/install/firmware_interfaces/share/firmware_interfaces/environment/pythonpath.dsv
[0.607s] -- Up-to-date: /home/xander/firmware_overall/ros2_wk/install/firmware_interfaces/local/lib/python3.10/dist-packages/firmware_interfaces-0.0.0-py3.10.egg-info
[0.607s] -- Installing: /home/xander/firmware_overall/ros2_wk/install/firmware_interfaces/local/lib/python3.10/dist-packages/firmware_interfaces-0.0.0-py3.10.egg-info/dependency_links.txt
[0.607s] -- Installing: /home/xander/firmware_overall/ros2_wk/install/firmware_interfaces/local/lib/python3.10/dist-packages/firmware_interfaces-0.0.0-py3.10.egg-info/top_level.txt
[0.607s] -- Installing: /home/xander/firmware_overall/ros2_wk/install/firmware_interfaces/local/lib/python3.10/dist-packages/firmware_interfaces-0.0.0-py3.10.egg-info/SOURCES.txt
[0.607s] -- Installing: /home/xander/firmware_overall/ros2_wk/install/firmware_interfaces/local/lib/python3.10/dist-packages/firmware_interfaces-0.0.0-py3.10.egg-info/PKG-INFO
[0.607s] -- Up-to-date: /home/xander/firmware_overall/ros2_wk/install/firmware_interfaces/local/lib/python3.10/dist-packages/firmware_interfaces
[0.607s] -- Up-to-date: /home/xander/firmware_overall/ros2_wk/install/firmware_interfaces/local/lib/python3.10/dist-packages/firmware_interfaces/_firmware_interfaces_s.ep.rosidl_typesupport_fastrtps_c.c
[0.607s] -- Up-to-date: /home/xander/firmware_overall/ros2_wk/install/firmware_interfaces/local/lib/python3.10/dist-packages/firmware_interfaces/firmware_interfaces_s__rosidl_typesupport_c.cpython-310-x86_64-linux-gnu.so
[0.607s] -- Up-to-date: /home/xander/firmware_overall/ros2_wk/install/firmware_interfaces/local/lib/python3.10/dist-packages/firmware_interfaces/msg
[0.607s] -- Up-to-date: /home/xander/firmware_overall/ros2_wk/install/firmware_interfaces/local/lib/python3.10/dist-packages/firmware_interfaces/msg/__init__.py
[0.607s] -- Up-to-date: /home/xander/firmware_overall/ros2_wk/install/firmware_interfaces/local/lib/python3.10/dist-packages/firmware_interfaces/msg/_twist_and_req.py
[0.607s] -- Up-to-date: /home/xander/firmware_overall/ros2_wk/install/firmware_interfaces/local/lib/python3.10/dist-packages/firmware_interfaces/msg/_twist_and_req_s.c
[0.607s] -- Up-to-date: /home/xander/firmware_overall/ros2_wk/install/firmware_interfaces/local/lib/python3.10/dist-packages/firmware_interfaces/__init__.py
[0.607s] -- Up-to-date: /home/xander/firmware_overall/ros2_wk/install/firmware_interfaces/local/lib/python3.10/dist-packages/firmware_interfaces/_firmware_interfaces_s.ep.rosidl_typesupport_c.c
[0.607s] -- Up-to-date: /home/xander/firmware_overall/ros2_wk/install/firmware_interfaces/local/lib/python3.10/dist-packages/firmware_interfaces/_firmware_interfaces_s.ep.rosidl_typesupport_introspection_c.c
[0.607s] -- Up-to-date: /home/xander/firmware_overall/ros2_wk/install/firmware_interfaces/local/lib/python3.10/dist-packages/firmware_interfaces/firmware_interfaces_s__rosidl_typesupport_fastrtps_c.cpython-310-x86_64-linux-gnu.so
[0.607s] -- Up-to-date: /home/xander/firmware_overall/ros2_wk/install/firmware_interfaces/local/lib/python3.10/dist-packages/firmware_interfaces/firmware_interfaces_s__rosidl_typesupport_introspection_c.cpython-310-x86_64-linux-gnu.so
[0.607s] -- Up-to-date: /home/xander/firmware_overall/ros2_wk/install/firmware_interfaces/local/lib/python3.10/dist-packages/firmware_interfaces/libfirmware_interfaces__rosidl_generator_py.so
[0.645s] Listing '/home/xander/firmware_overall/ros2_wk/install/firmware_interfaces/local/lib/python3.10/dist-packages/firmware_interfaces'...
[0.645s] Listing '/home/xander/firmware_overall/ros2_wk/install/firmware_interfaces/local/lib/python3.10/dist-packages/firmware_interfaces/msg'...
[0.649s] -- Up-to-date: /home/xander/firmware_overall/ros2_wk/install/firmware_interfaces/local/lib/python3.10/dist-packages/firmware_interfaces/firmware_interfaces_s__rosidl_typesupport_fastrtps_c.cpython-310-x86_64-linux-gnu.so
[0.650s] -- Up-to-date: /home/xander/firmware_overall/ros2_wk/install/firmware_interfaces/local/lib/python3.10/dist-packages/firmware_interfaces/firmware_interfaces_s__rosidl_typesupport_introspection_c.cpython-310-x86_64-linux-gnu.so
[0.650s] -- Up-to-date: /home/xander/firmware_overall/ros2_wk/install/firmware_interfaces/local/lib/python3.10/dist-packages/firmware_interfaces/firmware_interfaces_s__rosidl_typesupport_c.cpython-310-x86_64-linux-gnu.so
[0.663s] -- Up-to-date: /home/xander/firmware_overall/ros2_wk/install/firmware_interfaces/lib/libfirmware_interfaces__rosidl_generator_py.so
[0.663s] -- Up-to-date: /home/xander/firmware_overall/ros2_wk/install/firmware_interfaces/share/firmware_interfaces/msg/TwistAndReq.idl
[0.663s] -- Up-to-date: /home/xander/firmware_overall/ros2_wk/install/firmware_interfaces/share/firmware_interfaces/msg/TwistAndReq.msg
[0.663s] -- Up-to-date: /home/xander/firmware_overall/ros2_wk/install/firmware_interfaces/share/ament_index/resource_index/package_run_dependencies/firmware_interfaces
[0.664s] -- Up-to-date: /home/xander/firmware_overall/ros2_wk/install/firmware_interfaces/share/ament_index/resource_index/parent_prefix_path/firmware_interfaces
[0.664s] -- Up-to-date: /home/xander/firmware_overall/ros2_wk/install/firmware_interfaces/share/firmware_interfaces/environment/ament_prefix_path.sh
[0.664s] -- Up-to-date: /home/xander/firmware_overall/ros2_wk/install/firmware_interfaces/share/firmware_interfaces/environment/ament_prefix_path.dsv
[0.664s] -- Up-to-date: /home/xander/firmware_overall/ros2_wk/install/firmware_interfaces/share/firmware_interfaces/environment/path.sh
[0.664s] -- Up-to-date: /home/xander/firmware_overall/ros2_wk/install/firmware_interfaces/share/firmware_interfaces/environment/path.dsv
[0.664s] -- Up-to-date: /home/xander/firmware_overall/ros2_wk/install/firmware_interfaces/share/firmware_interfaces/local_setup.bash
[0.664s] -- Up-to-date: /home/xander/firmware_overall/ros2_wk/install/firmware_interfaces/share/firmware_interfaces/local_setup.sh
[0.664s] -- Up-to-date: /home/xander/firmware_overall/ros2_wk/install/firmware_interfaces/share/firmware_interfaces/local_setup.zsh
[0.664s] -- Up-to-date: /home/xander/firmware_overall/ros2_wk/install/firmware_interfaces/share/firmware_interfaces/local_setup.dsv
[0.664s] -- Installing: /home/xander/firmware_overall/ros2_wk/install/firmware_interfaces/share/firmware_interfaces/package.dsv
[0.664s] -- Up-to-date: /home/xander/firmware_overall/ros2_wk/install/firmware_interfaces/share/ament_index/resource_index/packages/firmware_interfaces
[0.664s] -- Up-to-date: /home/xander/firmware_overall/ros2_wk/install/firmware_interfaces/share/firmware_interfaces/cmake/export_firmware_interfaces__rosidl_generator_cExport.cmake
[0.664s] -- Up-to-date: /home/xander/firmware_overall/ros2_wk/install/firmware_interfaces/share/firmware_interfaces/cmake/export_firmware_interfaces__rosidl_generator_cExport-noconfig.cmake
[0.668s] -- Up-to-date: /home/xander/firmware_overall/ros2_wk/install/firmware_interfaces/share/firmware_interfaces/cmake/export_firmware_interfaces__rosidl_typesupport_fastrtps_cExport.cmake
[0.668s] -- Up-to-date: /home/xander/firmware_overall/ros2_wk/install/firmware_interfaces/share/firmware_interfaces/cmake/export_firmware_interfaces__rosidl_typesupport_fastrtps_cExport-noconfig.cmake
[0.670s] -- Up-to-date: /home/xander/firmware_overall/ros2_wk/install/firmware_interfaces/share/firmware_interfaces/cmake/export_firmware_interfaces__rosidl_generator_cppExport.cmake
[0.670s] -- Up-to-date: /home/xander/firmware_overall/ros2_wk/install/firmware_interfaces/share/firmware_interfaces/cmake/export_firmware_interfaces__rosidl_typesupport_fastrtps_cppExport.cmake
[0.670s] -- Up-to-date: /home/xander/firmware_overall/ros2_wk/install/firmware_interfaces/share/firmware_interfaces/cmake/export_firmware_interfaces__rosidl_typesupport_fastrtps_cppExport-noconfig.cmake
[0.670s] -- Up-to-date: /home/xander/firmware_overall/ros2_wk/install/firmware_interfaces/share/firmware_interfaces/cmake/firmware_interfaces__rosidl_typesupport_introspection_cExport.cmake
[0.670s] -- Up-to-date: /home/xander/firmware_overall/ros2_wk/install/firmware_interfaces/share/firmware_interfaces/cmake/firmware_interfaces__rosidl_typesupport_introspection_cExport-noconfig.cmake
[0.677s] -- Up-to-date: /home/xander/firmware_overall/ros2_wk/install/firmware_interfaces/share/firmware_interfaces/cmake/firmware_interfaces__rosidl_typesupport_cExport.cmake
[0.677s] -- Up-to-date: /home/xander/firmware_overall/ros2_wk/install/firmware_interfaces/share/firmware_interfaces/cmake/firmware_interfaces__rosidl_typesupport_cExport-noconfig.cmake
[0.677s] -- Up-to-date: /home/xander/firmware_overall/ros2_wk/install/firmware_interfaces/share/firmware_interfaces/cmake/firmware_interfaces__rosidl_typesupport_introspection_cppExport.cmake
[0.677s] -- Up-to-date: /home/xander/firmware_overall/ros2_wk/install/firmware_interfaces/share/firmware_interfaces/cmake/firmware_interfaces__rosidl_typesupport_introspection_cppExport-noconfig.cmake
[0.677s] -- Up-to-date: /home/xander/firmware_overall/ros2_wk/install/firmware_interfaces/share/firmware_interfaces/cmake/firmware_interfaces__rosidl_typesupport_cppExport.cmake
[0.677s] -- Up-to-date: /home/xander/firmware_overall/ros2_wk/install/firmware_interfaces/share/firmware_interfaces/cmake/firmware_interfaces__rosidl_typesupport_cppExport-noconfig.cmake
[0.677s] -- Up-to-date: /home/xander/firmware_overall/ros2_wk/install/firmware_interfaces/share/firmware_interfaces/cmake/export_firmware_interfaces__rosidl_generator_pyExport.cmake
[0.677s] -- Up-to-date: /home/xander/firmware_overall/ros2_wk/install/firmware_interfaces/share/firmware_interfaces/cmake/export_firmware_interfaces__rosidl_generator_pyExport-noconfig.cmake
[0.677s] -- Up-to-date: /home/xander/firmware_overall/ros2_wk/install/firmware_interfaces/share/firmware_interfaces/cmake/rosidl_cmake-extras.cmake
[0.677s] -- Up-to-date: /home/xander/firmware_overall/ros2_wk/install/firmware_interfaces/share/firmware_interfaces/cmake/ament_cmake_export_dependencies-extras.cmake
[0.677s] -- Up-to-date: /home/xander/firmware_overall/ros2_wk/install/firmware_interfaces/share/firmware_interfaces/cmake/ament_cmake_export_include_directories-extras.cmake
[0.677s] -- Up-to-date: /home/xander/firmware_overall/ros2_wk/install/firmware_interfaces/share/firmware_interfaces/cmake/ament_cmake_export_libraries-extras.cmake
[0.677s] -- Up-to-date: /home/xander/firmware_overall/ros2_wk/install/firmware_interfaces/share/firmware_interfaces/cmake/ament_cmake_export_targets-extras.cmake
[0.677s] -- Up-to-date: /home/xander/firmware_overall/ros2_wk/install/firmware_interfaces/share/firmware_interfaces/cmake/rosidl_cmake_export_typesupport_targets-extras.cmake
[0.677s] -- Up-to-date: /home/xander/firmware_overall/ros2_wk/install/firmware_interfaces/share/firmware_interfaces/cmake/rosidl_cmake_export_typesupport_libraries-extras.cmake
[0.677s] -- Up-to-date: /home/xander/firmware_overall/ros2_wk/install/firmware_interfaces/share/firmware_interfaces/cmake/firmware_interfacesConfig.cmake
[0.677s] -- Up-to-date: /home/xander/firmware_overall/ros2_wk/install/firmware_interfaces/share/firmware_interfaces/cmake/firmware_interfacesConfig-version.cmake
[0.677s] -- Up-to-date: /home/xander/firmware_overall/ros2_wk/install/firmware_interfaces/share/firmware_interfaces/package.xml
[0.685s] Invoked command in '/home/xander/firmware_overall/ros2_wk/build/firmware_interfaces' returned '0': CMAKE_PREFIX_PATH=${CMAKE_PREFIX_PATH}:/home/xander/ros2_ws/install/my_py_pkg:/opt/ros/humble /usr/bin/cmake --install /home/xander/firmware_overall/ros2_wk/build/firmware_interfaces
