[0.044s] Invoking command in '/home/xander/firmware_overall/ros2_wk/build/firmware_interfaces': CMAKE_PREFIX_PATH=${CMAKE_PREFIX_PATH}:/home/xander/ros2_ws/install/my_py_pkg:/opt/ros/humble /usr/bin/cmake --build /home/xander/firmware_overall/ros2_wk/build/firmware_interfaces -- -j6 -l6
[0.112s] [  3%] Built target firmware_interfaces__cpp
[0.131s] [ 12%] Built target firmware_interfaces__rosidl_generator_c
[0.161s] [ 12%] Built target ament_cmake_python_copy_firmware_interfaces
[0.171s] [ 22%] Built target firmware_interfaces__rosidl_typesupport_fastrtps_c
[0.173s] [ 32%] Built target firmware_interfaces__rosidl_typesupport_introspection_cpp
[0.174s] [ 41%] Built target firmware_interfaces__rosidl_typesupport_cpp
[0.183s] [ 51%] Built target firmware_interfaces__rosidl_typesupport_introspection_c
[0.183s] [ 61%] Built target firmware_interfaces__rosidl_typesupport_fastrtps_cpp
[0.206s] [ 70%] Built target firmware_interfaces__rosidl_typesupport_c
[0.246s] [ 70%] Built target firmware_interfaces
[0.294s] [ 74%] Built target firmware_interfaces__py
[0.333s] [ 80%] Built target firmware_interfaces__rosidl_generator_py
[0.372s] [ 87%] Built target firmware_interfaces__rosidl_typesupport_c__pyext
[0.375s] [100%] Built target firmware_interfaces__rosidl_typesupport_fastrtps_c__pyext
[0.378s] [100%] Built target firmware_interfaces__rosidl_typesupport_introspection_c__pyext
[0.438s] running egg_info
[0.443s] writing firmware_interfaces.egg-info/PKG-INFO
[0.447s] writing dependency_links to firmware_interfaces.egg-info/dependency_links.txt
[0.459s] writing top-level names to firmware_interfaces.egg-info/top_level.txt
[0.463s] reading manifest file 'firmware_interfaces.egg-info/SOURCES.txt'
[0.463s] writing manifest file 'firmware_interfaces.egg-info/SOURCES.txt'
[0.487s] [100%] Built target ament_cmake_python_build_firmware_interfaces_egg
[0.499s] Invoked command in '/home/xander/firmware_overall/ros2_wk/build/firmware_interfaces' returned '0': CMAKE_PREFIX_PATH=${CMAKE_PREFIX_PATH}:/home/xander/ros2_ws/install/my_py_pkg:/opt/ros/humble /usr/bin/cmake --build /home/xander/firmware_overall/ros2_wk/build/firmware_interfaces -- -j6 -l6
[0.692s] Invoking command in '/home/xander/firmware_overall/ros2_wk/build/firmware_interfaces': CMAKE_PREFIX_PATH=${CMAKE_PREFIX_PATH}:/home/xander/ros2_ws/install/my_py_pkg:/opt/ros/humble /usr/bin/cmake --install /home/xander/firmware_overall/ros2_wk/build/firmware_interfaces
[0.699s] -- Install configuration: ""
[0.699s] -- Up-to-date: /home/xander/firmware_overall/ros2_wk/install/firmware_interfaces/share/ament_index/resource_index/rosidl_interfaces/firmware_interfaces
[0.699s] -- Up-to-date: /home/xander/firmware_overall/ros2_wk/install/firmware_interfaces/include/firmware_interfaces/firmware_interfaces
[0.699s] -- Up-to-date: /home/xander/firmware_overall/ros2_wk/install/firmware_interfaces/include/firmware_interfaces/firmware_interfaces/msg
[0.699s] -- Up-to-date: /home/xander/firmware_overall/ros2_wk/install/firmware_interfaces/include/firmware_interfaces/firmware_interfaces/msg/rosidl_generator_c__visibility_control.h
[0.700s] -- Up-to-date: /home/xander/firmware_overall/ros2_wk/install/firmware_interfaces/include/firmware_interfaces/firmware_interfaces/msg/detail
[0.701s] -- Up-to-date: /home/xander/firmware_overall/ros2_wk/install/firmware_interfaces/include/firmware_interfaces/firmware_interfaces/msg/detail/twist_and_req__type_support.h
[0.701s] -- Up-to-date: /home/xander/firmware_overall/ros2_wk/install/firmware_interfaces/include/firmware_interfaces/firmware_interfaces/msg/detail/twist_and_req__functions.c
[0.701s] -- Up-to-date: /home/xander/firmware_overall/ros2_wk/install/firmware_interfaces/include/firmware_interfaces/firmware_interfaces/msg/detail/twist_and_req__functions.h
[0.701s] -- Up-to-date: /home/xander/firmware_overall/ros2_wk/install/firmware_interfaces/include/firmware_interfaces/firmware_interfaces/msg/detail/twist_and_req__struct.h
[0.701s] -- Up-to-date: /home/xander/firmware_overall/ros2_wk/install/firmware_interfaces/include/firmware_interfaces/firmware_interfaces/msg/twist_and_req.h
[0.702s] -- Up-to-date: /home/xander/firmware_overall/ros2_wk/install/firmware_interfaces/share/firmware_interfaces/environment/library_path.sh
[0.702s] -- Up-to-date: /home/xander/firmware_overall/ros2_wk/install/firmware_interfaces/share/firmware_interfaces/environment/library_path.dsv
[0.702s] -- Up-to-date: /home/xander/firmware_overall/ros2_wk/install/firmware_interfaces/lib/libfirmware_interfaces__rosidl_generator_c.so
[0.702s] -- Up-to-date: /home/xander/firmware_overall/ros2_wk/install/firmware_interfaces/include/firmware_interfaces/firmware_interfaces
[0.702s] -- Up-to-date: /home/xander/firmware_overall/ros2_wk/install/firmware_interfaces/include/firmware_interfaces/firmware_interfaces/msg
[0.702s] -- Up-to-date: /home/xander/firmware_overall/ros2_wk/install/firmware_interfaces/include/firmware_interfaces/firmware_interfaces/msg/detail
[0.702s] -- Up-to-date: /home/xander/firmware_overall/ros2_wk/install/firmware_interfaces/include/firmware_interfaces/firmware_interfaces/msg/detail/twist_and_req__rosidl_typesupport_fastrtps_c.h
[0.702s] -- Up-to-date: /home/xander/firmware_overall/ros2_wk/install/firmware_interfaces/include/firmware_interfaces/firmware_interfaces/msg/rosidl_typesupport_fastrtps_c__visibility_control.h
[0.703s] -- Up-to-date: /home/xander/firmware_overall/ros2_wk/install/firmware_interfaces/lib/libfirmware_interfaces__rosidl_typesupport_fastrtps_c.so
[0.703s] -- Up-to-date: /home/xander/firmware_overall/ros2_wk/install/firmware_interfaces/include/firmware_interfaces/firmware_interfaces
[0.703s] -- Up-to-date: /home/xander/firmware_overall/ros2_wk/install/firmware_interfaces/include/firmware_interfaces/firmware_interfaces/msg
[0.703s] -- Up-to-date: /home/xander/firmware_overall/ros2_wk/install/firmware_interfaces/include/firmware_interfaces/firmware_interfaces/msg/twist_and_req.hpp
[0.703s] -- Up-to-date: /home/xander/firmware_overall/ros2_wk/install/firmware_interfaces/include/firmware_interfaces/firmware_interfaces/msg/detail
[0.703s] -- Up-to-date: /home/xander/firmware_overall/ros2_wk/install/firmware_interfaces/include/firmware_interfaces/firmware_interfaces/msg/detail/twist_and_req__struct.hpp
[0.703s] -- Up-to-date: /home/xander/firmware_overall/ros2_wk/install/firmware_interfaces/include/firmware_interfaces/firmware_interfaces/msg/detail/twist_and_req__builder.hpp
[0.703s] -- Up-to-date: /home/xander/firmware_overall/ros2_wk/install/firmware_interfaces/include/firmware_interfaces/firmware_interfaces/msg/detail/twist_and_req__traits.hpp
[0.703s] -- Up-to-date: /home/xander/firmware_overall/ros2_wk/install/firmware_interfaces/include/firmware_interfaces/firmware_interfaces
[0.703s] -- Up-to-date: /home/xander/firmware_overall/ros2_wk/install/firmware_interfaces/include/firmware_interfaces/firmware_interfaces/msg
[0.704s] -- Up-to-date: /home/xander/firmware_overall/ros2_wk/install/firmware_interfaces/include/firmware_interfaces/firmware_interfaces/msg/detail
[0.704s] -- Up-to-date: /home/xander/firmware_overall/ros2_wk/install/firmware_interfaces/include/firmware_interfaces/firmware_interfaces/msg/detail/twist_and_req__rosidl_typesupport_fastrtps_cpp.hpp
[0.704s] -- Up-to-date: /home/xander/firmware_overall/ros2_wk/install/firmware_interfaces/include/firmware_interfaces/firmware_interfaces/msg/detail/dds_fastrtps
[0.704s] -- Up-to-date: /home/xander/firmware_overall/ros2_wk/install/firmware_interfaces/include/firmware_interfaces/firmware_interfaces/msg/rosidl_typesupport_fastrtps_cpp__visibility_control.h
[0.704s] -- Up-to-date: /home/xander/firmware_overall/ros2_wk/install/firmware_interfaces/lib/libfirmware_interfaces__rosidl_typesupport_fastrtps_cpp.so
[0.704s] -- Up-to-date: /home/xander/firmware_overall/ros2_wk/install/firmware_interfaces/include/firmware_interfaces/firmware_interfaces
[0.705s] -- Up-to-date: /home/xander/firmware_overall/ros2_wk/install/firmware_interfaces/include/firmware_interfaces/firmware_interfaces/msg
[0.705s] -- Up-to-date: /home/xander/firmware_overall/ros2_wk/install/firmware_interfaces/include/firmware_interfaces/firmware_interfaces/msg/rosidl_typesupport_introspection_c__visibility_control.h
[0.705s] -- Up-to-date: /home/xander/firmware_overall/ros2_wk/install/firmware_interfaces/include/firmware_interfaces/firmware_interfaces/msg/detail
[0.705s] -- Up-to-date: /home/xander/firmware_overall/ros2_wk/install/firmware_interfaces/include/firmware_interfaces/firmware_interfaces/msg/detail/twist_and_req__rosidl_typesupport_introspection_c.h
[0.705s] -- Up-to-date: /home/xander/firmware_overall/ros2_wk/install/firmware_interfaces/include/firmware_interfaces/firmware_interfaces/msg/detail/twist_and_req__type_support.c
[0.705s] -- Up-to-date: /home/xander/firmware_overall/ros2_wk/install/firmware_interfaces/lib/libfirmware_interfaces__rosidl_typesupport_introspection_c.so
[0.706s] -- Up-to-date: /home/xander/firmware_overall/ros2_wk/install/firmware_interfaces/lib/libfirmware_interfaces__rosidl_typesupport_c.so
[0.706s] -- Up-to-date: /home/xander/firmware_overall/ros2_wk/install/firmware_interfaces/include/firmware_interfaces/firmware_interfaces
[0.706s] -- Up-to-date: /home/xander/firmware_overall/ros2_wk/install/firmware_interfaces/include/firmware_interfaces/firmware_interfaces/msg
[0.706s] -- Up-to-date: /home/xander/firmware_overall/ros2_wk/install/firmware_interfaces/include/firmware_interfaces/firmware_interfaces/msg/detail
[0.706s] -- Up-to-date: /home/xander/firmware_overall/ros2_wk/install/firmware_interfaces/include/firmware_interfaces/firmware_interfaces/msg/detail/twist_and_req__rosidl_typesupport_introspection_cpp.hpp
[0.706s] -- Up-to-date: /home/xander/firmware_overall/ros2_wk/install/firmware_interfaces/include/firmware_interfaces/firmware_interfaces/msg/detail/twist_and_req__type_support.cpp
[0.707s] -- Up-to-date: /home/xander/firmware_overall/ros2_wk/install/firmware_interfaces/lib/libfirmware_interfaces__rosidl_typesupport_introspection_cpp.so
[0.707s] -- Up-to-date: /home/xander/firmware_overall/ros2_wk/install/firmware_interfaces/lib/libfirmware_interfaces__rosidl_typesupport_cpp.so
[0.707s] -- Up-to-date: /home/xander/firmware_overall/ros2_wk/install/firmware_interfaces/share/firmware_interfaces/environment/pythonpath.sh
[0.707s] -- Up-to-date: /home/xander/firmware_overall/ros2_wk/install/firmware_interfaces/share/firmware_interfaces/environment/pythonpath.dsv
[0.708s] -- Up-to-date: /home/xander/firmware_overall/ros2_wk/install/firmware_interfaces/local/lib/python3.10/dist-packages/firmware_interfaces-0.0.0-py3.10.egg-info
[0.708s] -- Installing: /home/xander/firmware_overall/ros2_wk/install/firmware_interfaces/local/lib/python3.10/dist-packages/firmware_interfaces-0.0.0-py3.10.egg-info/dependency_links.txt
[0.708s] -- Installing: /home/xander/firmware_overall/ros2_wk/install/firmware_interfaces/local/lib/python3.10/dist-packages/firmware_interfaces-0.0.0-py3.10.egg-info/top_level.txt
[0.708s] -- Installing: /home/xander/firmware_overall/ros2_wk/install/firmware_interfaces/local/lib/python3.10/dist-packages/firmware_interfaces-0.0.0-py3.10.egg-info/SOURCES.txt
[0.708s] -- Installing: /home/xander/firmware_overall/ros2_wk/install/firmware_interfaces/local/lib/python3.10/dist-packages/firmware_interfaces-0.0.0-py3.10.egg-info/PKG-INFO
[0.709s] -- Up-to-date: /home/xander/firmware_overall/ros2_wk/install/firmware_interfaces/local/lib/python3.10/dist-packages/firmware_interfaces
[0.709s] -- Up-to-date: /home/xander/firmware_overall/ros2_wk/install/firmware_interfaces/local/lib/python3.10/dist-packages/firmware_interfaces/_firmware_interfaces_s.ep.rosidl_typesupport_fastrtps_c.c
[0.709s] -- Up-to-date: /home/xander/firmware_overall/ros2_wk/install/firmware_interfaces/local/lib/python3.10/dist-packages/firmware_interfaces/firmware_interfaces_s__rosidl_typesupport_c.cpython-310-x86_64-linux-gnu.so
[0.709s] -- Up-to-date: /home/xander/firmware_overall/ros2_wk/install/firmware_interfaces/local/lib/python3.10/dist-packages/firmware_interfaces/msg
[0.709s] -- Up-to-date: /home/xander/firmware_overall/ros2_wk/install/firmware_interfaces/local/lib/python3.10/dist-packages/firmware_interfaces/msg/__init__.py
[0.709s] -- Up-to-date: /home/xander/firmware_overall/ros2_wk/install/firmware_interfaces/local/lib/python3.10/dist-packages/firmware_interfaces/msg/_twist_and_req.py
[0.709s] -- Up-to-date: /home/xander/firmware_overall/ros2_wk/install/firmware_interfaces/local/lib/python3.10/dist-packages/firmware_interfaces/msg/_twist_and_req_s.c
[0.709s] -- Up-to-date: /home/xander/firmware_overall/ros2_wk/install/firmware_interfaces/local/lib/python3.10/dist-packages/firmware_interfaces/__init__.py
[0.709s] -- Up-to-date: /home/xander/firmware_overall/ros2_wk/install/firmware_interfaces/local/lib/python3.10/dist-packages/firmware_interfaces/_firmware_interfaces_s.ep.rosidl_typesupport_c.c
[0.709s] -- Up-to-date: /home/xander/firmware_overall/ros2_wk/install/firmware_interfaces/local/lib/python3.10/dist-packages/firmware_interfaces/_firmware_interfaces_s.ep.rosidl_typesupport_introspection_c.c
[0.710s] -- Up-to-date: /home/xander/firmware_overall/ros2_wk/install/firmware_interfaces/local/lib/python3.10/dist-packages/firmware_interfaces/firmware_interfaces_s__rosidl_typesupport_fastrtps_c.cpython-310-x86_64-linux-gnu.so
[0.710s] -- Up-to-date: /home/xander/firmware_overall/ros2_wk/install/firmware_interfaces/local/lib/python3.10/dist-packages/firmware_interfaces/firmware_interfaces_s__rosidl_typesupport_introspection_c.cpython-310-x86_64-linux-gnu.so
[0.710s] -- Up-to-date: /home/xander/firmware_overall/ros2_wk/install/firmware_interfaces/local/lib/python3.10/dist-packages/firmware_interfaces/libfirmware_interfaces__rosidl_generator_py.so
[0.730s] Listing '/home/xander/firmware_overall/ros2_wk/install/firmware_interfaces/local/lib/python3.10/dist-packages/firmware_interfaces'...
[0.730s] Listing '/home/xander/firmware_overall/ros2_wk/install/firmware_interfaces/local/lib/python3.10/dist-packages/firmware_interfaces/msg'...
[0.733s] -- Up-to-date: /home/xander/firmware_overall/ros2_wk/install/firmware_interfaces/local/lib/python3.10/dist-packages/firmware_interfaces/firmware_interfaces_s__rosidl_typesupport_fastrtps_c.cpython-310-x86_64-linux-gnu.so
[0.734s] -- Up-to-date: /home/xander/firmware_overall/ros2_wk/install/firmware_interfaces/local/lib/python3.10/dist-packages/firmware_interfaces/firmware_interfaces_s__rosidl_typesupport_introspection_c.cpython-310-x86_64-linux-gnu.so
[0.734s] -- Up-to-date: /home/xander/firmware_overall/ros2_wk/install/firmware_interfaces/local/lib/python3.10/dist-packages/firmware_interfaces/firmware_interfaces_s__rosidl_typesupport_c.cpython-310-x86_64-linux-gnu.so
[0.734s] -- Up-to-date: /home/xander/firmware_overall/ros2_wk/install/firmware_interfaces/lib/libfirmware_interfaces__rosidl_generator_py.so
[0.734s] -- Up-to-date: /home/xander/firmware_overall/ros2_wk/install/firmware_interfaces/share/firmware_interfaces/msg/TwistAndReq.idl
[0.735s] -- Up-to-date: /home/xander/firmware_overall/ros2_wk/install/firmware_interfaces/share/firmware_interfaces/msg/TwistAndReq.msg
[0.736s] -- Up-to-date: /home/xander/firmware_overall/ros2_wk/install/firmware_interfaces/share/ament_index/resource_index/package_run_dependencies/firmware_interfaces
[0.736s] -- Up-to-date: /home/xander/firmware_overall/ros2_wk/install/firmware_interfaces/share/ament_index/resource_index/parent_prefix_path/firmware_interfaces
[0.736s] -- Up-to-date: /home/xander/firmware_overall/ros2_wk/install/firmware_interfaces/share/firmware_interfaces/environment/ament_prefix_path.sh
[0.736s] -- Up-to-date: /home/xander/firmware_overall/ros2_wk/install/firmware_interfaces/share/firmware_interfaces/environment/ament_prefix_path.dsv
[0.736s] -- Up-to-date: /home/xander/firmware_overall/ros2_wk/install/firmware_interfaces/share/firmware_interfaces/environment/path.sh
[0.736s] -- Up-to-date: /home/xander/firmware_overall/ros2_wk/install/firmware_interfaces/share/firmware_interfaces/environment/path.dsv
[0.736s] -- Up-to-date: /home/xander/firmware_overall/ros2_wk/install/firmware_interfaces/share/firmware_interfaces/local_setup.bash
[0.737s] -- Up-to-date: /home/xander/firmware_overall/ros2_wk/install/firmware_interfaces/share/firmware_interfaces/local_setup.sh
[0.737s] -- Up-to-date: /home/xander/firmware_overall/ros2_wk/install/firmware_interfaces/share/firmware_interfaces/local_setup.zsh
[0.737s] -- Up-to-date: /home/xander/firmware_overall/ros2_wk/install/firmware_interfaces/share/firmware_interfaces/local_setup.dsv
[0.737s] -- Installing: /home/xander/firmware_overall/ros2_wk/install/firmware_interfaces/share/firmware_interfaces/package.dsv
[0.737s] -- Up-to-date: /home/xander/firmware_overall/ros2_wk/install/firmware_interfaces/share/ament_index/resource_index/packages/firmware_interfaces
[0.737s] -- Up-to-date: /home/xander/firmware_overall/ros2_wk/install/firmware_interfaces/share/firmware_interfaces/cmake/export_firmware_interfaces__rosidl_generator_cExport.cmake
[0.737s] -- Up-to-date: /home/xander/firmware_overall/ros2_wk/install/firmware_interfaces/share/firmware_interfaces/cmake/export_firmware_interfaces__rosidl_generator_cExport-noconfig.cmake
[0.738s] -- Up-to-date: /home/xander/firmware_overall/ros2_wk/install/firmware_interfaces/share/firmware_interfaces/cmake/export_firmware_interfaces__rosidl_typesupport_fastrtps_cExport.cmake
[0.738s] -- Up-to-date: /home/xander/firmware_overall/ros2_wk/install/firmware_interfaces/share/firmware_interfaces/cmake/export_firmware_interfaces__rosidl_typesupport_fastrtps_cExport-noconfig.cmake
[0.738s] -- Up-to-date: /home/xander/firmware_overall/ros2_wk/install/firmware_interfaces/share/firmware_interfaces/cmake/export_firmware_interfaces__rosidl_generator_cppExport.cmake
[0.738s] -- Up-to-date: /home/xander/firmware_overall/ros2_wk/install/firmware_interfaces/share/firmware_interfaces/cmake/export_firmware_interfaces__rosidl_typesupport_fastrtps_cppExport.cmake
[0.738s] -- Up-to-date: /home/xander/firmware_overall/ros2_wk/install/firmware_interfaces/share/firmware_interfaces/cmake/export_firmware_interfaces__rosidl_typesupport_fastrtps_cppExport-noconfig.cmake
[0.738s] -- Up-to-date: /home/xander/firmware_overall/ros2_wk/install/firmware_interfaces/share/firmware_interfaces/cmake/firmware_interfaces__rosidl_typesupport_introspection_cExport.cmake
[0.738s] -- Up-to-date: /home/xander/firmware_overall/ros2_wk/install/firmware_interfaces/share/firmware_interfaces/cmake/firmware_interfaces__rosidl_typesupport_introspection_cExport-noconfig.cmake
[0.739s] -- Up-to-date: /home/xander/firmware_overall/ros2_wk/install/firmware_interfaces/share/firmware_interfaces/cmake/firmware_interfaces__rosidl_typesupport_cExport.cmake
[0.739s] -- Up-to-date: /home/xander/firmware_overall/ros2_wk/install/firmware_interfaces/share/firmware_interfaces/cmake/firmware_interfaces__rosidl_typesupport_cExport-noconfig.cmake
[0.739s] -- Up-to-date: /home/xander/firmware_overall/ros2_wk/install/firmware_interfaces/share/firmware_interfaces/cmake/firmware_interfaces__rosidl_typesupport_introspection_cppExport.cmake
[0.739s] -- Up-to-date: /home/xander/firmware_overall/ros2_wk/install/firmware_interfaces/share/firmware_interfaces/cmake/firmware_interfaces__rosidl_typesupport_introspection_cppExport-noconfig.cmake
[0.740s] -- Up-to-date: /home/xander/firmware_overall/ros2_wk/install/firmware_interfaces/share/firmware_interfaces/cmake/firmware_interfaces__rosidl_typesupport_cppExport.cmake
[0.740s] -- Up-to-date: /home/xander/firmware_overall/ros2_wk/install/firmware_interfaces/share/firmware_interfaces/cmake/firmware_interfaces__rosidl_typesupport_cppExport-noconfig.cmake
[0.740s] -- Up-to-date: /home/xander/firmware_overall/ros2_wk/install/firmware_interfaces/share/firmware_interfaces/cmake/export_firmware_interfaces__rosidl_generator_pyExport.cmake
[0.740s] -- Up-to-date: /home/xander/firmware_overall/ros2_wk/install/firmware_interfaces/share/firmware_interfaces/cmake/export_firmware_interfaces__rosidl_generator_pyExport-noconfig.cmake
[0.740s] -- Up-to-date: /home/xander/firmware_overall/ros2_wk/install/firmware_interfaces/share/firmware_interfaces/cmake/rosidl_cmake-extras.cmake
[0.740s] -- Up-to-date: /home/xander/firmware_overall/ros2_wk/install/firmware_interfaces/share/firmware_interfaces/cmake/ament_cmake_export_dependencies-extras.cmake
[0.740s] -- Up-to-date: /home/xander/firmware_overall/ros2_wk/install/firmware_interfaces/share/firmware_interfaces/cmake/ament_cmake_export_include_directories-extras.cmake
[0.740s] -- Up-to-date: /home/xander/firmware_overall/ros2_wk/install/firmware_interfaces/share/firmware_interfaces/cmake/ament_cmake_export_libraries-extras.cmake
[0.741s] -- Up-to-date: /home/xander/firmware_overall/ros2_wk/install/firmware_interfaces/share/firmware_interfaces/cmake/ament_cmake_export_targets-extras.cmake
[0.741s] -- Up-to-date: /home/xander/firmware_overall/ros2_wk/install/firmware_interfaces/share/firmware_interfaces/cmake/rosidl_cmake_export_typesupport_targets-extras.cmake
[0.741s] -- Up-to-date: /home/xander/firmware_overall/ros2_wk/install/firmware_interfaces/share/firmware_interfaces/cmake/rosidl_cmake_export_typesupport_libraries-extras.cmake
[0.742s] -- Up-to-date: /home/xander/firmware_overall/ros2_wk/install/firmware_interfaces/share/firmware_interfaces/cmake/firmware_interfacesConfig.cmake
[0.742s] -- Up-to-date: /home/xander/firmware_overall/ros2_wk/install/firmware_interfaces/share/firmware_interfaces/cmake/firmware_interfacesConfig-version.cmake
[0.742s] -- Up-to-date: /home/xander/firmware_overall/ros2_wk/install/firmware_interfaces/share/firmware_interfaces/package.xml
[0.759s] Invoked command in '/home/xander/firmware_overall/ros2_wk/build/firmware_interfaces' returned '0': CMAKE_PREFIX_PATH=${CMAKE_PREFIX_PATH}:/home/xander/ros2_ws/install/my_py_pkg:/opt/ros/humble /usr/bin/cmake --install /home/xander/firmware_overall/ros2_wk/build/firmware_interfaces
