-- Found ament_cmake: 1.3.10 (/opt/ros/humble/share/ament_cmake/cmake)
-- Found ament_lint_auto: 0.12.11 (/opt/ros/humble/share/ament_lint_auto/cmake)
-- Found geometry_msgs: 4.2.4 (/opt/ros/humble/share/geometry_msgs/cmake)
-- Found rosidl_generator_c: 3.1.5 (/opt/ros/humble/share/rosidl_generator_c/cmake)
-- Found rosidl_adapter: 3.1.5 (/opt/ros/humble/share/rosidl_adapter/cmake)
-- Found rosidl_generator_cpp: 3.1.5 (/opt/ros/humble/share/rosidl_generator_cpp/cmake)
-- Using all available rosidl_typesupport_c: rosidl_typesupport_fastrtps_c;rosidl_typesupport_introspection_c
-- Using all available rosidl_typesupport_cpp: rosidl_typesupport_fastrtps_cpp;rosidl_typesupport_introspection_cpp
-- Found rosidl_default_generators: 1.2.0 (/opt/ros/humble/share/rosidl_default_generators/cmake)
-- Found ament_cmake_ros: 0.10.0 (/opt/ros/humble/share/ament_cmake_ros/cmake)
-- Using all available rosidl_typesupport_c: rosidl_typesupport_fastrtps_c;rosidl_typesupport_introspection_c
-- Using all available rosidl_typesupport_cpp: rosidl_typesupport_fastrtps_cpp;rosidl_typesupport_introspection_cpp
-- Found python_cmake_module: 0.10.0 (/opt/ros/humble/share/python_cmake_module/cmake)
-- Using PYTHON_EXECUTABLE: /usr/bin/python3
-- Using PYTHON_INCLUDE_DIRS: /usr/include/python3.10
-- Using PYTHON_LIBRARIES: /usr/lib/x86_64-linux-gnu/libpython3.10.so
-- Added test 'lint_cmake' to check CMake code style
-- Added test 'xmllint' to check XML markup files
-- Configuring done
-- Generating done
-- Build files have been written to: /home/xander/firmware_overall/ros2_wk/build/firmware_interfaces
[  3%] [32mBuilding C object CMakeFiles/firmware_interfaces__rosidl_generator_c.dir/rosidl_generator_c/firmware_interfaces/msg/detail/twist_and_req__functions.c.o[0m
[  6%] Built target firmware_interfaces__cpp
[  6%] Built target ament_cmake_python_copy_firmware_interfaces
[  9%] [32mBuilding CXX object CMakeFiles/firmware_interfaces__rosidl_typesupport_cpp.dir/rosidl_typesupport_cpp/firmware_interfaces/msg/twist_and_req__type_support.cpp.o[0m
[ 12%] [32mBuilding CXX object CMakeFiles/firmware_interfaces__rosidl_typesupport_fastrtps_cpp.dir/rosidl_typesupport_fastrtps_cpp/firmware_interfaces/msg/detail/dds_fastrtps/twist_and_req__type_support.cpp.o[0m
[ 16%] [32mBuilding CXX object CMakeFiles/firmware_interfaces__rosidl_typesupport_introspection_cpp.dir/rosidl_typesupport_introspection_cpp/firmware_interfaces/msg/detail/twist_and_req__type_support.cpp.o[0m
[ 19%] [32m[1mLinking C shared library libfirmware_interfaces__rosidl_generator_c.so[0m
[ 22%] Built target firmware_interfaces__rosidl_generator_c
[ 25%] [34m[1mGenerating C introspection for ROS interfaces[0m
[ 29%] [34m[1mGenerating C type support for eProsima Fast-RTPS[0m
running egg_info
writing firmware_interfaces.egg-info/PKG-INFO
writing dependency_links to firmware_interfaces.egg-info/dependency_links.txt
writing top-level names to firmware_interfaces.egg-info/top_level.txt
reading manifest file 'firmware_interfaces.egg-info/SOURCES.txt'
writing manifest file 'firmware_interfaces.egg-info/SOURCES.txt'
[ 29%] Built target ament_cmake_python_build_firmware_interfaces_egg
[ 32%] [34m[1mGenerating C type support dispatch for ROS interfaces[0m
[ 35%] [32m[1mLinking CXX shared library libfirmware_interfaces__rosidl_typesupport_cpp.so[0m
[ 38%] Built target firmware_interfaces__rosidl_typesupport_cpp
[ 41%] [32m[1mLinking CXX shared library libfirmware_interfaces__rosidl_typesupport_fastrtps_cpp.so[0m
[ 45%] [32mBuilding CXX object CMakeFiles/firmware_interfaces__rosidl_typesupport_fastrtps_c.dir/rosidl_typesupport_fastrtps_c/firmware_interfaces/msg/detail/twist_and_req__type_support_c.cpp.o[0m
[ 48%] [32mBuilding C object CMakeFiles/firmware_interfaces__rosidl_typesupport_introspection_c.dir/rosidl_typesupport_introspection_c/firmware_interfaces/msg/detail/twist_and_req__type_support.c.o[0m
[ 51%] [32m[1mLinking CXX shared library libfirmware_interfaces__rosidl_typesupport_introspection_cpp.so[0m
[ 54%] [32m[1mLinking C shared library libfirmware_interfaces__rosidl_typesupport_introspection_c.so[0m
[ 58%] Built target firmware_interfaces__rosidl_typesupport_fastrtps_cpp
[ 61%] Built target firmware_interfaces__rosidl_typesupport_introspection_cpp
[ 61%] Built target firmware_interfaces__rosidl_typesupport_introspection_c
[ 64%] [32mBuilding CXX object CMakeFiles/firmware_interfaces__rosidl_typesupport_c.dir/rosidl_typesupport_c/firmware_interfaces/msg/twist_and_req__type_support.cpp.o[0m
[ 67%] [32m[1mLinking CXX shared library libfirmware_interfaces__rosidl_typesupport_c.so[0m
[ 67%] Built target firmware_interfaces__rosidl_typesupport_c
[ 70%] [32m[1mLinking CXX shared library libfirmware_interfaces__rosidl_typesupport_fastrtps_c.so[0m
[ 70%] Built target firmware_interfaces__rosidl_typesupport_fastrtps_c
[ 70%] Built target firmware_interfaces
[ 74%] [34m[1mGenerating Python code for ROS interfaces[0m
[ 74%] Built target firmware_interfaces__py
[ 77%] [32mBuilding C object CMakeFiles/firmware_interfaces__rosidl_generator_py.dir/rosidl_generator_py/firmware_interfaces/msg/_twist_and_req_s.c.o[0m
[ 80%] [32m[1mLinking C shared library rosidl_generator_py/firmware_interfaces/libfirmware_interfaces__rosidl_generator_py.so[0m
[ 80%] Built target firmware_interfaces__rosidl_generator_py
[ 83%] [32mBuilding C object CMakeFiles/firmware_interfaces__rosidl_typesupport_fastrtps_c__pyext.dir/rosidl_generator_py/firmware_interfaces/_firmware_interfaces_s.ep.rosidl_typesupport_fastrtps_c.c.o[0m
[ 87%] [32mBuilding C object CMakeFiles/firmware_interfaces__rosidl_typesupport_introspection_c__pyext.dir/rosidl_generator_py/firmware_interfaces/_firmware_interfaces_s.ep.rosidl_typesupport_introspection_c.c.o[0m
[ 90%] [32mBuilding C object CMakeFiles/firmware_interfaces__rosidl_typesupport_c__pyext.dir/rosidl_generator_py/firmware_interfaces/_firmware_interfaces_s.ep.rosidl_typesupport_c.c.o[0m
[ 93%] [32m[1mLinking C shared library rosidl_generator_py/firmware_interfaces/firmware_interfaces_s__rosidl_typesupport_c.cpython-310-x86_64-linux-gnu.so[0m
[100%] [32m[1mLinking C shared library rosidl_generator_py/firmware_interfaces/firmware_interfaces_s__rosidl_typesupport_introspection_c.cpython-310-x86_64-linux-gnu.so[0m
[100%] [32m[1mLinking C shared library rosidl_generator_py/firmware_interfaces/firmware_interfaces_s__rosidl_typesupport_fastrtps_c.cpython-310-x86_64-linux-gnu.so[0m
[100%] Built target firmware_interfaces__rosidl_typesupport_c__pyext
[100%] Built target firmware_interfaces__rosidl_typesupport_fastrtps_c__pyext
[100%] Built target firmware_interfaces__rosidl_typesupport_introspection_c__pyext
-- Install configuration: ""
-- Installing: /home/xander/firmware_overall/ros2_wk/install/firmware_interfaces/share/ament_index/resource_index/rosidl_interfaces/firmware_interfaces
-- Installing: /home/xander/firmware_overall/ros2_wk/install/firmware_interfaces/include/firmware_interfaces/firmware_interfaces
-- Installing: /home/xander/firmware_overall/ros2_wk/install/firmware_interfaces/include/firmware_interfaces/firmware_interfaces/msg
-- Installing: /home/xander/firmware_overall/ros2_wk/install/firmware_interfaces/include/firmware_interfaces/firmware_interfaces/msg/rosidl_generator_c__visibility_control.h
-- Installing: /home/xander/firmware_overall/ros2_wk/install/firmware_interfaces/include/firmware_interfaces/firmware_interfaces/msg/detail
-- Installing: /home/xander/firmware_overall/ros2_wk/install/firmware_interfaces/include/firmware_interfaces/firmware_interfaces/msg/detail/twist_and_req__type_support.h
-- Installing: /home/xander/firmware_overall/ros2_wk/install/firmware_interfaces/include/firmware_interfaces/firmware_interfaces/msg/detail/twist_and_req__functions.c
-- Installing: /home/xander/firmware_overall/ros2_wk/install/firmware_interfaces/include/firmware_interfaces/firmware_interfaces/msg/detail/twist_and_req__functions.h
-- Installing: /home/xander/firmware_overall/ros2_wk/install/firmware_interfaces/include/firmware_interfaces/firmware_interfaces/msg/detail/twist_and_req__struct.h
-- Installing: /home/xander/firmware_overall/ros2_wk/install/firmware_interfaces/include/firmware_interfaces/firmware_interfaces/msg/twist_and_req.h
-- Installing: /home/xander/firmware_overall/ros2_wk/install/firmware_interfaces/share/firmware_interfaces/environment/library_path.sh
-- Installing: /home/xander/firmware_overall/ros2_wk/install/firmware_interfaces/share/firmware_interfaces/environment/library_path.dsv
-- Installing: /home/xander/firmware_overall/ros2_wk/install/firmware_interfaces/lib/libfirmware_interfaces__rosidl_generator_c.so
-- Set runtime path of "/home/xander/firmware_overall/ros2_wk/install/firmware_interfaces/lib/libfirmware_interfaces__rosidl_generator_c.so" to ""
-- Up-to-date: /home/xander/firmware_overall/ros2_wk/install/firmware_interfaces/include/firmware_interfaces/firmware_interfaces
-- Up-to-date: /home/xander/firmware_overall/ros2_wk/install/firmware_interfaces/include/firmware_interfaces/firmware_interfaces/msg
-- Up-to-date: /home/xander/firmware_overall/ros2_wk/install/firmware_interfaces/include/firmware_interfaces/firmware_interfaces/msg/detail
-- Installing: /home/xander/firmware_overall/ros2_wk/install/firmware_interfaces/include/firmware_interfaces/firmware_interfaces/msg/detail/twist_and_req__rosidl_typesupport_fastrtps_c.h
-- Installing: /home/xander/firmware_overall/ros2_wk/install/firmware_interfaces/include/firmware_interfaces/firmware_interfaces/msg/rosidl_typesupport_fastrtps_c__visibility_control.h
-- Installing: /home/xander/firmware_overall/ros2_wk/install/firmware_interfaces/lib/libfirmware_interfaces__rosidl_typesupport_fastrtps_c.so
-- Set runtime path of "/home/xander/firmware_overall/ros2_wk/install/firmware_interfaces/lib/libfirmware_interfaces__rosidl_typesupport_fastrtps_c.so" to ""
-- Up-to-date: /home/xander/firmware_overall/ros2_wk/install/firmware_interfaces/include/firmware_interfaces/firmware_interfaces
-- Up-to-date: /home/xander/firmware_overall/ros2_wk/install/firmware_interfaces/include/firmware_interfaces/firmware_interfaces/msg
-- Installing: /home/xander/firmware_overall/ros2_wk/install/firmware_interfaces/include/firmware_interfaces/firmware_interfaces/msg/twist_and_req.hpp
-- Up-to-date: /home/xander/firmware_overall/ros2_wk/install/firmware_interfaces/include/firmware_interfaces/firmware_interfaces/msg/detail
-- Installing: /home/xander/firmware_overall/ros2_wk/install/firmware_interfaces/include/firmware_interfaces/firmware_interfaces/msg/detail/twist_and_req__struct.hpp
-- Installing: /home/xander/firmware_overall/ros2_wk/install/firmware_interfaces/include/firmware_interfaces/firmware_interfaces/msg/detail/twist_and_req__builder.hpp
-- Installing: /home/xander/firmware_overall/ros2_wk/install/firmware_interfaces/include/firmware_interfaces/firmware_interfaces/msg/detail/twist_and_req__traits.hpp
-- Up-to-date: /home/xander/firmware_overall/ros2_wk/install/firmware_interfaces/include/firmware_interfaces/firmware_interfaces
-- Up-to-date: /home/xander/firmware_overall/ros2_wk/install/firmware_interfaces/include/firmware_interfaces/firmware_interfaces/msg
-- Up-to-date: /home/xander/firmware_overall/ros2_wk/install/firmware_interfaces/include/firmware_interfaces/firmware_interfaces/msg/detail
-- Installing: /home/xander/firmware_overall/ros2_wk/install/firmware_interfaces/include/firmware_interfaces/firmware_interfaces/msg/detail/twist_and_req__rosidl_typesupport_fastrtps_cpp.hpp
-- Installing: /home/xander/firmware_overall/ros2_wk/install/firmware_interfaces/include/firmware_interfaces/firmware_interfaces/msg/detail/dds_fastrtps
-- Installing: /home/xander/firmware_overall/ros2_wk/install/firmware_interfaces/include/firmware_interfaces/firmware_interfaces/msg/rosidl_typesupport_fastrtps_cpp__visibility_control.h
-- Installing: /home/xander/firmware_overall/ros2_wk/install/firmware_interfaces/lib/libfirmware_interfaces__rosidl_typesupport_fastrtps_cpp.so
-- Set runtime path of "/home/xander/firmware_overall/ros2_wk/install/firmware_interfaces/lib/libfirmware_interfaces__rosidl_typesupport_fastrtps_cpp.so" to ""
-- Up-to-date: /home/xander/firmware_overall/ros2_wk/install/firmware_interfaces/include/firmware_interfaces/firmware_interfaces
-- Up-to-date: /home/xander/firmware_overall/ros2_wk/install/firmware_interfaces/include/firmware_interfaces/firmware_interfaces/msg
-- Installing: /home/xander/firmware_overall/ros2_wk/install/firmware_interfaces/include/firmware_interfaces/firmware_interfaces/msg/rosidl_typesupport_introspection_c__visibility_control.h
-- Up-to-date: /home/xander/firmware_overall/ros2_wk/install/firmware_interfaces/include/firmware_interfaces/firmware_interfaces/msg/detail
-- Installing: /home/xander/firmware_overall/ros2_wk/install/firmware_interfaces/include/firmware_interfaces/firmware_interfaces/msg/detail/twist_and_req__rosidl_typesupport_introspection_c.h
-- Installing: /home/xander/firmware_overall/ros2_wk/install/firmware_interfaces/include/firmware_interfaces/firmware_interfaces/msg/detail/twist_and_req__type_support.c
-- Installing: /home/xander/firmware_overall/ros2_wk/install/firmware_interfaces/lib/libfirmware_interfaces__rosidl_typesupport_introspection_c.so
-- Set runtime path of "/home/xander/firmware_overall/ros2_wk/install/firmware_interfaces/lib/libfirmware_interfaces__rosidl_typesupport_introspection_c.so" to ""
-- Installing: /home/xander/firmware_overall/ros2_wk/install/firmware_interfaces/lib/libfirmware_interfaces__rosidl_typesupport_c.so
-- Set runtime path of "/home/xander/firmware_overall/ros2_wk/install/firmware_interfaces/lib/libfirmware_interfaces__rosidl_typesupport_c.so" to ""
-- Up-to-date: /home/xander/firmware_overall/ros2_wk/install/firmware_interfaces/include/firmware_interfaces/firmware_interfaces
-- Up-to-date: /home/xander/firmware_overall/ros2_wk/install/firmware_interfaces/include/firmware_interfaces/firmware_interfaces/msg
-- Up-to-date: /home/xander/firmware_overall/ros2_wk/install/firmware_interfaces/include/firmware_interfaces/firmware_interfaces/msg/detail
-- Installing: /home/xander/firmware_overall/ros2_wk/install/firmware_interfaces/include/firmware_interfaces/firmware_interfaces/msg/detail/twist_and_req__rosidl_typesupport_introspection_cpp.hpp
-- Installing: /home/xander/firmware_overall/ros2_wk/install/firmware_interfaces/include/firmware_interfaces/firmware_interfaces/msg/detail/twist_and_req__type_support.cpp
-- Installing: /home/xander/firmware_overall/ros2_wk/install/firmware_interfaces/lib/libfirmware_interfaces__rosidl_typesupport_introspection_cpp.so
-- Set runtime path of "/home/xander/firmware_overall/ros2_wk/install/firmware_interfaces/lib/libfirmware_interfaces__rosidl_typesupport_introspection_cpp.so" to ""
-- Installing: /home/xander/firmware_overall/ros2_wk/install/firmware_interfaces/lib/libfirmware_interfaces__rosidl_typesupport_cpp.so
-- Set runtime path of "/home/xander/firmware_overall/ros2_wk/install/firmware_interfaces/lib/libfirmware_interfaces__rosidl_typesupport_cpp.so" to ""
-- Installing: /home/xander/firmware_overall/ros2_wk/install/firmware_interfaces/share/firmware_interfaces/environment/pythonpath.sh
-- Installing: /home/xander/firmware_overall/ros2_wk/install/firmware_interfaces/share/firmware_interfaces/environment/pythonpath.dsv
-- Installing: /home/xander/firmware_overall/ros2_wk/install/firmware_interfaces/local/lib/python3.10/dist-packages/firmware_interfaces-0.0.0-py3.10.egg-info
-- Installing: /home/xander/firmware_overall/ros2_wk/install/firmware_interfaces/local/lib/python3.10/dist-packages/firmware_interfaces-0.0.0-py3.10.egg-info/dependency_links.txt
-- Installing: /home/xander/firmware_overall/ros2_wk/install/firmware_interfaces/local/lib/python3.10/dist-packages/firmware_interfaces-0.0.0-py3.10.egg-info/top_level.txt
-- Installing: /home/xander/firmware_overall/ros2_wk/install/firmware_interfaces/local/lib/python3.10/dist-packages/firmware_interfaces-0.0.0-py3.10.egg-info/SOURCES.txt
-- Installing: /home/xander/firmware_overall/ros2_wk/install/firmware_interfaces/local/lib/python3.10/dist-packages/firmware_interfaces-0.0.0-py3.10.egg-info/PKG-INFO
-- Installing: /home/xander/firmware_overall/ros2_wk/install/firmware_interfaces/local/lib/python3.10/dist-packages/firmware_interfaces
-- Installing: /home/xander/firmware_overall/ros2_wk/install/firmware_interfaces/local/lib/python3.10/dist-packages/firmware_interfaces/_firmware_interfaces_s.ep.rosidl_typesupport_fastrtps_c.c
-- Installing: /home/xander/firmware_overall/ros2_wk/install/firmware_interfaces/local/lib/python3.10/dist-packages/firmware_interfaces/firmware_interfaces_s__rosidl_typesupport_c.cpython-310-x86_64-linux-gnu.so
-- Installing: /home/xander/firmware_overall/ros2_wk/install/firmware_interfaces/local/lib/python3.10/dist-packages/firmware_interfaces/msg
-- Installing: /home/xander/firmware_overall/ros2_wk/install/firmware_interfaces/local/lib/python3.10/dist-packages/firmware_interfaces/msg/__init__.py
-- Installing: /home/xander/firmware_overall/ros2_wk/install/firmware_interfaces/local/lib/python3.10/dist-packages/firmware_interfaces/msg/_twist_and_req.py
-- Installing: /home/xander/firmware_overall/ros2_wk/install/firmware_interfaces/local/lib/python3.10/dist-packages/firmware_interfaces/msg/_twist_and_req_s.c
-- Installing: /home/xander/firmware_overall/ros2_wk/install/firmware_interfaces/local/lib/python3.10/dist-packages/firmware_interfaces/__init__.py
-- Installing: /home/xander/firmware_overall/ros2_wk/install/firmware_interfaces/local/lib/python3.10/dist-packages/firmware_interfaces/_firmware_interfaces_s.ep.rosidl_typesupport_c.c
-- Installing: /home/xander/firmware_overall/ros2_wk/install/firmware_interfaces/local/lib/python3.10/dist-packages/firmware_interfaces/_firmware_interfaces_s.ep.rosidl_typesupport_introspection_c.c
-- Installing: /home/xander/firmware_overall/ros2_wk/install/firmware_interfaces/local/lib/python3.10/dist-packages/firmware_interfaces/firmware_interfaces_s__rosidl_typesupport_fastrtps_c.cpython-310-x86_64-linux-gnu.so
-- Installing: /home/xander/firmware_overall/ros2_wk/install/firmware_interfaces/local/lib/python3.10/dist-packages/firmware_interfaces/firmware_interfaces_s__rosidl_typesupport_introspection_c.cpython-310-x86_64-linux-gnu.so
-- Installing: /home/xander/firmware_overall/ros2_wk/install/firmware_interfaces/local/lib/python3.10/dist-packages/firmware_interfaces/libfirmware_interfaces__rosidl_generator_py.so
Listing '/home/xander/firmware_overall/ros2_wk/install/firmware_interfaces/local/lib/python3.10/dist-packages/firmware_interfaces'...
Compiling '/home/xander/firmware_overall/ros2_wk/install/firmware_interfaces/local/lib/python3.10/dist-packages/firmware_interfaces/__init__.py'...
Listing '/home/xander/firmware_overall/ros2_wk/install/firmware_interfaces/local/lib/python3.10/dist-packages/firmware_interfaces/msg'...
Compiling '/home/xander/firmware_overall/ros2_wk/install/firmware_interfaces/local/lib/python3.10/dist-packages/firmware_interfaces/msg/__init__.py'...
Compiling '/home/xander/firmware_overall/ros2_wk/install/firmware_interfaces/local/lib/python3.10/dist-packages/firmware_interfaces/msg/_twist_and_req.py'...
-- Installing: /home/xander/firmware_overall/ros2_wk/install/firmware_interfaces/local/lib/python3.10/dist-packages/firmware_interfaces/firmware_interfaces_s__rosidl_typesupport_fastrtps_c.cpython-310-x86_64-linux-gnu.so
-- Set runtime path of "/home/xander/firmware_overall/ros2_wk/install/firmware_interfaces/local/lib/python3.10/dist-packages/firmware_interfaces/firmware_interfaces_s__rosidl_typesupport_fastrtps_c.cpython-310-x86_64-linux-gnu.so" to ""
-- Installing: /home/xander/firmware_overall/ros2_wk/install/firmware_interfaces/local/lib/python3.10/dist-packages/firmware_interfaces/firmware_interfaces_s__rosidl_typesupport_introspection_c.cpython-310-x86_64-linux-gnu.so
-- Set runtime path of "/home/xander/firmware_overall/ros2_wk/install/firmware_interfaces/local/lib/python3.10/dist-packages/firmware_interfaces/firmware_interfaces_s__rosidl_typesupport_introspection_c.cpython-310-x86_64-linux-gnu.so" to ""
-- Installing: /home/xander/firmware_overall/ros2_wk/install/firmware_interfaces/local/lib/python3.10/dist-packages/firmware_interfaces/firmware_interfaces_s__rosidl_typesupport_c.cpython-310-x86_64-linux-gnu.so
-- Set runtime path of "/home/xander/firmware_overall/ros2_wk/install/firmware_interfaces/local/lib/python3.10/dist-packages/firmware_interfaces/firmware_interfaces_s__rosidl_typesupport_c.cpython-310-x86_64-linux-gnu.so" to ""
-- Installing: /home/xander/firmware_overall/ros2_wk/install/firmware_interfaces/lib/libfirmware_interfaces__rosidl_generator_py.so
-- Set runtime path of "/home/xander/firmware_overall/ros2_wk/install/firmware_interfaces/lib/libfirmware_interfaces__rosidl_generator_py.so" to ""
-- Installing: /home/xander/firmware_overall/ros2_wk/install/firmware_interfaces/share/firmware_interfaces/msg/TwistAndReq.idl
-- Installing: /home/xander/firmware_overall/ros2_wk/install/firmware_interfaces/share/firmware_interfaces/msg/TwistAndReq.msg
-- Installing: /home/xander/firmware_overall/ros2_wk/install/firmware_interfaces/share/ament_index/resource_index/package_run_dependencies/firmware_interfaces
-- Up-to-date: /home/xander/firmware_overall/ros2_wk/install/firmware_interfaces/share/ament_index/resource_index/parent_prefix_path/firmware_interfaces
-- Up-to-date: /home/xander/firmware_overall/ros2_wk/install/firmware_interfaces/share/firmware_interfaces/environment/ament_prefix_path.sh
-- Installing: /home/xander/firmware_overall/ros2_wk/install/firmware_interfaces/share/firmware_interfaces/environment/ament_prefix_path.dsv
-- Up-to-date: /home/xander/firmware_overall/ros2_wk/install/firmware_interfaces/share/firmware_interfaces/environment/path.sh
-- Installing: /home/xander/firmware_overall/ros2_wk/install/firmware_interfaces/share/firmware_interfaces/environment/path.dsv
-- Up-to-date: /home/xander/firmware_overall/ros2_wk/install/firmware_interfaces/share/firmware_interfaces/local_setup.bash
-- Installing: /home/xander/firmware_overall/ros2_wk/install/firmware_interfaces/share/firmware_interfaces/local_setup.sh
-- Up-to-date: /home/xander/firmware_overall/ros2_wk/install/firmware_interfaces/share/firmware_interfaces/local_setup.zsh
-- Installing: /home/xander/firmware_overall/ros2_wk/install/firmware_interfaces/share/firmware_interfaces/local_setup.dsv
-- Installing: /home/xander/firmware_overall/ros2_wk/install/firmware_interfaces/share/firmware_interfaces/package.dsv
-- Up-to-date: /home/xander/firmware_overall/ros2_wk/install/firmware_interfaces/share/ament_index/resource_index/packages/firmware_interfaces
-- Installing: /home/xander/firmware_overall/ros2_wk/install/firmware_interfaces/share/firmware_interfaces/cmake/export_firmware_interfaces__rosidl_generator_cExport.cmake
-- Installing: /home/xander/firmware_overall/ros2_wk/install/firmware_interfaces/share/firmware_interfaces/cmake/export_firmware_interfaces__rosidl_generator_cExport-noconfig.cmake
-- Installing: /home/xander/firmware_overall/ros2_wk/install/firmware_interfaces/share/firmware_interfaces/cmake/export_firmware_interfaces__rosidl_typesupport_fastrtps_cExport.cmake
-- Installing: /home/xander/firmware_overall/ros2_wk/install/firmware_interfaces/share/firmware_interfaces/cmake/export_firmware_interfaces__rosidl_typesupport_fastrtps_cExport-noconfig.cmake
-- Installing: /home/xander/firmware_overall/ros2_wk/install/firmware_interfaces/share/firmware_interfaces/cmake/export_firmware_interfaces__rosidl_generator_cppExport.cmake
-- Installing: /home/xander/firmware_overall/ros2_wk/install/firmware_interfaces/share/firmware_interfaces/cmake/export_firmware_interfaces__rosidl_typesupport_fastrtps_cppExport.cmake
-- Installing: /home/xander/firmware_overall/ros2_wk/install/firmware_interfaces/share/firmware_interfaces/cmake/export_firmware_interfaces__rosidl_typesupport_fastrtps_cppExport-noconfig.cmake
-- Installing: /home/xander/firmware_overall/ros2_wk/install/firmware_interfaces/share/firmware_interfaces/cmake/firmware_interfaces__rosidl_typesupport_introspection_cExport.cmake
-- Installing: /home/xander/firmware_overall/ros2_wk/install/firmware_interfaces/share/firmware_interfaces/cmake/firmware_interfaces__rosidl_typesupport_introspection_cExport-noconfig.cmake
-- Installing: /home/xander/firmware_overall/ros2_wk/install/firmware_interfaces/share/firmware_interfaces/cmake/firmware_interfaces__rosidl_typesupport_cExport.cmake
-- Installing: /home/xander/firmware_overall/ros2_wk/install/firmware_interfaces/share/firmware_interfaces/cmake/firmware_interfaces__rosidl_typesupport_cExport-noconfig.cmake
-- Installing: /home/xander/firmware_overall/ros2_wk/install/firmware_interfaces/share/firmware_interfaces/cmake/firmware_interfaces__rosidl_typesupport_introspection_cppExport.cmake
-- Installing: /home/xander/firmware_overall/ros2_wk/install/firmware_interfaces/share/firmware_interfaces/cmake/firmware_interfaces__rosidl_typesupport_introspection_cppExport-noconfig.cmake
-- Installing: /home/xander/firmware_overall/ros2_wk/install/firmware_interfaces/share/firmware_interfaces/cmake/firmware_interfaces__rosidl_typesupport_cppExport.cmake
-- Installing: /home/xander/firmware_overall/ros2_wk/install/firmware_interfaces/share/firmware_interfaces/cmake/firmware_interfaces__rosidl_typesupport_cppExport-noconfig.cmake
-- Installing: /home/xander/firmware_overall/ros2_wk/install/firmware_interfaces/share/firmware_interfaces/cmake/export_firmware_interfaces__rosidl_generator_pyExport.cmake
-- Installing: /home/xander/firmware_overall/ros2_wk/install/firmware_interfaces/share/firmware_interfaces/cmake/export_firmware_interfaces__rosidl_generator_pyExport-noconfig.cmake
-- Installing: /home/xander/firmware_overall/ros2_wk/install/firmware_interfaces/share/firmware_interfaces/cmake/rosidl_cmake-extras.cmake
-- Installing: /home/xander/firmware_overall/ros2_wk/install/firmware_interfaces/share/firmware_interfaces/cmake/ament_cmake_export_dependencies-extras.cmake
-- Installing: /home/xander/firmware_overall/ros2_wk/install/firmware_interfaces/share/firmware_interfaces/cmake/ament_cmake_export_include_directories-extras.cmake
-- Installing: /home/xander/firmware_overall/ros2_wk/install/firmware_interfaces/share/firmware_interfaces/cmake/ament_cmake_export_libraries-extras.cmake
-- Installing: /home/xander/firmware_overall/ros2_wk/install/firmware_interfaces/share/firmware_interfaces/cmake/ament_cmake_export_targets-extras.cmake
-- Installing: /home/xander/firmware_overall/ros2_wk/install/firmware_interfaces/share/firmware_interfaces/cmake/rosidl_cmake_export_typesupport_targets-extras.cmake
-- Installing: /home/xander/firmware_overall/ros2_wk/install/firmware_interfaces/share/firmware_interfaces/cmake/rosidl_cmake_export_typesupport_libraries-extras.cmake
-- Installing: /home/xander/firmware_overall/ros2_wk/install/firmware_interfaces/share/firmware_interfaces/cmake/firmware_interfacesConfig.cmake
-- Up-to-date: /home/xander/firmware_overall/ros2_wk/install/firmware_interfaces/share/firmware_interfaces/cmake/firmware_interfacesConfig-version.cmake
-- Installing: /home/xander/firmware_overall/ros2_wk/install/firmware_interfaces/share/firmware_interfaces/package.xml
