[0.086s] Invoking command in '/home/xander/firmware_overall/ros2_wk/build/firmware_interfaces': CMAKE_PREFIX_PATH=${CMAKE_PREFIX_PATH}:/home/xander/ros2_ws/install/my_py_pkg:/opt/ros/humble /usr/bin/cmake /home/xander/firmware_overall/ros2_wk/src/firmware_interfaces -DCMAKE_INSTALL_PREFIX=/home/xander/firmware_overall/ros2_wk/install/firmware_interfaces
[0.184s] -- The C compiler identification is GNU 11.4.0
[0.286s] -- The CXX compiler identification is GNU 11.4.0
[0.292s] -- Detecting C compiler ABI info
[0.438s] -- Detecting C compiler ABI info - done
[0.443s] -- Check for working C compiler: /usr/bin/cc - skipped
[0.443s] -- Detecting C compile features
[0.443s] -- Detecting C compile features - done
[0.450s] -- Detecting CXX compiler ABI info
[0.580s] -- Detecting CXX compiler ABI info - done
[0.601s] -- Check for working CXX compiler: /usr/bin/c++ - skipped
[0.601s] -- Detecting CXX compile features
[0.601s] -- Detecting CXX compile features - done
[0.602s] -- Found ament_cmake: 1.3.10 (/opt/ros/humble/share/ament_cmake/cmake)
[0.777s] -- Found Python3: /usr/bin/python3 (found version "3.10.12") found components: Interpreter 
[0.839s] -- Found ament_lint_auto: 0.12.11 (/opt/ros/humble/share/ament_lint_auto/cmake)
[0.902s] -- Found geometry_msgs: 4.2.4 (/opt/ros/humble/share/geometry_msgs/cmake)
[0.949s] -- Found rosidl_generator_c: 3.1.5 (/opt/ros/humble/share/rosidl_generator_c/cmake)
[0.952s] -- Found rosidl_adapter: 3.1.5 (/opt/ros/humble/share/rosidl_adapter/cmake)
[0.956s] -- Found rosidl_generator_cpp: 3.1.5 (/opt/ros/humble/share/rosidl_generator_cpp/cmake)
[0.964s] -- Using all available rosidl_typesupport_c: rosidl_typesupport_fastrtps_c;rosidl_typesupport_introspection_c
[0.982s] -- Using all available rosidl_typesupport_cpp: rosidl_typesupport_fastrtps_cpp;rosidl_typesupport_introspection_cpp
[1.019s] -- Found rosidl_default_generators: 1.2.0 (/opt/ros/humble/share/rosidl_default_generators/cmake)
[1.036s] -- Added test 'lint_cmake' to check CMake code style
[1.036s] -- Added test 'xmllint' to check XML markup files
[1.037s] -- Configuring done
[1.039s] -- Generating done
[1.040s] -- Build files have been written to: /home/xander/firmware_overall/ros2_wk/build/firmware_interfaces
[1.048s] Invoked command in '/home/xander/firmware_overall/ros2_wk/build/firmware_interfaces' returned '0': CMAKE_PREFIX_PATH=${CMAKE_PREFIX_PATH}:/home/xander/ros2_ws/install/my_py_pkg:/opt/ros/humble /usr/bin/cmake /home/xander/firmware_overall/ros2_wk/src/firmware_interfaces -DCMAKE_INSTALL_PREFIX=/home/xander/firmware_overall/ros2_wk/install/firmware_interfaces
[1.048s] Invoking command in '/home/xander/firmware_overall/ros2_wk/build/firmware_interfaces': CMAKE_PREFIX_PATH=${CMAKE_PREFIX_PATH}:/home/xander/ros2_ws/install/my_py_pkg:/opt/ros/humble /usr/bin/cmake --build /home/xander/firmware_overall/ros2_wk/build/firmware_interfaces -- -j6 -l6
[1.104s] Invoked command in '/home/xander/firmware_overall/ros2_wk/build/firmware_interfaces' returned '0': CMAKE_PREFIX_PATH=${CMAKE_PREFIX_PATH}:/home/xander/ros2_ws/install/my_py_pkg:/opt/ros/humble /usr/bin/cmake --build /home/xander/firmware_overall/ros2_wk/build/firmware_interfaces -- -j6 -l6
[1.164s] Invoking command in '/home/xander/firmware_overall/ros2_wk/build/firmware_interfaces': CMAKE_PREFIX_PATH=${CMAKE_PREFIX_PATH}:/home/xander/ros2_ws/install/my_py_pkg:/opt/ros/humble /usr/bin/cmake --install /home/xander/firmware_overall/ros2_wk/build/firmware_interfaces
[1.202s] -- Install configuration: ""
[1.202s] -- Installing: /home/xander/firmware_overall/ros2_wk/install/firmware_interfaces/share/ament_index/resource_index/package_run_dependencies/firmware_interfaces
[1.208s] -- Installing: /home/xander/firmware_overall/ros2_wk/install/firmware_interfaces/share/ament_index/resource_index/parent_prefix_path/firmware_interfaces
[1.208s] -- Installing: /home/xander/firmware_overall/ros2_wk/install/firmware_interfaces/share/firmware_interfaces/environment/ament_prefix_path.sh
[1.208s] -- Installing: /home/xander/firmware_overall/ros2_wk/install/firmware_interfaces/share/firmware_interfaces/environment/ament_prefix_path.dsv
[1.208s] -- Installing: /home/xander/firmware_overall/ros2_wk/install/firmware_interfaces/share/firmware_interfaces/environment/path.sh
[1.208s] -- Installing: /home/xander/firmware_overall/ros2_wk/install/firmware_interfaces/share/firmware_interfaces/environment/path.dsv
[1.208s] -- Installing: /home/xander/firmware_overall/ros2_wk/install/firmware_interfaces/share/firmware_interfaces/local_setup.bash
[1.209s] -- Installing: /home/xander/firmware_overall/ros2_wk/install/firmware_interfaces/share/firmware_interfaces/local_setup.sh
[1.209s] -- Installing: /home/xander/firmware_overall/ros2_wk/install/firmware_interfaces/share/firmware_interfaces/local_setup.zsh
[1.209s] -- Installing: /home/xander/firmware_overall/ros2_wk/install/firmware_interfaces/share/firmware_interfaces/local_setup.dsv
[1.209s] -- Installing: /home/xander/firmware_overall/ros2_wk/install/firmware_interfaces/share/firmware_interfaces/package.dsv
[1.209s] -- Installing: /home/xander/firmware_overall/ros2_wk/install/firmware_interfaces/share/ament_index/resource_index/packages/firmware_interfaces
[1.209s] -- Installing: /home/xander/firmware_overall/ros2_wk/install/firmware_interfaces/share/firmware_interfaces/cmake/firmware_interfacesConfig.cmake
[1.209s] -- Installing: /home/xander/firmware_overall/ros2_wk/install/firmware_interfaces/share/firmware_interfaces/cmake/firmware_interfacesConfig-version.cmake
[1.209s] -- Installing: /home/xander/firmware_overall/ros2_wk/install/firmware_interfaces/share/firmware_interfaces/package.xml
[1.212s] Invoked command in '/home/xander/firmware_overall/ros2_wk/build/firmware_interfaces' returned '0': CMAKE_PREFIX_PATH=${CMAKE_PREFIX_PATH}:/home/xander/ros2_ws/install/my_py_pkg:/opt/ros/humble /usr/bin/cmake --install /home/xander/firmware_overall/ros2_wk/build/firmware_interfaces
