[0.064s] Invoking command in '/home/xander/firmware_overall/ros2_wk/build/mux': CMAKE_PREFIX_PATH=${CMAKE_PREFIX_PATH}:/home/xander/ros2_ws/install/my_py_pkg:/opt/ros/humble /usr/bin/cmake --build /home/xander/firmware_overall/ros2_wk/build/mux -- -j6 -l6
[0.146s] [100%] Built target mux
[0.171s] Invoked command in '/home/xander/firmware_overall/ros2_wk/build/mux' returned '0': CMAKE_PREFIX_PATH=${CMAKE_PREFIX_PATH}:/home/xander/ros2_ws/install/my_py_pkg:/opt/ros/humble /usr/bin/cmake --build /home/xander/firmware_overall/ros2_wk/build/mux -- -j6 -l6
[0.286s] Invoking command in '/home/xander/firmware_overall/ros2_wk/build/mux': CMAKE_PREFIX_PATH=${CMAKE_PREFIX_PATH}:/home/xander/ros2_ws/install/my_py_pkg:/opt/ros/humble /usr/bin/cmake --install /home/xander/firmware_overall/ros2_wk/build/mux
[0.348s] -- Install configuration: ""
[0.348s] -- Up-to-date: /home/xander/firmware_overall/ros2_wk/install/mux/lib/mux/mux
[0.348s] -- Up-to-date: /home/xander/firmware_overall/ros2_wk/install/mux/share/ament_index/resource_index/package_run_dependencies/mux
[0.348s] -- Up-to-date: /home/xander/firmware_overall/ros2_wk/install/mux/share/ament_index/resource_index/parent_prefix_path/mux
[0.348s] -- Up-to-date: /home/xander/firmware_overall/ros2_wk/install/mux/share/mux/environment/ament_prefix_path.sh
[0.348s] -- Up-to-date: /home/xander/firmware_overall/ros2_wk/install/mux/share/mux/environment/ament_prefix_path.dsv
[0.348s] -- Up-to-date: /home/xander/firmware_overall/ros2_wk/install/mux/share/mux/environment/path.sh
[0.348s] -- Up-to-date: /home/xander/firmware_overall/ros2_wk/install/mux/share/mux/environment/path.dsv
[0.349s] -- Up-to-date: /home/xander/firmware_overall/ros2_wk/install/mux/share/mux/local_setup.bash
[0.349s] -- Up-to-date: /home/xander/firmware_overall/ros2_wk/install/mux/share/mux/local_setup.sh
[0.349s] -- Up-to-date: /home/xander/firmware_overall/ros2_wk/install/mux/share/mux/local_setup.zsh
[0.349s] -- Up-to-date: /home/xander/firmware_overall/ros2_wk/install/mux/share/mux/local_setup.dsv
[0.349s] -- Installing: /home/xander/firmware_overall/ros2_wk/install/mux/share/mux/package.dsv
[0.349s] -- Up-to-date: /home/xander/firmware_overall/ros2_wk/install/mux/share/ament_index/resource_index/packages/mux
[0.349s] -- Up-to-date: /home/xander/firmware_overall/ros2_wk/install/mux/share/mux/cmake/muxConfig.cmake
[0.349s] -- Up-to-date: /home/xander/firmware_overall/ros2_wk/install/mux/share/mux/cmake/muxConfig-version.cmake
[0.349s] -- Up-to-date: /home/xander/firmware_overall/ros2_wk/install/mux/share/mux/package.xml
[0.367s] Invoked command in '/home/xander/firmware_overall/ros2_wk/build/mux' returned '0': CMAKE_PREFIX_PATH=${CMAKE_PREFIX_PATH}:/home/xander/ros2_ws/install/my_py_pkg:/opt/ros/humble /usr/bin/cmake --install /home/xander/firmware_overall/ros2_wk/build/mux
